-- The C compiler identification is GNU 11.4.0
-- The CXX compiler identification is GNU 11.4.0
-- Detecting C compiler ABI info
-- Detecting C compiler ABI info - done
-- Check for working C compiler: /usr/bin/cc - skipped
-- Detecting C compile features
-- Detecting C compile features - done
-- Detecting CXX compiler ABI info
-- Detecting CXX compiler ABI info - done
-- Check for working CXX compiler: /usr/bin/c++ - skipped
-- Detecting CXX compile features
-- Detecting CXX compile features - done
-- Found ament_cmake: 1.3.12 (/opt/ros/humble/share/ament_cmake/cmake)
-- Found Python3: /usr/bin/python3 (found version "3.10.12") found components: Interpreter
-- Override CMake install command with custom implementation using symlinks instead of copying resources
-- Found rclcpp: 16.0.17 (/opt/ros/humble/share/rclcpp/cmake)
-- Found rosidl_generator_c: 3.1.8 (/opt/ros/humble/share/rosidl_generator_c/cmake)
-- Found rosidl_adapter: 3.1.8 (/opt/ros/humble/share/rosidl_adapter/cmake)
-- Found rosidl_generator_cpp: 3.1.8 (/opt/ros/humble/share/rosidl_generator_cpp/cmake)
-- Using all available rosidl_typesupport_c: rosidl_typesupport_fastrtps_c;rosidl_typesupport_introspection_c
-- Using all available rosidl_typesupport_cpp: rosidl_typesupport_fastrtps_cpp;rosidl_typesupport_introspection_cpp
-- Found rmw_implementation_cmake: 6.1.2 (/opt/ros/humble/share/rmw_implementation_cmake/cmake)
-- Found rmw_fastrtps_cpp: 6.2.9 (/opt/ros/humble/share/rmw_fastrtps_cpp/cmake)
-- Found OpenSSL: /usr/lib/x86_64-linux-gnu/libcrypto.so (found version "3.0.2")
-- Found FastRTPS: /opt/ros/humble/include
-- Using RMW implementation 'rmw_fastrtps_cpp' as default
-- Performing Test CMAKE_HAVE_LIBC_PTHREAD
-- Performing Test CMAKE_HAVE_LIBC_PTHREAD - Success
-- Found Threads: TRUE
-- Found hardware_interface: 2.53.0 (/opt/ros/humble/share/hardware_interface/cmake)
-- Found moveit_msgs: 2.2.1 (/opt/ros/humble/share/moveit_msgs/cmake)
-- Configuring done (1.4s)
-- Generating done (0.0s)
-- Build files have been written to: /home/rainbow/rby1_fork_ws/build/rby1_hardware
[ 50%] [32mBuilding CXX object CMakeFiles/rby1_hardware.dir/src/rby1_hardware_interface.cpp.o[0m
[100%] [32m[1mLinking CXX shared library librby1_hardware.so[0m
[100%] Built target rby1_hardware
-- Install configuration: ""
-- Execute custom install script
-- Symlinking: /home/rainbow/rby1_fork_ws/install/rby1_hardware/lib/librby1_hardware.so
-- Symlinking: /home/rainbow/rby1_fork_ws/install/rby1_hardware/include/rby1_hardware/rby1_hardware_interface.hpp
-- Symlinking: /home/rainbow/rby1_fork_ws/install/rby1_hardware/share/rby1_hardware/rby1_hardware_plugins.xml
-- Up-to-date symlink: /home/rainbow/rby1_fork_ws/install/rby1_hardware/share/rby1_hardware//rby1_hardware_plugins.xml
-- Symlinking: /home/rainbow/rby1_fork_ws/install/rby1_hardware/share/ament_index/resource_index/package_run_dependencies/rby1_hardware
-- Symlinking: /home/rainbow/rby1_fork_ws/install/rby1_hardware/share/ament_index/resource_index/parent_prefix_path/rby1_hardware
-- Symlinking: /home/rainbow/rby1_fork_ws/install/rby1_hardware/share/rby1_hardware/environment/ament_prefix_path.sh
-- Symlinking: /home/rainbow/rby1_fork_ws/install/rby1_hardware/share/rby1_hardware/environment/ament_prefix_path.dsv
-- Symlinking: /home/rainbow/rby1_fork_ws/install/rby1_hardware/share/rby1_hardware/environment/path.sh
-- Symlinking: /home/rainbow/rby1_fork_ws/install/rby1_hardware/share/rby1_hardware/environment/path.dsv
-- Symlinking: /home/rainbow/rby1_fork_ws/install/rby1_hardware/share/rby1_hardware/local_setup.bash
-- Symlinking: /home/rainbow/rby1_fork_ws/install/rby1_hardware/share/rby1_hardware/local_setup.sh
-- Symlinking: /home/rainbow/rby1_fork_ws/install/rby1_hardware/share/rby1_hardware/local_setup.zsh
-- Symlinking: /home/rainbow/rby1_fork_ws/install/rby1_hardware/share/rby1_hardware/local_setup.dsv
-- Symlinking: /home/rainbow/rby1_fork_ws/install/rby1_hardware/share/rby1_hardware/package.dsv
-- Symlinking: /home/rainbow/rby1_fork_ws/install/rby1_hardware/share/ament_index/resource_index/packages/rby1_hardware
-- Symlinking: /home/rainbow/rby1_fork_ws/install/rby1_hardware/share/ament_index/resource_index/hardware_interface__pluginlib__plugin/rby1_hardware
-- Symlinking: /home/rainbow/rby1_fork_ws/install/rby1_hardware/share/rby1_hardware/cmake/rby1_hardwareConfig.cmake
-- Symlinking: /home/rainbow/rby1_fork_ws/install/rby1_hardware/share/rby1_hardware/cmake/rby1_hardwareConfig-version.cmake
-- Symlinking: /home/rainbow/rby1_fork_ws/install/rby1_hardware/share/rby1_hardware/package.xml
