-- The C compiler identification is GNU 11.4.0
-- The CXX compiler identification is GNU 11.4.0
-- Detecting C compiler ABI info
-- Detecting C compiler ABI info - done
-- Check for working C compiler: /usr/bin/cc - skipped
-- Detecting C compile features
-- Detecting C compile features - done
-- Detecting CXX compiler ABI info
-- Detecting CXX compiler ABI info - done
-- Check for working CXX compiler: /usr/bin/c++ - skipped
-- Detecting CXX compile features
-- Detecting CXX compile features - done
-- Found ament_cmake: 1.3.12 (/opt/ros/humble/share/ament_cmake/cmake)
-- Found Python3: /usr/bin/python3 (found version "3.10.12") found components: Interpreter
-- Override CMake install command with custom implementation using symlinks instead of copying resources
-- Configuring done (0.5s)
-- Generating done (0.0s)
-- Build files have been written to: /home/rainbow/rby1_fork_ws/build/RBY1_A_v1_1_moveit
-- Install configuration: ""
-- Execute custom install script
-- Symlinking: /home/rainbow/rby1_fork_ws/install/RBY1_A_v1_1_moveit/share/ament_index/resource_index/package_run_dependencies/RBY1_A_v1_1_moveit
-- Symlinking: /home/rainbow/rby1_fork_ws/install/RBY1_A_v1_1_moveit/share/ament_index/resource_index/parent_prefix_path/RBY1_A_v1_1_moveit
-- Symlinking: /home/rainbow/rby1_fork_ws/install/RBY1_A_v1_1_moveit/share/RBY1_A_v1_1_moveit/environment/ament_prefix_path.sh
-- Symlinking: /home/rainbow/rby1_fork_ws/install/RBY1_A_v1_1_moveit/share/RBY1_A_v1_1_moveit/environment/ament_prefix_path.dsv
-- Symlinking: /home/rainbow/rby1_fork_ws/install/RBY1_A_v1_1_moveit/share/RBY1_A_v1_1_moveit/environment/path.sh
-- Symlinking: /home/rainbow/rby1_fork_ws/install/RBY1_A_v1_1_moveit/share/RBY1_A_v1_1_moveit/environment/path.dsv
-- Symlinking: /home/rainbow/rby1_fork_ws/install/RBY1_A_v1_1_moveit/share/RBY1_A_v1_1_moveit/local_setup.bash
-- Symlinking: /home/rainbow/rby1_fork_ws/install/RBY1_A_v1_1_moveit/share/RBY1_A_v1_1_moveit/local_setup.sh
-- Symlinking: /home/rainbow/rby1_fork_ws/install/RBY1_A_v1_1_moveit/share/RBY1_A_v1_1_moveit/local_setup.zsh
-- Symlinking: /home/rainbow/rby1_fork_ws/install/RBY1_A_v1_1_moveit/share/RBY1_A_v1_1_moveit/local_setup.dsv
-- Symlinking: /home/rainbow/rby1_fork_ws/install/RBY1_A_v1_1_moveit/share/RBY1_A_v1_1_moveit/package.dsv
-- Symlinking: /home/rainbow/rby1_fork_ws/install/RBY1_A_v1_1_moveit/share/ament_index/resource_index/packages/RBY1_A_v1_1_moveit
-- Symlinking: /home/rainbow/rby1_fork_ws/install/RBY1_A_v1_1_moveit/share/RBY1_A_v1_1_moveit/cmake/RBY1_A_v1_1_moveitConfig.cmake
-- Symlinking: /home/rainbow/rby1_fork_ws/install/RBY1_A_v1_1_moveit/share/RBY1_A_v1_1_moveit/cmake/RBY1_A_v1_1_moveitConfig-version.cmake
-- Symlinking: /home/rainbow/rby1_fork_ws/install/RBY1_A_v1_1_moveit/share/RBY1_A_v1_1_moveit/package.xml
-- Symlinking: /home/rainbow/rby1_fork_ws/install/RBY1_A_v1_1_moveit/share/RBY1_A_v1_1_moveit/launch/demo.launch.py
-- Symlinking: /home/rainbow/rby1_fork_ws/install/RBY1_A_v1_1_moveit/share/RBY1_A_v1_1_moveit/launch/move_group.launch.py
-- Symlinking: /home/rainbow/rby1_fork_ws/install/RBY1_A_v1_1_moveit/share/RBY1_A_v1_1_moveit/launch/moveit_rviz.launch.py
-- Symlinking: /home/rainbow/rby1_fork_ws/install/RBY1_A_v1_1_moveit/share/RBY1_A_v1_1_moveit/launch/rsp.launch.py
-- Symlinking: /home/rainbow/rby1_fork_ws/install/RBY1_A_v1_1_moveit/share/RBY1_A_v1_1_moveit/launch/setup_assistant.launch.py
-- Symlinking: /home/rainbow/rby1_fork_ws/install/RBY1_A_v1_1_moveit/share/RBY1_A_v1_1_moveit/launch/spawn_controllers.launch.py
-- Symlinking: /home/rainbow/rby1_fork_ws/install/RBY1_A_v1_1_moveit/share/RBY1_A_v1_1_moveit/launch/static_virtual_joint_tfs.launch.py
-- Symlinking: /home/rainbow/rby1_fork_ws/install/RBY1_A_v1_1_moveit/share/RBY1_A_v1_1_moveit/launch/warehouse_db.launch.py
-- Symlinking: /home/rainbow/rby1_fork_ws/install/RBY1_A_v1_1_moveit/share/RBY1_A_v1_1_moveit/config/RBY1_A_v1_1.ros2_control.xacro
-- Symlinking: /home/rainbow/rby1_fork_ws/install/RBY1_A_v1_1_moveit/share/RBY1_A_v1_1_moveit/config/RBY1_A_v1_1.srdf
-- Symlinking: /home/rainbow/rby1_fork_ws/install/RBY1_A_v1_1_moveit/share/RBY1_A_v1_1_moveit/config/RBY1_A_v1_1.urdf.xacro
-- Symlinking: /home/rainbow/rby1_fork_ws/install/RBY1_A_v1_1_moveit/share/RBY1_A_v1_1_moveit/config/initial_positions.yaml
-- Symlinking: /home/rainbow/rby1_fork_ws/install/RBY1_A_v1_1_moveit/share/RBY1_A_v1_1_moveit/config/joint_limits.yaml
-- Symlinking: /home/rainbow/rby1_fork_ws/install/RBY1_A_v1_1_moveit/share/RBY1_A_v1_1_moveit/config/kinematics.yaml
-- Symlinking: /home/rainbow/rby1_fork_ws/install/RBY1_A_v1_1_moveit/share/RBY1_A_v1_1_moveit/config/moveit.rviz
-- Symlinking: /home/rainbow/rby1_fork_ws/install/RBY1_A_v1_1_moveit/share/RBY1_A_v1_1_moveit/config/moveit_controllers.yaml
-- Symlinking: /home/rainbow/rby1_fork_ws/install/RBY1_A_v1_1_moveit/share/RBY1_A_v1_1_moveit/config/pilz_cartesian_limits.yaml
-- Symlinking: /home/rainbow/rby1_fork_ws/install/RBY1_A_v1_1_moveit/share/RBY1_A_v1_1_moveit/config/ros2_controllers.yaml
-- Symlinking: /home/rainbow/rby1_fork_ws/install/RBY1_A_v1_1_moveit/share/RBY1_A_v1_1_moveit/.setup_assistant
