[0.045s] Invoking command in '/home/rainbow/rby1_fork_ws/build/rby1_hardware': CMAKE_PREFIX_PATH=${CMAKE_PREFIX_PATH}:/home/rainbow/rby1_fork_ws/install/rby1_subscriber_pkg:/home/rainbow/rby1_fork_ws/install/rby1_mobile_control:/home/rainbow/ws_moveit2/install/moveit_configs_utils:/home/rainbow/ws_moveit2/install/launch_param_builder:/home/rainbow/rby1_ros2_ws/install/rby1_subscriber_pkg:/home/rainbow/rby1_ros2_ws/install/rby1_mobile_control:/opt/ros/humble /opt/cmake/bin/cmake --build /home/rainbow/rby1_fork_ws/build/rby1_hardware -- -j16 -l16
[0.256s] [ 50%] [32mBuilding CXX object CMakeFiles/rby1_hardware.dir/src/rby1_hardware_interface.cpp.o[0m
[4.942s] [100%] [32m[1mLinking CXX shared library librby1_hardware.so[0m
[5.495s] [100%] Built target rby1_hardware
[5.500s] Invoked command in '/home/rainbow/rby1_fork_ws/build/rby1_hardware' returned '0': CMAKE_PREFIX_PATH=${CMAKE_PREFIX_PATH}:/home/rainbow/rby1_fork_ws/install/rby1_subscriber_pkg:/home/rainbow/rby1_fork_ws/install/rby1_mobile_control:/home/rainbow/ws_moveit2/install/moveit_configs_utils:/home/rainbow/ws_moveit2/install/launch_param_builder:/home/rainbow/rby1_ros2_ws/install/rby1_subscriber_pkg:/home/rainbow/rby1_ros2_ws/install/rby1_mobile_control:/opt/ros/humble /opt/cmake/bin/cmake --build /home/rainbow/rby1_fork_ws/build/rby1_hardware -- -j16 -l16
[5.501s] Invoking command in '/home/rainbow/rby1_fork_ws/build/rby1_hardware': CMAKE_PREFIX_PATH=${CMAKE_PREFIX_PATH}:/home/rainbow/rby1_fork_ws/install/rby1_subscriber_pkg:/home/rainbow/rby1_fork_ws/install/rby1_mobile_control:/home/rainbow/ws_moveit2/install/moveit_configs_utils:/home/rainbow/ws_moveit2/install/launch_param_builder:/home/rainbow/rby1_ros2_ws/install/rby1_subscriber_pkg:/home/rainbow/rby1_ros2_ws/install/rby1_mobile_control:/opt/ros/humble /opt/cmake/bin/cmake --install /home/rainbow/rby1_fork_ws/build/rby1_hardware
[5.503s] -- Install configuration: ""
[5.504s] -- Execute custom install script
[5.504s] -- Up-to-date symlink: /home/rainbow/rby1_fork_ws/install/rby1_hardware/lib/librby1_hardware.so
[5.505s] -- Up-to-date symlink: /home/rainbow/rby1_fork_ws/install/rby1_hardware/include/rby1_hardware/rby1_hardware_interface.hpp
[5.505s] -- Up-to-date symlink: /home/rainbow/rby1_fork_ws/install/rby1_hardware/share/rby1_hardware/rby1_hardware_plugins.xml
[5.505s] -- Up-to-date symlink: /home/rainbow/rby1_fork_ws/install/rby1_hardware/share/rby1_hardware//rby1_hardware_plugins.xml
[5.505s] -- Up-to-date symlink: /home/rainbow/rby1_fork_ws/install/rby1_hardware/share/ament_index/resource_index/package_run_dependencies/rby1_hardware
[5.506s] -- Up-to-date symlink: /home/rainbow/rby1_fork_ws/install/rby1_hardware/share/ament_index/resource_index/parent_prefix_path/rby1_hardware
[5.506s] -- Up-to-date symlink: /home/rainbow/rby1_fork_ws/install/rby1_hardware/share/rby1_hardware/environment/ament_prefix_path.sh
[5.506s] -- Up-to-date symlink: /home/rainbow/rby1_fork_ws/install/rby1_hardware/share/rby1_hardware/environment/ament_prefix_path.dsv
[5.507s] -- Up-to-date symlink: /home/rainbow/rby1_fork_ws/install/rby1_hardware/share/rby1_hardware/environment/path.sh
[5.507s] -- Up-to-date symlink: /home/rainbow/rby1_fork_ws/install/rby1_hardware/share/rby1_hardware/environment/path.dsv
[5.507s] -- Up-to-date symlink: /home/rainbow/rby1_fork_ws/install/rby1_hardware/share/rby1_hardware/local_setup.bash
[5.507s] -- Up-to-date symlink: /home/rainbow/rby1_fork_ws/install/rby1_hardware/share/rby1_hardware/local_setup.sh
[5.507s] -- Up-to-date symlink: /home/rainbow/rby1_fork_ws/install/rby1_hardware/share/rby1_hardware/local_setup.zsh
[5.507s] -- Up-to-date symlink: /home/rainbow/rby1_fork_ws/install/rby1_hardware/share/rby1_hardware/local_setup.dsv
[5.507s] -- Symlinking: /home/rainbow/rby1_fork_ws/install/rby1_hardware/share/rby1_hardware/package.dsv
[5.510s] -- Up-to-date symlink: /home/rainbow/rby1_fork_ws/install/rby1_hardware/share/ament_index/resource_index/packages/rby1_hardware
[5.510s] -- Up-to-date symlink: /home/rainbow/rby1_fork_ws/install/rby1_hardware/share/ament_index/resource_index/hardware_interface__pluginlib__plugin/rby1_hardware
[5.511s] -- Up-to-date symlink: /home/rainbow/rby1_fork_ws/install/rby1_hardware/share/rby1_hardware/cmake/rby1_hardwareConfig.cmake
[5.511s] -- Up-to-date symlink: /home/rainbow/rby1_fork_ws/install/rby1_hardware/share/rby1_hardware/cmake/rby1_hardwareConfig-version.cmake
[5.511s] -- Up-to-date symlink: /home/rainbow/rby1_fork_ws/install/rby1_hardware/share/rby1_hardware/package.xml
[5.513s] Invoked command in '/home/rainbow/rby1_fork_ws/build/rby1_hardware' returned '0': CMAKE_PREFIX_PATH=${CMAKE_PREFIX_PATH}:/home/rainbow/rby1_fork_ws/install/rby1_subscriber_pkg:/home/rainbow/rby1_fork_ws/install/rby1_mobile_control:/home/rainbow/ws_moveit2/install/moveit_configs_utils:/home/rainbow/ws_moveit2/install/launch_param_builder:/home/rainbow/rby1_ros2_ws/install/rby1_subscriber_pkg:/home/rainbow/rby1_ros2_ws/install/rby1_mobile_control:/opt/ros/humble /opt/cmake/bin/cmake --install /home/rainbow/rby1_fork_ws/build/rby1_hardware
