-- Install configuration: ""
-- Execute custom install script
-- Symlinking: /home/rainbow/rby1_fork_ws/install/rby1a_v1_0_moveit_config/share/ament_index/resource_index/package_run_dependencies/rby1a_v1_0_moveit_config
-- Symlinking: /home/rainbow/rby1_fork_ws/install/rby1a_v1_0_moveit_config/share/ament_index/resource_index/parent_prefix_path/rby1a_v1_0_moveit_config
-- Symlinking: /home/rainbow/rby1_fork_ws/install/rby1a_v1_0_moveit_config/share/rby1a_v1_0_moveit_config/environment/ament_prefix_path.sh
-- Symlinking: /home/rainbow/rby1_fork_ws/install/rby1a_v1_0_moveit_config/share/rby1a_v1_0_moveit_config/environment/ament_prefix_path.dsv
-- Symlinking: /home/rainbow/rby1_fork_ws/install/rby1a_v1_0_moveit_config/share/rby1a_v1_0_moveit_config/environment/path.sh
-- Symlinking: /home/rainbow/rby1_fork_ws/install/rby1a_v1_0_moveit_config/share/rby1a_v1_0_moveit_config/environment/path.dsv
-- Symlinking: /home/rainbow/rby1_fork_ws/install/rby1a_v1_0_moveit_config/share/rby1a_v1_0_moveit_config/local_setup.bash
-- Symlinking: /home/rainbow/rby1_fork_ws/install/rby1a_v1_0_moveit_config/share/rby1a_v1_0_moveit_config/local_setup.sh
-- Symlinking: /home/rainbow/rby1_fork_ws/install/rby1a_v1_0_moveit_config/share/rby1a_v1_0_moveit_config/local_setup.zsh
-- Symlinking: /home/rainbow/rby1_fork_ws/install/rby1a_v1_0_moveit_config/share/rby1a_v1_0_moveit_config/local_setup.dsv
-- Symlinking: /home/rainbow/rby1_fork_ws/install/rby1a_v1_0_moveit_config/share/rby1a_v1_0_moveit_config/package.dsv
-- Symlinking: /home/rainbow/rby1_fork_ws/install/rby1a_v1_0_moveit_config/share/ament_index/resource_index/packages/rby1a_v1_0_moveit_config
-- Symlinking: /home/rainbow/rby1_fork_ws/install/rby1a_v1_0_moveit_config/share/rby1a_v1_0_moveit_config/cmake/rby1a_v1_0_moveit_configConfig.cmake
-- Symlinking: /home/rainbow/rby1_fork_ws/install/rby1a_v1_0_moveit_config/share/rby1a_v1_0_moveit_config/cmake/rby1a_v1_0_moveit_configConfig-version.cmake
-- Symlinking: /home/rainbow/rby1_fork_ws/install/rby1a_v1_0_moveit_config/share/rby1a_v1_0_moveit_config/package.xml
-- Symlinking: /home/rainbow/rby1_fork_ws/install/rby1a_v1_0_moveit_config/share/rby1a_v1_0_moveit_config/launch/demo.launch.py
-- Symlinking: /home/rainbow/rby1_fork_ws/install/rby1a_v1_0_moveit_config/share/rby1a_v1_0_moveit_config/launch/move_group.launch.py
-- Symlinking: /home/rainbow/rby1_fork_ws/install/rby1a_v1_0_moveit_config/share/rby1a_v1_0_moveit_config/launch/moveit_rviz.launch.py
-- Symlinking: /home/rainbow/rby1_fork_ws/install/rby1a_v1_0_moveit_config/share/rby1a_v1_0_moveit_config/launch/rsp.launch.py
-- Symlinking: /home/rainbow/rby1_fork_ws/install/rby1a_v1_0_moveit_config/share/rby1a_v1_0_moveit_config/launch/setup_assistant.launch.py
-- Symlinking: /home/rainbow/rby1_fork_ws/install/rby1a_v1_0_moveit_config/share/rby1a_v1_0_moveit_config/launch/spawn_controllers.launch.py
-- Symlinking: /home/rainbow/rby1_fork_ws/install/rby1a_v1_0_moveit_config/share/rby1a_v1_0_moveit_config/launch/static_virtual_joint_tfs.launch.py
-- Symlinking: /home/rainbow/rby1_fork_ws/install/rby1a_v1_0_moveit_config/share/rby1a_v1_0_moveit_config/launch/warehouse_db.launch.py
-- Symlinking: /home/rainbow/rby1_fork_ws/install/rby1a_v1_0_moveit_config/share/rby1a_v1_0_moveit_config/config/RBY1_A_v1_0.ros2_control.xacro
-- Symlinking: /home/rainbow/rby1_fork_ws/install/rby1a_v1_0_moveit_config/share/rby1a_v1_0_moveit_config/config/RBY1_A_v1_0.srdf
-- Symlinking: /home/rainbow/rby1_fork_ws/install/rby1a_v1_0_moveit_config/share/rby1a_v1_0_moveit_config/config/RBY1_A_v1_0.urdf.xacro
-- Symlinking: /home/rainbow/rby1_fork_ws/install/rby1a_v1_0_moveit_config/share/rby1a_v1_0_moveit_config/config/initial_positions.yaml
-- Symlinking: /home/rainbow/rby1_fork_ws/install/rby1a_v1_0_moveit_config/share/rby1a_v1_0_moveit_config/config/joint_limits.yaml
-- Symlinking: /home/rainbow/rby1_fork_ws/install/rby1a_v1_0_moveit_config/share/rby1a_v1_0_moveit_config/config/kinematics.yaml
-- Symlinking: /home/rainbow/rby1_fork_ws/install/rby1a_v1_0_moveit_config/share/rby1a_v1_0_moveit_config/config/moveit.rviz
-- Symlinking: /home/rainbow/rby1_fork_ws/install/rby1a_v1_0_moveit_config/share/rby1a_v1_0_moveit_config/config/moveit_controllers.yaml
-- Symlinking: /home/rainbow/rby1_fork_ws/install/rby1a_v1_0_moveit_config/share/rby1a_v1_0_moveit_config/config/pilz_cartesian_limits.yaml
-- Symlinking: /home/rainbow/rby1_fork_ws/install/rby1a_v1_0_moveit_config/share/rby1a_v1_0_moveit_config/config/ros2_controllers.yaml
-- Symlinking: /home/rainbow/rby1_fork_ws/install/rby1a_v1_0_moveit_config/share/rby1a_v1_0_moveit_config/config/sensors_3d.yaml
-- Symlinking: /home/rainbow/rby1_fork_ws/install/rby1a_v1_0_moveit_config/share/rby1a_v1_0_moveit_config/.setup_assistant
