running develop
running egg_info
creating rby1_mobile_control.egg-info
writing rby1_mobile_control.egg-info/PKG-INFO
writing dependency_links to rby1_mobile_control.egg-info/dependency_links.txt
writing entry points to rby1_mobile_control.egg-info/entry_points.txt
writing requirements to rby1_mobile_control.egg-info/requires.txt
writing top-level names to rby1_mobile_control.egg-info/top_level.txt
writing manifest file 'rby1_mobile_control.egg-info/SOURCES.txt'
reading manifest file 'rby1_mobile_control.egg-info/SOURCES.txt'
writing manifest file 'rby1_mobile_control.egg-info/SOURCES.txt'
running build_ext
Creating /home/rainbow/rby1_fork_ws/install/rby1_mobile_control/lib/python3.10/site-packages/rby1-mobile-control.egg-link (link to .)
Installing mobile_publisher script to /home/rainbow/rby1_fork_ws/install/rby1_mobile_control/lib/rby1_mobile_control

Installed /home/rainbow/rby1_fork_ws/build/rby1_mobile_control
running symlink_data
creating /home/rainbow/rby1_fork_ws/install/rby1_mobile_control/share/ament_index
creating /home/rainbow/rby1_fork_ws/install/rby1_mobile_control/share/ament_index/resource_index
creating /home/rainbow/rby1_fork_ws/install/rby1_mobile_control/share/ament_index/resource_index/packages
symbolically linking /home/rainbow/rby1_fork_ws/build/rby1_mobile_control/resource/rby1_mobile_control -> /home/rainbow/rby1_fork_ws/install/rby1_mobile_control/share/ament_index/resource_index/packages
symbolically linking /home/rainbow/rby1_fork_ws/build/rby1_mobile_control/package.xml -> /home/rainbow/rby1_fork_ws/install/rby1_mobile_control/share/rby1_mobile_control
