[0.521s] Invoking command in '/home/rainbow/rby1_fork_ws/build/rby1_mobile_control': PYTHONPATH=/home/rainbow/rby1_fork_ws/build/rby1_mobile_control/prefix_override:/usr/lib/python3/dist-packages/colcon_core/task/python/colcon_distutils_commands:/home/rainbow/rby1_fork_ws/install/rby1_mobile_control/lib/python3.10/site-packages:${PYTHONPATH} /usr/bin/python3 -W ignore:setup.py install is deprecated -W ignore:easy_install command is deprecated setup.py develop --editable --build-directory /home/rainbow/rby1_fork_ws/build/rby1_mobile_control/build --no-deps symlink_data
[0.659s] running develop
[0.739s] running egg_info
[0.739s] creating rby1_mobile_control.egg-info
[0.739s] writing rby1_mobile_control.egg-info/PKG-INFO
[0.740s] writing dependency_links to rby1_mobile_control.egg-info/dependency_links.txt
[0.740s] writing entry points to rby1_mobile_control.egg-info/entry_points.txt
[0.740s] writing requirements to rby1_mobile_control.egg-info/requires.txt
[0.740s] writing top-level names to rby1_mobile_control.egg-info/top_level.txt
[0.740s] writing manifest file 'rby1_mobile_control.egg-info/SOURCES.txt'
[0.741s] reading manifest file 'rby1_mobile_control.egg-info/SOURCES.txt'
[0.741s] writing manifest file 'rby1_mobile_control.egg-info/SOURCES.txt'
[0.742s] running build_ext
[0.742s] Creating /home/rainbow/rby1_fork_ws/install/rby1_mobile_control/lib/python3.10/site-packages/rby1-mobile-control.egg-link (link to .)
[0.742s] Installing mobile_publisher script to /home/rainbow/rby1_fork_ws/install/rby1_mobile_control/lib/rby1_mobile_control
[0.742s] 
[0.742s] Installed /home/rainbow/rby1_fork_ws/build/rby1_mobile_control
[0.742s] running symlink_data
[0.742s] creating /home/rainbow/rby1_fork_ws/install/rby1_mobile_control/share/ament_index
[0.742s] creating /home/rainbow/rby1_fork_ws/install/rby1_mobile_control/share/ament_index/resource_index
[0.743s] creating /home/rainbow/rby1_fork_ws/install/rby1_mobile_control/share/ament_index/resource_index/packages
[0.743s] symbolically linking /home/rainbow/rby1_fork_ws/build/rby1_mobile_control/resource/rby1_mobile_control -> /home/rainbow/rby1_fork_ws/install/rby1_mobile_control/share/ament_index/resource_index/packages
[0.743s] symbolically linking /home/rainbow/rby1_fork_ws/build/rby1_mobile_control/package.xml -> /home/rainbow/rby1_fork_ws/install/rby1_mobile_control/share/rby1_mobile_control
[0.763s] Invoked command in '/home/rainbow/rby1_fork_ws/build/rby1_mobile_control' returned '0': PYTHONPATH=/home/rainbow/rby1_fork_ws/build/rby1_mobile_control/prefix_override:/usr/lib/python3/dist-packages/colcon_core/task/python/colcon_distutils_commands:/home/rainbow/rby1_fork_ws/install/rby1_mobile_control/lib/python3.10/site-packages:${PYTHONPATH} /usr/bin/python3 -W ignore:setup.py install is deprecated -W ignore:easy_install command is deprecated setup.py develop --editable --build-directory /home/rainbow/rby1_fork_ws/build/rby1_mobile_control/build --no-deps symlink_data
