[0.071s] DEBUG:colcon:Command line arguments: ['/usr/bin/colcon', 'build', '--symlink-install', '--packages-select', 'rby1a_v1_1_moveit']
[0.071s] DEBUG:colcon:Parsed command line arguments: Namespace(log_base=None, log_level=None, verb_name='build', build_base='build', install_base='install', merge_install=False, symlink_install=True, test_result_base=None, continue_on_error=False, executor='parallel', parallel_workers=16, event_handlers=None, ignore_user_meta=False, metas=['./colcon.meta'], base_paths=['.'], packages_ignore=None, packages_ignore_regex=None, paths=None, packages_up_to=None, packages_up_to_regex=None, packages_above=None, packages_above_and_dependencies=None, packages_above_depth=None, packages_select_by_dep=None, packages_skip_by_dep=None, packages_skip_up_to=None, packages_select_build_failed=False, packages_skip_build_finished=False, packages_select_test_failures=False, packages_skip_test_passed=False, packages_select=['rby1a_v1_1_moveit'], packages_skip=None, packages_select_regex=None, packages_skip_regex=None, packages_start=None, packages_end=None, allow_overriding=[], cmake_args=None, cmake_target=None, cmake_target_skip_unavailable=False, cmake_clean_cache=False, cmake_clean_first=False, cmake_force_configure=False, ament_cmake_args=None, catkin_cmake_args=None, catkin_skip_building_tests=False, mixin_files=None, mixin=None, verb_parser=<colcon_mixin.mixin.mixin_argument.MixinArgumentDecorator object at 0x71e933791240>, verb_extension=<colcon_core.verb.build.BuildVerb object at 0x71e9337128f0>, main=<bound method BuildVerb.main of <colcon_core.verb.build.BuildVerb object at 0x71e9337128f0>>, mixin_verb=('build',))
[0.166s] Level 1:colcon.colcon_core.package_discovery:discover_packages(colcon_meta) check parameters
[0.166s] Level 1:colcon.colcon_core.package_discovery:discover_packages(recursive) check parameters
[0.166s] Level 1:colcon.colcon_core.package_discovery:discover_packages(ignore) check parameters
[0.166s] Level 1:colcon.colcon_core.package_discovery:discover_packages(path) check parameters
[0.166s] Level 1:colcon.colcon_core.package_discovery:discover_packages(colcon_meta) discover
[0.166s] Level 1:colcon.colcon_core.package_discovery:discover_packages(recursive) discover
[0.166s] INFO:colcon.colcon_core.package_discovery:Crawling recursively for packages in '/home/rainbow/rby1_fork_ws'
[0.166s] Level 1:colcon.colcon_core.package_identification:_identify(.) by extensions ['ignore', 'ignore_ament_install']
[0.166s] Level 1:colcon.colcon_core.package_identification:_identify(.) by extension 'ignore'
[0.166s] Level 1:colcon.colcon_core.package_identification:_identify(.) by extension 'ignore_ament_install'
[0.166s] Level 1:colcon.colcon_core.package_identification:_identify(.) by extensions ['colcon_pkg']
[0.166s] Level 1:colcon.colcon_core.package_identification:_identify(.) by extension 'colcon_pkg'
[0.167s] Level 1:colcon.colcon_core.package_identification:_identify(.) by extensions ['colcon_meta']
[0.167s] Level 1:colcon.colcon_core.package_identification:_identify(.) by extension 'colcon_meta'
[0.167s] Level 1:colcon.colcon_core.package_identification:_identify(.) by extensions ['ros']
[0.167s] Level 1:colcon.colcon_core.package_identification:_identify(.) by extension 'ros'
[0.188s] Level 1:colcon.colcon_core.package_identification:_identify(.) by extensions ['cmake', 'python']
[0.188s] Level 1:colcon.colcon_core.package_identification:_identify(.) by extension 'cmake'
[0.188s] Level 1:colcon.colcon_core.package_identification:_identify(.) by extension 'python'
[0.188s] Level 1:colcon.colcon_core.package_identification:_identify(.) by extensions ['python_setup_py']
[0.188s] Level 1:colcon.colcon_core.package_identification:_identify(.) by extension 'python_setup_py'
[0.188s] Level 1:colcon.colcon_core.package_identification:_identify(build) by extensions ['ignore', 'ignore_ament_install']
[0.188s] Level 1:colcon.colcon_core.package_identification:_identify(build) by extension 'ignore'
[0.188s] Level 1:colcon.colcon_core.package_identification:_identify(build) ignored
[0.188s] Level 1:colcon.colcon_core.package_identification:_identify(install) by extensions ['ignore', 'ignore_ament_install']
[0.188s] Level 1:colcon.colcon_core.package_identification:_identify(install) by extension 'ignore'
[0.189s] Level 1:colcon.colcon_core.package_identification:_identify(install) ignored
[0.189s] Level 1:colcon.colcon_core.package_identification:_identify(log) by extensions ['ignore', 'ignore_ament_install']
[0.189s] Level 1:colcon.colcon_core.package_identification:_identify(log) by extension 'ignore'
[0.189s] Level 1:colcon.colcon_core.package_identification:_identify(log) ignored
[0.189s] Level 1:colcon.colcon_core.package_identification:_identify(src) by extensions ['ignore', 'ignore_ament_install']
[0.189s] Level 1:colcon.colcon_core.package_identification:_identify(src) by extension 'ignore'
[0.189s] Level 1:colcon.colcon_core.package_identification:_identify(src) by extension 'ignore_ament_install'
[0.189s] Level 1:colcon.colcon_core.package_identification:_identify(src) by extensions ['colcon_pkg']
[0.189s] Level 1:colcon.colcon_core.package_identification:_identify(src) by extension 'colcon_pkg'
[0.189s] Level 1:colcon.colcon_core.package_identification:_identify(src) by extensions ['colcon_meta']
[0.189s] Level 1:colcon.colcon_core.package_identification:_identify(src) by extension 'colcon_meta'
[0.189s] Level 1:colcon.colcon_core.package_identification:_identify(src) by extensions ['ros']
[0.189s] Level 1:colcon.colcon_core.package_identification:_identify(src) by extension 'ros'
[0.189s] Level 1:colcon.colcon_core.package_identification:_identify(src) by extensions ['cmake', 'python']
[0.189s] Level 1:colcon.colcon_core.package_identification:_identify(src) by extension 'cmake'
[0.189s] Level 1:colcon.colcon_core.package_identification:_identify(src) by extension 'python'
[0.189s] Level 1:colcon.colcon_core.package_identification:_identify(src) by extensions ['python_setup_py']
[0.189s] Level 1:colcon.colcon_core.package_identification:_identify(src) by extension 'python_setup_py'
[0.189s] Level 1:colcon.colcon_core.package_identification:_identify(src/rby1_bringup) by extensions ['ignore', 'ignore_ament_install']
[0.189s] Level 1:colcon.colcon_core.package_identification:_identify(src/rby1_bringup) by extension 'ignore'
[0.189s] Level 1:colcon.colcon_core.package_identification:_identify(src/rby1_bringup) by extension 'ignore_ament_install'
[0.189s] Level 1:colcon.colcon_core.package_identification:_identify(src/rby1_bringup) by extensions ['colcon_pkg']
[0.189s] Level 1:colcon.colcon_core.package_identification:_identify(src/rby1_bringup) by extension 'colcon_pkg'
[0.189s] Level 1:colcon.colcon_core.package_identification:_identify(src/rby1_bringup) by extensions ['colcon_meta']
[0.189s] Level 1:colcon.colcon_core.package_identification:_identify(src/rby1_bringup) by extension 'colcon_meta'
[0.189s] Level 1:colcon.colcon_core.package_identification:_identify(src/rby1_bringup) by extensions ['ros']
[0.189s] Level 1:colcon.colcon_core.package_identification:_identify(src/rby1_bringup) by extension 'ros'
[0.191s] DEBUG:colcon.colcon_core.package_identification:Package 'src/rby1_bringup' with type 'ros.ament_cmake' and name 'rby1_bringup'
[0.191s] Level 1:colcon.colcon_core.package_identification:_identify(src/rby1_description) by extensions ['ignore', 'ignore_ament_install']
[0.191s] Level 1:colcon.colcon_core.package_identification:_identify(src/rby1_description) by extension 'ignore'
[0.191s] Level 1:colcon.colcon_core.package_identification:_identify(src/rby1_description) by extension 'ignore_ament_install'
[0.191s] Level 1:colcon.colcon_core.package_identification:_identify(src/rby1_description) by extensions ['colcon_pkg']
[0.191s] Level 1:colcon.colcon_core.package_identification:_identify(src/rby1_description) by extension 'colcon_pkg'
[0.191s] Level 1:colcon.colcon_core.package_identification:_identify(src/rby1_description) by extensions ['colcon_meta']
[0.191s] Level 1:colcon.colcon_core.package_identification:_identify(src/rby1_description) by extension 'colcon_meta'
[0.191s] Level 1:colcon.colcon_core.package_identification:_identify(src/rby1_description) by extensions ['ros']
[0.191s] Level 1:colcon.colcon_core.package_identification:_identify(src/rby1_description) by extension 'ros'
[0.192s] DEBUG:colcon.colcon_core.package_identification:Package 'src/rby1_description' with type 'ros.ament_cmake' and name 'rby1_description'
[0.192s] Level 1:colcon.colcon_core.package_identification:_identify(src/rby1_hardware) by extensions ['ignore', 'ignore_ament_install']
[0.192s] Level 1:colcon.colcon_core.package_identification:_identify(src/rby1_hardware) by extension 'ignore'
[0.192s] Level 1:colcon.colcon_core.package_identification:_identify(src/rby1_hardware) by extension 'ignore_ament_install'
[0.192s] Level 1:colcon.colcon_core.package_identification:_identify(src/rby1_hardware) by extensions ['colcon_pkg']
[0.192s] Level 1:colcon.colcon_core.package_identification:_identify(src/rby1_hardware) by extension 'colcon_pkg'
[0.192s] Level 1:colcon.colcon_core.package_identification:_identify(src/rby1_hardware) by extensions ['colcon_meta']
[0.192s] Level 1:colcon.colcon_core.package_identification:_identify(src/rby1_hardware) by extension 'colcon_meta'
[0.192s] Level 1:colcon.colcon_core.package_identification:_identify(src/rby1_hardware) by extensions ['ros']
[0.192s] Level 1:colcon.colcon_core.package_identification:_identify(src/rby1_hardware) by extension 'ros'
[0.192s] DEBUG:colcon.colcon_core.package_identification:Package 'src/rby1_hardware' with type 'ros.ament_cmake' and name 'rby1_hardware'
[0.192s] Level 1:colcon.colcon_core.package_identification:_identify(src/rby1_mobile_control) by extensions ['ignore', 'ignore_ament_install']
[0.192s] Level 1:colcon.colcon_core.package_identification:_identify(src/rby1_mobile_control) by extension 'ignore'
[0.192s] Level 1:colcon.colcon_core.package_identification:_identify(src/rby1_mobile_control) by extension 'ignore_ament_install'
[0.193s] Level 1:colcon.colcon_core.package_identification:_identify(src/rby1_mobile_control) by extensions ['colcon_pkg']
[0.193s] Level 1:colcon.colcon_core.package_identification:_identify(src/rby1_mobile_control) by extension 'colcon_pkg'
[0.193s] Level 1:colcon.colcon_core.package_identification:_identify(src/rby1_mobile_control) by extensions ['colcon_meta']
[0.193s] Level 1:colcon.colcon_core.package_identification:_identify(src/rby1_mobile_control) by extension 'colcon_meta'
[0.193s] Level 1:colcon.colcon_core.package_identification:_identify(src/rby1_mobile_control) by extensions ['ros']
[0.193s] Level 1:colcon.colcon_core.package_identification:_identify(src/rby1_mobile_control) by extension 'ros'
[0.193s] DEBUG:colcon.colcon_core.package_identification:Package 'src/rby1_mobile_control' with type 'ros.ament_python' and name 'rby1_mobile_control'
[0.193s] Level 1:colcon.colcon_core.package_identification:_identify(src/rby1_moveit) by extensions ['ignore', 'ignore_ament_install']
[0.193s] Level 1:colcon.colcon_core.package_identification:_identify(src/rby1_moveit) by extension 'ignore'
[0.193s] Level 1:colcon.colcon_core.package_identification:_identify(src/rby1_moveit) by extension 'ignore_ament_install'
[0.193s] Level 1:colcon.colcon_core.package_identification:_identify(src/rby1_moveit) by extensions ['colcon_pkg']
[0.193s] Level 1:colcon.colcon_core.package_identification:_identify(src/rby1_moveit) by extension 'colcon_pkg'
[0.193s] Level 1:colcon.colcon_core.package_identification:_identify(src/rby1_moveit) by extensions ['colcon_meta']
[0.193s] Level 1:colcon.colcon_core.package_identification:_identify(src/rby1_moveit) by extension 'colcon_meta'
[0.193s] Level 1:colcon.colcon_core.package_identification:_identify(src/rby1_moveit) by extensions ['ros']
[0.193s] Level 1:colcon.colcon_core.package_identification:_identify(src/rby1_moveit) by extension 'ros'
[0.193s] Level 1:colcon.colcon_core.package_identification:_identify(src/rby1_moveit) by extensions ['cmake', 'python']
[0.193s] Level 1:colcon.colcon_core.package_identification:_identify(src/rby1_moveit) by extension 'cmake'
[0.193s] Level 1:colcon.colcon_core.package_identification:_identify(src/rby1_moveit) by extension 'python'
[0.193s] Level 1:colcon.colcon_core.package_identification:_identify(src/rby1_moveit) by extensions ['python_setup_py']
[0.194s] Level 1:colcon.colcon_core.package_identification:_identify(src/rby1_moveit) by extension 'python_setup_py'
[0.194s] Level 1:colcon.colcon_core.package_identification:_identify(src/rby1_moveit/rby1a_v1_0_moveit_config) by extensions ['ignore', 'ignore_ament_install']
[0.194s] Level 1:colcon.colcon_core.package_identification:_identify(src/rby1_moveit/rby1a_v1_0_moveit_config) by extension 'ignore'
[0.194s] Level 1:colcon.colcon_core.package_identification:_identify(src/rby1_moveit/rby1a_v1_0_moveit_config) by extension 'ignore_ament_install'
[0.194s] Level 1:colcon.colcon_core.package_identification:_identify(src/rby1_moveit/rby1a_v1_0_moveit_config) by extensions ['colcon_pkg']
[0.194s] Level 1:colcon.colcon_core.package_identification:_identify(src/rby1_moveit/rby1a_v1_0_moveit_config) by extension 'colcon_pkg'
[0.194s] Level 1:colcon.colcon_core.package_identification:_identify(src/rby1_moveit/rby1a_v1_0_moveit_config) by extensions ['colcon_meta']
[0.194s] Level 1:colcon.colcon_core.package_identification:_identify(src/rby1_moveit/rby1a_v1_0_moveit_config) by extension 'colcon_meta'
[0.194s] Level 1:colcon.colcon_core.package_identification:_identify(src/rby1_moveit/rby1a_v1_0_moveit_config) by extensions ['ros']
[0.194s] Level 1:colcon.colcon_core.package_identification:_identify(src/rby1_moveit/rby1a_v1_0_moveit_config) by extension 'ros'
[0.194s] DEBUG:colcon.colcon_core.package_identification:Package 'src/rby1_moveit/rby1a_v1_0_moveit_config' with type 'ros.ament_cmake' and name 'rby1a_v1_0_moveit_config'
[0.194s] Level 1:colcon.colcon_core.package_identification:_identify(src/rby1_moveit/rby1a_v1_1_moveit) by extensions ['ignore', 'ignore_ament_install']
[0.194s] Level 1:colcon.colcon_core.package_identification:_identify(src/rby1_moveit/rby1a_v1_1_moveit) by extension 'ignore'
[0.194s] Level 1:colcon.colcon_core.package_identification:_identify(src/rby1_moveit/rby1a_v1_1_moveit) by extension 'ignore_ament_install'
[0.194s] Level 1:colcon.colcon_core.package_identification:_identify(src/rby1_moveit/rby1a_v1_1_moveit) by extensions ['colcon_pkg']
[0.195s] Level 1:colcon.colcon_core.package_identification:_identify(src/rby1_moveit/rby1a_v1_1_moveit) by extension 'colcon_pkg'
[0.195s] Level 1:colcon.colcon_core.package_identification:_identify(src/rby1_moveit/rby1a_v1_1_moveit) by extensions ['colcon_meta']
[0.195s] Level 1:colcon.colcon_core.package_identification:_identify(src/rby1_moveit/rby1a_v1_1_moveit) by extension 'colcon_meta'
[0.195s] Level 1:colcon.colcon_core.package_identification:_identify(src/rby1_moveit/rby1a_v1_1_moveit) by extensions ['ros']
[0.195s] Level 1:colcon.colcon_core.package_identification:_identify(src/rby1_moveit/rby1a_v1_1_moveit) by extension 'ros'
[0.195s] DEBUG:colcon.colcon_core.package_identification:Package 'src/rby1_moveit/rby1a_v1_1_moveit' with type 'ros.ament_cmake' and name 'rby1a_v1_1_moveit'
[0.196s] Level 1:colcon.colcon_core.package_identification:_identify(src/rby1_moveit/rby1a_v1_1_moveit_config) by extensions ['ignore', 'ignore_ament_install']
[0.196s] Level 1:colcon.colcon_core.package_identification:_identify(src/rby1_moveit/rby1a_v1_1_moveit_config) by extension 'ignore'
[0.196s] Level 1:colcon.colcon_core.package_identification:_identify(src/rby1_moveit/rby1a_v1_1_moveit_config) by extension 'ignore_ament_install'
[0.196s] Level 1:colcon.colcon_core.package_identification:_identify(src/rby1_moveit/rby1a_v1_1_moveit_config) by extensions ['colcon_pkg']
[0.196s] Level 1:colcon.colcon_core.package_identification:_identify(src/rby1_moveit/rby1a_v1_1_moveit_config) by extension 'colcon_pkg'
[0.196s] Level 1:colcon.colcon_core.package_identification:_identify(src/rby1_moveit/rby1a_v1_1_moveit_config) by extensions ['colcon_meta']
[0.196s] Level 1:colcon.colcon_core.package_identification:_identify(src/rby1_moveit/rby1a_v1_1_moveit_config) by extension 'colcon_meta'
[0.196s] Level 1:colcon.colcon_core.package_identification:_identify(src/rby1_moveit/rby1a_v1_1_moveit_config) by extensions ['ros']
[0.196s] Level 1:colcon.colcon_core.package_identification:_identify(src/rby1_moveit/rby1a_v1_1_moveit_config) by extension 'ros'
[0.196s] DEBUG:colcon.colcon_core.package_identification:Package 'src/rby1_moveit/rby1a_v1_1_moveit_config' with type 'ros.ament_cmake' and name 'rby1a_v1_1_moveit_config'
[0.196s] Level 1:colcon.colcon_core.package_identification:_identify(src/rby1_moveit_config) by extensions ['ignore', 'ignore_ament_install']
[0.196s] Level 1:colcon.colcon_core.package_identification:_identify(src/rby1_moveit_config) by extension 'ignore'
[0.196s] Level 1:colcon.colcon_core.package_identification:_identify(src/rby1_moveit_config) by extension 'ignore_ament_install'
[0.196s] Level 1:colcon.colcon_core.package_identification:_identify(src/rby1_moveit_config) by extensions ['colcon_pkg']
[0.197s] Level 1:colcon.colcon_core.package_identification:_identify(src/rby1_moveit_config) by extension 'colcon_pkg'
[0.197s] Level 1:colcon.colcon_core.package_identification:_identify(src/rby1_moveit_config) by extensions ['colcon_meta']
[0.197s] Level 1:colcon.colcon_core.package_identification:_identify(src/rby1_moveit_config) by extension 'colcon_meta'
[0.197s] Level 1:colcon.colcon_core.package_identification:_identify(src/rby1_moveit_config) by extensions ['ros']
[0.197s] Level 1:colcon.colcon_core.package_identification:_identify(src/rby1_moveit_config) by extension 'ros'
[0.197s] DEBUG:colcon.colcon_core.package_identification:Package 'src/rby1_moveit_config' with type 'ros.ament_cmake' and name 'rby1_moveit_config'
[0.197s] Level 1:colcon.colcon_core.package_identification:_identify(src/rby1_subscriber_pkg) by extensions ['ignore', 'ignore_ament_install']
[0.197s] Level 1:colcon.colcon_core.package_identification:_identify(src/rby1_subscriber_pkg) by extension 'ignore'
[0.197s] Level 1:colcon.colcon_core.package_identification:_identify(src/rby1_subscriber_pkg) by extension 'ignore_ament_install'
[0.197s] Level 1:colcon.colcon_core.package_identification:_identify(src/rby1_subscriber_pkg) by extensions ['colcon_pkg']
[0.197s] Level 1:colcon.colcon_core.package_identification:_identify(src/rby1_subscriber_pkg) by extension 'colcon_pkg'
[0.197s] Level 1:colcon.colcon_core.package_identification:_identify(src/rby1_subscriber_pkg) by extensions ['colcon_meta']
[0.197s] Level 1:colcon.colcon_core.package_identification:_identify(src/rby1_subscriber_pkg) by extension 'colcon_meta'
[0.197s] Level 1:colcon.colcon_core.package_identification:_identify(src/rby1_subscriber_pkg) by extensions ['ros']
[0.197s] Level 1:colcon.colcon_core.package_identification:_identify(src/rby1_subscriber_pkg) by extension 'ros'
[0.198s] DEBUG:colcon.colcon_core.package_identification:Package 'src/rby1_subscriber_pkg' with type 'ros.ament_python' and name 'rby1_subscriber_pkg'
[0.198s] Level 1:colcon.colcon_core.package_discovery:discover_packages(recursive) using defaults
[0.198s] Level 1:colcon.colcon_core.package_discovery:discover_packages(ignore) discover
[0.198s] Level 1:colcon.colcon_core.package_discovery:discover_packages(ignore) using defaults
[0.198s] Level 1:colcon.colcon_core.package_discovery:discover_packages(path) discover
[0.198s] Level 1:colcon.colcon_core.package_discovery:discover_packages(path) using defaults
[0.210s] INFO:colcon.colcon_core.package_selection:Skipping not selected package 'rby1_description' in 'src/rby1_description'
[0.210s] INFO:colcon.colcon_core.package_selection:Skipping not selected package 'rby1_hardware' in 'src/rby1_hardware'
[0.210s] INFO:colcon.colcon_core.package_selection:Skipping not selected package 'rby1_mobile_control' in 'src/rby1_mobile_control'
[0.210s] INFO:colcon.colcon_core.package_selection:Skipping not selected package 'rby1_subscriber_pkg' in 'src/rby1_subscriber_pkg'
[0.210s] INFO:colcon.colcon_core.package_selection:Skipping not selected package 'rby1_moveit_config' in 'src/rby1_moveit_config'
[0.210s] INFO:colcon.colcon_core.package_selection:Skipping not selected package 'rby1a_v1_0_moveit_config' in 'src/rby1_moveit/rby1a_v1_0_moveit_config'
[0.210s] INFO:colcon.colcon_core.package_selection:Skipping not selected package 'rby1a_v1_1_moveit_config' in 'src/rby1_moveit/rby1a_v1_1_moveit_config'
[0.210s] INFO:colcon.colcon_core.package_selection:Skipping not selected package 'rby1_bringup' in 'src/rby1_bringup'
[0.211s] Level 1:colcon.colcon_core.package_discovery:discover_packages(prefix_path) check parameters
[0.211s] Level 1:colcon.colcon_core.package_discovery:discover_packages(prefix_path) discover
[0.211s] WARNING:colcon.colcon_ros.prefix_path.ament:The path '/home/rainbow/rby1_fork_ws/install/rby1a_v1_1_moveit' in the environment variable AMENT_PREFIX_PATH doesn't exist
[0.211s] WARNING:colcon.colcon_ros.prefix_path.ament:The path '/home/rainbow/rby1_fork_ws/install/RBY1_A_v1_1_moveit' in the environment variable AMENT_PREFIX_PATH doesn't exist
[0.211s] WARNING:colcon.colcon_ros.prefix_path.ament:The path '/home/rainbow/rby1_fork_ws/install/rby1a_v1_1_moveit_config' in the environment variable AMENT_PREFIX_PATH doesn't exist
[0.213s] WARNING:colcon.colcon_ros.prefix_path.catkin:The path '/home/rainbow/rby1_fork_ws/install/rby1a_v1_1_moveit' in the environment variable CMAKE_PREFIX_PATH doesn't exist
[0.213s] WARNING:colcon.colcon_ros.prefix_path.catkin:The path '/home/rainbow/rby1_fork_ws/install/RBY1_A_v1_1_moveit' in the environment variable CMAKE_PREFIX_PATH doesn't exist
[0.213s] WARNING:colcon.colcon_ros.prefix_path.catkin:The path '/home/rainbow/rby1_fork_ws/install/rby1a_v1_1_moveit_config' in the environment variable CMAKE_PREFIX_PATH doesn't exist
[0.213s] DEBUG:colcon.colcon_installed_package_information.package_discovery:Found 6 installed packages in /home/rainbow/rby1_fork_ws/install
[0.215s] DEBUG:colcon.colcon_installed_package_information.package_discovery:Found 56 installed packages in /home/rainbow/ws_moveit2/install
[0.215s] DEBUG:colcon.colcon_installed_package_information.package_discovery:Found 6 installed packages in /home/rainbow/rby1_ros2_ws/install
[0.216s] DEBUG:colcon.colcon_installed_package_information.package_discovery:Found 0 installed packages in /home/rainbow/test_ws/install
[0.217s] DEBUG:colcon.colcon_installed_package_information.package_discovery:Found 368 installed packages in /opt/ros/humble
[0.219s] Level 1:colcon.colcon_core.package_discovery:discover_packages(prefix_path) using defaults
[0.247s] Level 5:colcon.colcon_core.verb:set package 'rby1a_v1_1_moveit' build argument 'cmake_args' from command line to 'None'
[0.247s] Level 5:colcon.colcon_core.verb:set package 'rby1a_v1_1_moveit' build argument 'cmake_target' from command line to 'None'
[0.247s] Level 5:colcon.colcon_core.verb:set package 'rby1a_v1_1_moveit' build argument 'cmake_target_skip_unavailable' from command line to 'False'
[0.247s] Level 5:colcon.colcon_core.verb:set package 'rby1a_v1_1_moveit' build argument 'cmake_clean_cache' from command line to 'False'
[0.247s] Level 5:colcon.colcon_core.verb:set package 'rby1a_v1_1_moveit' build argument 'cmake_clean_first' from command line to 'False'
[0.247s] Level 5:colcon.colcon_core.verb:set package 'rby1a_v1_1_moveit' build argument 'cmake_force_configure' from command line to 'False'
[0.247s] Level 5:colcon.colcon_core.verb:set package 'rby1a_v1_1_moveit' build argument 'ament_cmake_args' from command line to 'None'
[0.247s] Level 5:colcon.colcon_core.verb:set package 'rby1a_v1_1_moveit' build argument 'catkin_cmake_args' from command line to 'None'
[0.247s] Level 5:colcon.colcon_core.verb:set package 'rby1a_v1_1_moveit' build argument 'catkin_skip_building_tests' from command line to 'False'
[0.247s] DEBUG:colcon.colcon_core.verb:Building package 'rby1a_v1_1_moveit' with the following arguments: {'ament_cmake_args': None, 'build_base': '/home/rainbow/rby1_fork_ws/build/rby1a_v1_1_moveit', 'catkin_cmake_args': None, 'catkin_skip_building_tests': False, 'cmake_args': None, 'cmake_clean_cache': False, 'cmake_clean_first': False, 'cmake_force_configure': False, 'cmake_target': None, 'cmake_target_skip_unavailable': False, 'install_base': '/home/rainbow/rby1_fork_ws/install/rby1a_v1_1_moveit', 'merge_install': False, 'path': '/home/rainbow/rby1_fork_ws/src/rby1_moveit/rby1a_v1_1_moveit', 'symlink_install': True, 'test_result_base': None}
[0.248s] INFO:colcon.colcon_core.executor:Executing jobs using 'parallel' executor
[0.248s] DEBUG:colcon.colcon_parallel_executor.executor.parallel:run_until_complete
[0.248s] INFO:colcon.colcon_ros.task.ament_cmake.build:Building ROS package in '/home/rainbow/rby1_fork_ws/src/rby1_moveit/rby1a_v1_1_moveit' with build type 'ament_cmake'
[0.248s] INFO:colcon.colcon_cmake.task.cmake.build:Building CMake package in '/home/rainbow/rby1_fork_ws/src/rby1_moveit/rby1a_v1_1_moveit'
[0.250s] INFO:colcon.colcon_core.plugin_system:Skipping extension 'colcon_core.shell.bat': Not used on non-Windows systems
[0.250s] INFO:colcon.colcon_core.shell:Skip shell extension 'powershell' for command environment: Not usable outside of PowerShell
[0.250s] DEBUG:colcon.colcon_core.shell:Skip shell extension 'dsv' for command environment
[0.261s] DEBUG:colcon.colcon_core.event_handler.log_command:Invoking command in '/home/rainbow/rby1_fork_ws/build/rby1a_v1_1_moveit': CMAKE_PREFIX_PATH=/home/rainbow/rby1_fork_ws/install/rby1_description:/home/rainbow/rby1_fork_ws/install/rby1a_v1_1_moveit:/home/rainbow/rby1_fork_ws/install/RBY1_A_v1_1_moveit:/home/rainbow/rby1_fork_ws/install/rby1a_v1_1_moveit_config:/home/rainbow/rby1_fork_ws/install/rby1a_v1_0_moveit_config:/home/rainbow/rby1_fork_ws/install/rby1_bringup:/home/rainbow/rby1_fork_ws/install/rby1_moveit_config:/home/rainbow/rby1_fork_ws/install/rby1_hardware:/home/rainbow/ws_moveit2/install/pilz_industrial_motion_planner_testutils:/home/rainbow/ws_moveit2/install/moveit_runtime:/home/rainbow/ws_moveit2/install/moveit2_tutorials:/home/rainbow/ws_moveit2/install/moveit:/home/rainbow/ws_moveit2/install/moveit_planners:/home/rainbow/ws_moveit2/install/pilz_industrial_motion_planner:/home/rainbow/ws_moveit2/install/moveit_visual_tools:/home/rainbow/ws_moveit2/install/moveit_task_constructor_visualization:/home/rainbow/ws_moveit2/install/moveit_task_constructor_demo:/home/rainbow/ws_moveit2/install/moveit_task_constructor_capabilities:/home/rainbow/ws_moveit2/install/moveit_task_constructor_core:/home/rainbow/ws_moveit2/install/moveit_ros_control_interface:/home/rainbow/ws_moveit2/install/moveit_plugins:/home/rainbow/ws_moveit2/install/moveit_simple_controller_manager:/home/rainbow/ws_moveit2/install/moveit_setup_assistant:/home/rainbow/ws_moveit2/install/moveit_setup_srdf_plugins:/home/rainbow/ws_moveit2/install/moveit_setup_core_plugins:/home/rainbow/ws_moveit2/install/moveit_setup_controllers:/home/rainbow/ws_moveit2/install/moveit_setup_app_plugins:/home/rainbow/ws_moveit2/install/moveit_setup_framework:/home/rainbow/ws_moveit2/install/moveit_servo:/home/rainbow/ws_moveit2/install/moveit_ros:/home/rainbow/ws_moveit2/install/moveit_ros_visualization:/home/rainbow/ws_moveit2/install/moveit_py:/home/rainbow/ws_moveit2/install/moveit_hybrid_planning:/home/rainbow/ws_moveit2/install/moveit_ros_planning_interface:/home/rainbow/ws_moveit2/install/moveit_ros_benchmarks:/home/rainbow/ws_moveit2/install/moveit_ros_warehouse:/home/rainbow/ws_moveit2/install/moveit_ros_robot_interaction:/home/rainbow/ws_moveit2/install/moveit_ros_perception:/home/rainbow/ws_moveit2/install/moveit_resources_prbt_pg70_support:/home/rainbow/ws_moveit2/install/moveit_resources_prbt_moveit_config:/home/rainbow/ws_moveit2/install/moveit_ros_move_group:/home/rainbow/ws_moveit2/install/moveit_planners_ompl:/home/rainbow/ws_moveit2/install/moveit_ros_planning:/home/rainbow/ws_moveit2/install/moveit_ros_occupancy_map_monitor:/home/rainbow/ws_moveit2/install/moveit_resources_prbt_ikfast_manipulator_plugin:/home/rainbow/ws_moveit2/install/moveit_planners_chomp:/home/rainbow/ws_moveit2/install/moveit_kinematics:/home/rainbow/ws_moveit2/install/moveit_chomp_optimizer_adapter:/home/rainbow/ws_moveit2/install/chomp_motion_planner:/home/rainbow/ws_moveit2/install/moveit_core:/home/rainbow/ws_moveit2/install/srdfdom:/home/rainbow/ws_moveit2/install/rviz_marker_tools:/home/rainbow/ws_moveit2/install/rosparam_shortcuts:/home/rainbow/ws_moveit2/install/moveit_task_constructor_msgs:/home/rainbow/ws_moveit2/install/moveit_resources_prbt_support:/home/rainbow/ws_moveit2/install/moveit_resources:/home/rainbow/ws_moveit2/install/moveit_resources_pr2_description:/home/rainbow/ws_moveit2/install/moveit_resources_panda_moveit_config:/home/rainbow/ws_moveit2/install/moveit_resources_panda_description:/home/rainbow/ws_moveit2/install/moveit_resources_fanuc_moveit_config:/home/rainbow/ws_moveit2/install/moveit_resources_fanuc_description:/home/rainbow/ws_moveit2/install/moveit_common:/home/rainbow/rby1_ros2_ws/install/rby1_bringup:/home/rainbow/rby1_ros2_ws/install/rby1_moveit_config:/home/rainbow/rby1_ros2_ws/install/rby1_hardware:/home/rainbow/rby1_ros2_ws/install/rby1_description:/home/rainbow/sdk/rby1-sdk:/home/rainbow/rby1_fork_ws/install/rby1_subscriber_pkg:/home/rainbow/rby1_fork_ws/install/rby1_mobile_control:/home/rainbow/ws_moveit2/install/moveit_configs_utils:/home/rainbow/ws_moveit2/install/launch_param_builder:/home/rainbow/rby1_ros2_ws/install/rby1_subscriber_pkg:/home/rainbow/rby1_ros2_ws/install/rby1_mobile_control:/opt/ros/humble /opt/cmake/bin/cmake /home/rainbow/rby1_fork_ws/src/rby1_moveit/rby1a_v1_1_moveit -DAMENT_CMAKE_SYMLINK_INSTALL=1 -DCMAKE_INSTALL_PREFIX=/home/rainbow/rby1_fork_ws/install/rby1a_v1_1_moveit
[0.815s] DEBUG:colcon.colcon_core.event_handler.log_command:Invoked command in '/home/rainbow/rby1_fork_ws/build/rby1a_v1_1_moveit' returned '0': CMAKE_PREFIX_PATH=/home/rainbow/rby1_fork_ws/install/rby1_description:/home/rainbow/rby1_fork_ws/install/rby1a_v1_1_moveit:/home/rainbow/rby1_fork_ws/install/RBY1_A_v1_1_moveit:/home/rainbow/rby1_fork_ws/install/rby1a_v1_1_moveit_config:/home/rainbow/rby1_fork_ws/install/rby1a_v1_0_moveit_config:/home/rainbow/rby1_fork_ws/install/rby1_bringup:/home/rainbow/rby1_fork_ws/install/rby1_moveit_config:/home/rainbow/rby1_fork_ws/install/rby1_hardware:/home/rainbow/ws_moveit2/install/pilz_industrial_motion_planner_testutils:/home/rainbow/ws_moveit2/install/moveit_runtime:/home/rainbow/ws_moveit2/install/moveit2_tutorials:/home/rainbow/ws_moveit2/install/moveit:/home/rainbow/ws_moveit2/install/moveit_planners:/home/rainbow/ws_moveit2/install/pilz_industrial_motion_planner:/home/rainbow/ws_moveit2/install/moveit_visual_tools:/home/rainbow/ws_moveit2/install/moveit_task_constructor_visualization:/home/rainbow/ws_moveit2/install/moveit_task_constructor_demo:/home/rainbow/ws_moveit2/install/moveit_task_constructor_capabilities:/home/rainbow/ws_moveit2/install/moveit_task_constructor_core:/home/rainbow/ws_moveit2/install/moveit_ros_control_interface:/home/rainbow/ws_moveit2/install/moveit_plugins:/home/rainbow/ws_moveit2/install/moveit_simple_controller_manager:/home/rainbow/ws_moveit2/install/moveit_setup_assistant:/home/rainbow/ws_moveit2/install/moveit_setup_srdf_plugins:/home/rainbow/ws_moveit2/install/moveit_setup_core_plugins:/home/rainbow/ws_moveit2/install/moveit_setup_controllers:/home/rainbow/ws_moveit2/install/moveit_setup_app_plugins:/home/rainbow/ws_moveit2/install/moveit_setup_framework:/home/rainbow/ws_moveit2/install/moveit_servo:/home/rainbow/ws_moveit2/install/moveit_ros:/home/rainbow/ws_moveit2/install/moveit_ros_visualization:/home/rainbow/ws_moveit2/install/moveit_py:/home/rainbow/ws_moveit2/install/moveit_hybrid_planning:/home/rainbow/ws_moveit2/install/moveit_ros_planning_interface:/home/rainbow/ws_moveit2/install/moveit_ros_benchmarks:/home/rainbow/ws_moveit2/install/moveit_ros_warehouse:/home/rainbow/ws_moveit2/install/moveit_ros_robot_interaction:/home/rainbow/ws_moveit2/install/moveit_ros_perception:/home/rainbow/ws_moveit2/install/moveit_resources_prbt_pg70_support:/home/rainbow/ws_moveit2/install/moveit_resources_prbt_moveit_config:/home/rainbow/ws_moveit2/install/moveit_ros_move_group:/home/rainbow/ws_moveit2/install/moveit_planners_ompl:/home/rainbow/ws_moveit2/install/moveit_ros_planning:/home/rainbow/ws_moveit2/install/moveit_ros_occupancy_map_monitor:/home/rainbow/ws_moveit2/install/moveit_resources_prbt_ikfast_manipulator_plugin:/home/rainbow/ws_moveit2/install/moveit_planners_chomp:/home/rainbow/ws_moveit2/install/moveit_kinematics:/home/rainbow/ws_moveit2/install/moveit_chomp_optimizer_adapter:/home/rainbow/ws_moveit2/install/chomp_motion_planner:/home/rainbow/ws_moveit2/install/moveit_core:/home/rainbow/ws_moveit2/install/srdfdom:/home/rainbow/ws_moveit2/install/rviz_marker_tools:/home/rainbow/ws_moveit2/install/rosparam_shortcuts:/home/rainbow/ws_moveit2/install/moveit_task_constructor_msgs:/home/rainbow/ws_moveit2/install/moveit_resources_prbt_support:/home/rainbow/ws_moveit2/install/moveit_resources:/home/rainbow/ws_moveit2/install/moveit_resources_pr2_description:/home/rainbow/ws_moveit2/install/moveit_resources_panda_moveit_config:/home/rainbow/ws_moveit2/install/moveit_resources_panda_description:/home/rainbow/ws_moveit2/install/moveit_resources_fanuc_moveit_config:/home/rainbow/ws_moveit2/install/moveit_resources_fanuc_description:/home/rainbow/ws_moveit2/install/moveit_common:/home/rainbow/rby1_ros2_ws/install/rby1_bringup:/home/rainbow/rby1_ros2_ws/install/rby1_moveit_config:/home/rainbow/rby1_ros2_ws/install/rby1_hardware:/home/rainbow/rby1_ros2_ws/install/rby1_description:/home/rainbow/sdk/rby1-sdk:/home/rainbow/rby1_fork_ws/install/rby1_subscriber_pkg:/home/rainbow/rby1_fork_ws/install/rby1_mobile_control:/home/rainbow/ws_moveit2/install/moveit_configs_utils:/home/rainbow/ws_moveit2/install/launch_param_builder:/home/rainbow/rby1_ros2_ws/install/rby1_subscriber_pkg:/home/rainbow/rby1_ros2_ws/install/rby1_mobile_control:/opt/ros/humble /opt/cmake/bin/cmake /home/rainbow/rby1_fork_ws/src/rby1_moveit/rby1a_v1_1_moveit -DAMENT_CMAKE_SYMLINK_INSTALL=1 -DCMAKE_INSTALL_PREFIX=/home/rainbow/rby1_fork_ws/install/rby1a_v1_1_moveit
[0.815s] DEBUG:colcon.colcon_core.event_handler.log_command:Invoking command in '/home/rainbow/rby1_fork_ws/build/rby1a_v1_1_moveit': CMAKE_PREFIX_PATH=/home/rainbow/rby1_fork_ws/install/rby1_description:/home/rainbow/rby1_fork_ws/install/rby1a_v1_1_moveit:/home/rainbow/rby1_fork_ws/install/RBY1_A_v1_1_moveit:/home/rainbow/rby1_fork_ws/install/rby1a_v1_1_moveit_config:/home/rainbow/rby1_fork_ws/install/rby1a_v1_0_moveit_config:/home/rainbow/rby1_fork_ws/install/rby1_bringup:/home/rainbow/rby1_fork_ws/install/rby1_moveit_config:/home/rainbow/rby1_fork_ws/install/rby1_hardware:/home/rainbow/ws_moveit2/install/pilz_industrial_motion_planner_testutils:/home/rainbow/ws_moveit2/install/moveit_runtime:/home/rainbow/ws_moveit2/install/moveit2_tutorials:/home/rainbow/ws_moveit2/install/moveit:/home/rainbow/ws_moveit2/install/moveit_planners:/home/rainbow/ws_moveit2/install/pilz_industrial_motion_planner:/home/rainbow/ws_moveit2/install/moveit_visual_tools:/home/rainbow/ws_moveit2/install/moveit_task_constructor_visualization:/home/rainbow/ws_moveit2/install/moveit_task_constructor_demo:/home/rainbow/ws_moveit2/install/moveit_task_constructor_capabilities:/home/rainbow/ws_moveit2/install/moveit_task_constructor_core:/home/rainbow/ws_moveit2/install/moveit_ros_control_interface:/home/rainbow/ws_moveit2/install/moveit_plugins:/home/rainbow/ws_moveit2/install/moveit_simple_controller_manager:/home/rainbow/ws_moveit2/install/moveit_setup_assistant:/home/rainbow/ws_moveit2/install/moveit_setup_srdf_plugins:/home/rainbow/ws_moveit2/install/moveit_setup_core_plugins:/home/rainbow/ws_moveit2/install/moveit_setup_controllers:/home/rainbow/ws_moveit2/install/moveit_setup_app_plugins:/home/rainbow/ws_moveit2/install/moveit_setup_framework:/home/rainbow/ws_moveit2/install/moveit_servo:/home/rainbow/ws_moveit2/install/moveit_ros:/home/rainbow/ws_moveit2/install/moveit_ros_visualization:/home/rainbow/ws_moveit2/install/moveit_py:/home/rainbow/ws_moveit2/install/moveit_hybrid_planning:/home/rainbow/ws_moveit2/install/moveit_ros_planning_interface:/home/rainbow/ws_moveit2/install/moveit_ros_benchmarks:/home/rainbow/ws_moveit2/install/moveit_ros_warehouse:/home/rainbow/ws_moveit2/install/moveit_ros_robot_interaction:/home/rainbow/ws_moveit2/install/moveit_ros_perception:/home/rainbow/ws_moveit2/install/moveit_resources_prbt_pg70_support:/home/rainbow/ws_moveit2/install/moveit_resources_prbt_moveit_config:/home/rainbow/ws_moveit2/install/moveit_ros_move_group:/home/rainbow/ws_moveit2/install/moveit_planners_ompl:/home/rainbow/ws_moveit2/install/moveit_ros_planning:/home/rainbow/ws_moveit2/install/moveit_ros_occupancy_map_monitor:/home/rainbow/ws_moveit2/install/moveit_resources_prbt_ikfast_manipulator_plugin:/home/rainbow/ws_moveit2/install/moveit_planners_chomp:/home/rainbow/ws_moveit2/install/moveit_kinematics:/home/rainbow/ws_moveit2/install/moveit_chomp_optimizer_adapter:/home/rainbow/ws_moveit2/install/chomp_motion_planner:/home/rainbow/ws_moveit2/install/moveit_core:/home/rainbow/ws_moveit2/install/srdfdom:/home/rainbow/ws_moveit2/install/rviz_marker_tools:/home/rainbow/ws_moveit2/install/rosparam_shortcuts:/home/rainbow/ws_moveit2/install/moveit_task_constructor_msgs:/home/rainbow/ws_moveit2/install/moveit_resources_prbt_support:/home/rainbow/ws_moveit2/install/moveit_resources:/home/rainbow/ws_moveit2/install/moveit_resources_pr2_description:/home/rainbow/ws_moveit2/install/moveit_resources_panda_moveit_config:/home/rainbow/ws_moveit2/install/moveit_resources_panda_description:/home/rainbow/ws_moveit2/install/moveit_resources_fanuc_moveit_config:/home/rainbow/ws_moveit2/install/moveit_resources_fanuc_description:/home/rainbow/ws_moveit2/install/moveit_common:/home/rainbow/rby1_ros2_ws/install/rby1_bringup:/home/rainbow/rby1_ros2_ws/install/rby1_moveit_config:/home/rainbow/rby1_ros2_ws/install/rby1_hardware:/home/rainbow/rby1_ros2_ws/install/rby1_description:/home/rainbow/sdk/rby1-sdk:/home/rainbow/rby1_fork_ws/install/rby1_subscriber_pkg:/home/rainbow/rby1_fork_ws/install/rby1_mobile_control:/home/rainbow/ws_moveit2/install/moveit_configs_utils:/home/rainbow/ws_moveit2/install/launch_param_builder:/home/rainbow/rby1_ros2_ws/install/rby1_subscriber_pkg:/home/rainbow/rby1_ros2_ws/install/rby1_mobile_control:/opt/ros/humble /opt/cmake/bin/cmake --build /home/rainbow/rby1_fork_ws/build/rby1a_v1_1_moveit -- -j16 -l16
[0.829s] DEBUG:colcon.colcon_core.event_handler.log_command:Invoked command in '/home/rainbow/rby1_fork_ws/build/rby1a_v1_1_moveit' returned '0': CMAKE_PREFIX_PATH=/home/rainbow/rby1_fork_ws/install/rby1_description:/home/rainbow/rby1_fork_ws/install/rby1a_v1_1_moveit:/home/rainbow/rby1_fork_ws/install/RBY1_A_v1_1_moveit:/home/rainbow/rby1_fork_ws/install/rby1a_v1_1_moveit_config:/home/rainbow/rby1_fork_ws/install/rby1a_v1_0_moveit_config:/home/rainbow/rby1_fork_ws/install/rby1_bringup:/home/rainbow/rby1_fork_ws/install/rby1_moveit_config:/home/rainbow/rby1_fork_ws/install/rby1_hardware:/home/rainbow/ws_moveit2/install/pilz_industrial_motion_planner_testutils:/home/rainbow/ws_moveit2/install/moveit_runtime:/home/rainbow/ws_moveit2/install/moveit2_tutorials:/home/rainbow/ws_moveit2/install/moveit:/home/rainbow/ws_moveit2/install/moveit_planners:/home/rainbow/ws_moveit2/install/pilz_industrial_motion_planner:/home/rainbow/ws_moveit2/install/moveit_visual_tools:/home/rainbow/ws_moveit2/install/moveit_task_constructor_visualization:/home/rainbow/ws_moveit2/install/moveit_task_constructor_demo:/home/rainbow/ws_moveit2/install/moveit_task_constructor_capabilities:/home/rainbow/ws_moveit2/install/moveit_task_constructor_core:/home/rainbow/ws_moveit2/install/moveit_ros_control_interface:/home/rainbow/ws_moveit2/install/moveit_plugins:/home/rainbow/ws_moveit2/install/moveit_simple_controller_manager:/home/rainbow/ws_moveit2/install/moveit_setup_assistant:/home/rainbow/ws_moveit2/install/moveit_setup_srdf_plugins:/home/rainbow/ws_moveit2/install/moveit_setup_core_plugins:/home/rainbow/ws_moveit2/install/moveit_setup_controllers:/home/rainbow/ws_moveit2/install/moveit_setup_app_plugins:/home/rainbow/ws_moveit2/install/moveit_setup_framework:/home/rainbow/ws_moveit2/install/moveit_servo:/home/rainbow/ws_moveit2/install/moveit_ros:/home/rainbow/ws_moveit2/install/moveit_ros_visualization:/home/rainbow/ws_moveit2/install/moveit_py:/home/rainbow/ws_moveit2/install/moveit_hybrid_planning:/home/rainbow/ws_moveit2/install/moveit_ros_planning_interface:/home/rainbow/ws_moveit2/install/moveit_ros_benchmarks:/home/rainbow/ws_moveit2/install/moveit_ros_warehouse:/home/rainbow/ws_moveit2/install/moveit_ros_robot_interaction:/home/rainbow/ws_moveit2/install/moveit_ros_perception:/home/rainbow/ws_moveit2/install/moveit_resources_prbt_pg70_support:/home/rainbow/ws_moveit2/install/moveit_resources_prbt_moveit_config:/home/rainbow/ws_moveit2/install/moveit_ros_move_group:/home/rainbow/ws_moveit2/install/moveit_planners_ompl:/home/rainbow/ws_moveit2/install/moveit_ros_planning:/home/rainbow/ws_moveit2/install/moveit_ros_occupancy_map_monitor:/home/rainbow/ws_moveit2/install/moveit_resources_prbt_ikfast_manipulator_plugin:/home/rainbow/ws_moveit2/install/moveit_planners_chomp:/home/rainbow/ws_moveit2/install/moveit_kinematics:/home/rainbow/ws_moveit2/install/moveit_chomp_optimizer_adapter:/home/rainbow/ws_moveit2/install/chomp_motion_planner:/home/rainbow/ws_moveit2/install/moveit_core:/home/rainbow/ws_moveit2/install/srdfdom:/home/rainbow/ws_moveit2/install/rviz_marker_tools:/home/rainbow/ws_moveit2/install/rosparam_shortcuts:/home/rainbow/ws_moveit2/install/moveit_task_constructor_msgs:/home/rainbow/ws_moveit2/install/moveit_resources_prbt_support:/home/rainbow/ws_moveit2/install/moveit_resources:/home/rainbow/ws_moveit2/install/moveit_resources_pr2_description:/home/rainbow/ws_moveit2/install/moveit_resources_panda_moveit_config:/home/rainbow/ws_moveit2/install/moveit_resources_panda_description:/home/rainbow/ws_moveit2/install/moveit_resources_fanuc_moveit_config:/home/rainbow/ws_moveit2/install/moveit_resources_fanuc_description:/home/rainbow/ws_moveit2/install/moveit_common:/home/rainbow/rby1_ros2_ws/install/rby1_bringup:/home/rainbow/rby1_ros2_ws/install/rby1_moveit_config:/home/rainbow/rby1_ros2_ws/install/rby1_hardware:/home/rainbow/rby1_ros2_ws/install/rby1_description:/home/rainbow/sdk/rby1-sdk:/home/rainbow/rby1_fork_ws/install/rby1_subscriber_pkg:/home/rainbow/rby1_fork_ws/install/rby1_mobile_control:/home/rainbow/ws_moveit2/install/moveit_configs_utils:/home/rainbow/ws_moveit2/install/launch_param_builder:/home/rainbow/rby1_ros2_ws/install/rby1_subscriber_pkg:/home/rainbow/rby1_ros2_ws/install/rby1_mobile_control:/opt/ros/humble /opt/cmake/bin/cmake --build /home/rainbow/rby1_fork_ws/build/rby1a_v1_1_moveit -- -j16 -l16
[0.832s] DEBUG:colcon.colcon_core.event_handler.log_command:Invoking command in '/home/rainbow/rby1_fork_ws/build/rby1a_v1_1_moveit': CMAKE_PREFIX_PATH=/home/rainbow/rby1_fork_ws/install/rby1_description:/home/rainbow/rby1_fork_ws/install/rby1a_v1_1_moveit:/home/rainbow/rby1_fork_ws/install/RBY1_A_v1_1_moveit:/home/rainbow/rby1_fork_ws/install/rby1a_v1_1_moveit_config:/home/rainbow/rby1_fork_ws/install/rby1a_v1_0_moveit_config:/home/rainbow/rby1_fork_ws/install/rby1_bringup:/home/rainbow/rby1_fork_ws/install/rby1_moveit_config:/home/rainbow/rby1_fork_ws/install/rby1_hardware:/home/rainbow/ws_moveit2/install/pilz_industrial_motion_planner_testutils:/home/rainbow/ws_moveit2/install/moveit_runtime:/home/rainbow/ws_moveit2/install/moveit2_tutorials:/home/rainbow/ws_moveit2/install/moveit:/home/rainbow/ws_moveit2/install/moveit_planners:/home/rainbow/ws_moveit2/install/pilz_industrial_motion_planner:/home/rainbow/ws_moveit2/install/moveit_visual_tools:/home/rainbow/ws_moveit2/install/moveit_task_constructor_visualization:/home/rainbow/ws_moveit2/install/moveit_task_constructor_demo:/home/rainbow/ws_moveit2/install/moveit_task_constructor_capabilities:/home/rainbow/ws_moveit2/install/moveit_task_constructor_core:/home/rainbow/ws_moveit2/install/moveit_ros_control_interface:/home/rainbow/ws_moveit2/install/moveit_plugins:/home/rainbow/ws_moveit2/install/moveit_simple_controller_manager:/home/rainbow/ws_moveit2/install/moveit_setup_assistant:/home/rainbow/ws_moveit2/install/moveit_setup_srdf_plugins:/home/rainbow/ws_moveit2/install/moveit_setup_core_plugins:/home/rainbow/ws_moveit2/install/moveit_setup_controllers:/home/rainbow/ws_moveit2/install/moveit_setup_app_plugins:/home/rainbow/ws_moveit2/install/moveit_setup_framework:/home/rainbow/ws_moveit2/install/moveit_servo:/home/rainbow/ws_moveit2/install/moveit_ros:/home/rainbow/ws_moveit2/install/moveit_ros_visualization:/home/rainbow/ws_moveit2/install/moveit_py:/home/rainbow/ws_moveit2/install/moveit_hybrid_planning:/home/rainbow/ws_moveit2/install/moveit_ros_planning_interface:/home/rainbow/ws_moveit2/install/moveit_ros_benchmarks:/home/rainbow/ws_moveit2/install/moveit_ros_warehouse:/home/rainbow/ws_moveit2/install/moveit_ros_robot_interaction:/home/rainbow/ws_moveit2/install/moveit_ros_perception:/home/rainbow/ws_moveit2/install/moveit_resources_prbt_pg70_support:/home/rainbow/ws_moveit2/install/moveit_resources_prbt_moveit_config:/home/rainbow/ws_moveit2/install/moveit_ros_move_group:/home/rainbow/ws_moveit2/install/moveit_planners_ompl:/home/rainbow/ws_moveit2/install/moveit_ros_planning:/home/rainbow/ws_moveit2/install/moveit_ros_occupancy_map_monitor:/home/rainbow/ws_moveit2/install/moveit_resources_prbt_ikfast_manipulator_plugin:/home/rainbow/ws_moveit2/install/moveit_planners_chomp:/home/rainbow/ws_moveit2/install/moveit_kinematics:/home/rainbow/ws_moveit2/install/moveit_chomp_optimizer_adapter:/home/rainbow/ws_moveit2/install/chomp_motion_planner:/home/rainbow/ws_moveit2/install/moveit_core:/home/rainbow/ws_moveit2/install/srdfdom:/home/rainbow/ws_moveit2/install/rviz_marker_tools:/home/rainbow/ws_moveit2/install/rosparam_shortcuts:/home/rainbow/ws_moveit2/install/moveit_task_constructor_msgs:/home/rainbow/ws_moveit2/install/moveit_resources_prbt_support:/home/rainbow/ws_moveit2/install/moveit_resources:/home/rainbow/ws_moveit2/install/moveit_resources_pr2_description:/home/rainbow/ws_moveit2/install/moveit_resources_panda_moveit_config:/home/rainbow/ws_moveit2/install/moveit_resources_panda_description:/home/rainbow/ws_moveit2/install/moveit_resources_fanuc_moveit_config:/home/rainbow/ws_moveit2/install/moveit_resources_fanuc_description:/home/rainbow/ws_moveit2/install/moveit_common:/home/rainbow/rby1_ros2_ws/install/rby1_bringup:/home/rainbow/rby1_ros2_ws/install/rby1_moveit_config:/home/rainbow/rby1_ros2_ws/install/rby1_hardware:/home/rainbow/rby1_ros2_ws/install/rby1_description:/home/rainbow/sdk/rby1-sdk:/home/rainbow/rby1_fork_ws/install/rby1_subscriber_pkg:/home/rainbow/rby1_fork_ws/install/rby1_mobile_control:/home/rainbow/ws_moveit2/install/moveit_configs_utils:/home/rainbow/ws_moveit2/install/launch_param_builder:/home/rainbow/rby1_ros2_ws/install/rby1_subscriber_pkg:/home/rainbow/rby1_ros2_ws/install/rby1_mobile_control:/opt/ros/humble /opt/cmake/bin/cmake --install /home/rainbow/rby1_fork_ws/build/rby1a_v1_1_moveit
[0.920s] Level 1:colcon.colcon_core.environment:create_environment_scripts_only(rby1a_v1_1_moveit)
[0.920s] DEBUG:colcon.colcon_core.event_handler.log_command:Invoked command in '/home/rainbow/rby1_fork_ws/build/rby1a_v1_1_moveit' returned '0': CMAKE_PREFIX_PATH=/home/rainbow/rby1_fork_ws/install/rby1_description:/home/rainbow/rby1_fork_ws/install/rby1a_v1_1_moveit:/home/rainbow/rby1_fork_ws/install/RBY1_A_v1_1_moveit:/home/rainbow/rby1_fork_ws/install/rby1a_v1_1_moveit_config:/home/rainbow/rby1_fork_ws/install/rby1a_v1_0_moveit_config:/home/rainbow/rby1_fork_ws/install/rby1_bringup:/home/rainbow/rby1_fork_ws/install/rby1_moveit_config:/home/rainbow/rby1_fork_ws/install/rby1_hardware:/home/rainbow/ws_moveit2/install/pilz_industrial_motion_planner_testutils:/home/rainbow/ws_moveit2/install/moveit_runtime:/home/rainbow/ws_moveit2/install/moveit2_tutorials:/home/rainbow/ws_moveit2/install/moveit:/home/rainbow/ws_moveit2/install/moveit_planners:/home/rainbow/ws_moveit2/install/pilz_industrial_motion_planner:/home/rainbow/ws_moveit2/install/moveit_visual_tools:/home/rainbow/ws_moveit2/install/moveit_task_constructor_visualization:/home/rainbow/ws_moveit2/install/moveit_task_constructor_demo:/home/rainbow/ws_moveit2/install/moveit_task_constructor_capabilities:/home/rainbow/ws_moveit2/install/moveit_task_constructor_core:/home/rainbow/ws_moveit2/install/moveit_ros_control_interface:/home/rainbow/ws_moveit2/install/moveit_plugins:/home/rainbow/ws_moveit2/install/moveit_simple_controller_manager:/home/rainbow/ws_moveit2/install/moveit_setup_assistant:/home/rainbow/ws_moveit2/install/moveit_setup_srdf_plugins:/home/rainbow/ws_moveit2/install/moveit_setup_core_plugins:/home/rainbow/ws_moveit2/install/moveit_setup_controllers:/home/rainbow/ws_moveit2/install/moveit_setup_app_plugins:/home/rainbow/ws_moveit2/install/moveit_setup_framework:/home/rainbow/ws_moveit2/install/moveit_servo:/home/rainbow/ws_moveit2/install/moveit_ros:/home/rainbow/ws_moveit2/install/moveit_ros_visualization:/home/rainbow/ws_moveit2/install/moveit_py:/home/rainbow/ws_moveit2/install/moveit_hybrid_planning:/home/rainbow/ws_moveit2/install/moveit_ros_planning_interface:/home/rainbow/ws_moveit2/install/moveit_ros_benchmarks:/home/rainbow/ws_moveit2/install/moveit_ros_warehouse:/home/rainbow/ws_moveit2/install/moveit_ros_robot_interaction:/home/rainbow/ws_moveit2/install/moveit_ros_perception:/home/rainbow/ws_moveit2/install/moveit_resources_prbt_pg70_support:/home/rainbow/ws_moveit2/install/moveit_resources_prbt_moveit_config:/home/rainbow/ws_moveit2/install/moveit_ros_move_group:/home/rainbow/ws_moveit2/install/moveit_planners_ompl:/home/rainbow/ws_moveit2/install/moveit_ros_planning:/home/rainbow/ws_moveit2/install/moveit_ros_occupancy_map_monitor:/home/rainbow/ws_moveit2/install/moveit_resources_prbt_ikfast_manipulator_plugin:/home/rainbow/ws_moveit2/install/moveit_planners_chomp:/home/rainbow/ws_moveit2/install/moveit_kinematics:/home/rainbow/ws_moveit2/install/moveit_chomp_optimizer_adapter:/home/rainbow/ws_moveit2/install/chomp_motion_planner:/home/rainbow/ws_moveit2/install/moveit_core:/home/rainbow/ws_moveit2/install/srdfdom:/home/rainbow/ws_moveit2/install/rviz_marker_tools:/home/rainbow/ws_moveit2/install/rosparam_shortcuts:/home/rainbow/ws_moveit2/install/moveit_task_constructor_msgs:/home/rainbow/ws_moveit2/install/moveit_resources_prbt_support:/home/rainbow/ws_moveit2/install/moveit_resources:/home/rainbow/ws_moveit2/install/moveit_resources_pr2_description:/home/rainbow/ws_moveit2/install/moveit_resources_panda_moveit_config:/home/rainbow/ws_moveit2/install/moveit_resources_panda_description:/home/rainbow/ws_moveit2/install/moveit_resources_fanuc_moveit_config:/home/rainbow/ws_moveit2/install/moveit_resources_fanuc_description:/home/rainbow/ws_moveit2/install/moveit_common:/home/rainbow/rby1_ros2_ws/install/rby1_bringup:/home/rainbow/rby1_ros2_ws/install/rby1_moveit_config:/home/rainbow/rby1_ros2_ws/install/rby1_hardware:/home/rainbow/rby1_ros2_ws/install/rby1_description:/home/rainbow/sdk/rby1-sdk:/home/rainbow/rby1_fork_ws/install/rby1_subscriber_pkg:/home/rainbow/rby1_fork_ws/install/rby1_mobile_control:/home/rainbow/ws_moveit2/install/moveit_configs_utils:/home/rainbow/ws_moveit2/install/launch_param_builder:/home/rainbow/rby1_ros2_ws/install/rby1_subscriber_pkg:/home/rainbow/rby1_ros2_ws/install/rby1_mobile_control:/opt/ros/humble /opt/cmake/bin/cmake --install /home/rainbow/rby1_fork_ws/build/rby1a_v1_1_moveit
[0.921s] Level 1:colcon.colcon_core.environment:checking '/home/rainbow/rby1_fork_ws/install/rby1a_v1_1_moveit' for CMake module files
[0.922s] Level 1:colcon.colcon_core.environment:checking '/home/rainbow/rby1_fork_ws/install/rby1a_v1_1_moveit' for CMake config files
[0.922s] Level 1:colcon.colcon_core.shell:create_environment_hook('rby1a_v1_1_moveit', 'cmake_prefix_path')
[0.922s] INFO:colcon.colcon_core.shell:Creating environment hook '/home/rainbow/rby1_fork_ws/install/rby1a_v1_1_moveit/share/rby1a_v1_1_moveit/hook/cmake_prefix_path.ps1'
[0.922s] INFO:colcon.colcon_core.shell:Creating environment descriptor '/home/rainbow/rby1_fork_ws/install/rby1a_v1_1_moveit/share/rby1a_v1_1_moveit/hook/cmake_prefix_path.dsv'
[0.922s] INFO:colcon.colcon_core.shell:Creating environment hook '/home/rainbow/rby1_fork_ws/install/rby1a_v1_1_moveit/share/rby1a_v1_1_moveit/hook/cmake_prefix_path.sh'
[0.923s] Level 1:colcon.colcon_core.environment:checking '/home/rainbow/rby1_fork_ws/install/rby1a_v1_1_moveit/bin'
[0.923s] Level 1:colcon.colcon_core.environment:checking '/home/rainbow/rby1_fork_ws/install/rby1a_v1_1_moveit/lib/pkgconfig/rby1a_v1_1_moveit.pc'
[0.923s] Level 1:colcon.colcon_core.environment:checking '/home/rainbow/rby1_fork_ws/install/rby1a_v1_1_moveit/lib/python3.10/site-packages'
[0.923s] Level 1:colcon.colcon_core.environment:checking '/home/rainbow/rby1_fork_ws/install/rby1a_v1_1_moveit/bin'
[0.923s] INFO:colcon.colcon_core.shell:Creating package script '/home/rainbow/rby1_fork_ws/install/rby1a_v1_1_moveit/share/rby1a_v1_1_moveit/package.ps1'
[0.924s] INFO:colcon.colcon_core.shell:Creating package descriptor '/home/rainbow/rby1_fork_ws/install/rby1a_v1_1_moveit/share/rby1a_v1_1_moveit/package.dsv'
[0.924s] INFO:colcon.colcon_core.shell:Creating package script '/home/rainbow/rby1_fork_ws/install/rby1a_v1_1_moveit/share/rby1a_v1_1_moveit/package.sh'
[0.924s] INFO:colcon.colcon_core.shell:Creating package script '/home/rainbow/rby1_fork_ws/install/rby1a_v1_1_moveit/share/rby1a_v1_1_moveit/package.bash'
[0.924s] INFO:colcon.colcon_core.shell:Creating package script '/home/rainbow/rby1_fork_ws/install/rby1a_v1_1_moveit/share/rby1a_v1_1_moveit/package.zsh'
[0.925s] Level 1:colcon.colcon_core.environment:create_file_with_runtime_dependencies(/home/rainbow/rby1_fork_ws/install/rby1a_v1_1_moveit/share/colcon-core/packages/rby1a_v1_1_moveit)
[0.925s] Level 1:colcon.colcon_core.environment:create_environment_scripts_only(rby1a_v1_1_moveit)
[0.925s] Level 1:colcon.colcon_core.environment:checking '/home/rainbow/rby1_fork_ws/install/rby1a_v1_1_moveit' for CMake module files
[0.925s] Level 1:colcon.colcon_core.environment:checking '/home/rainbow/rby1_fork_ws/install/rby1a_v1_1_moveit' for CMake config files
[0.925s] Level 1:colcon.colcon_core.shell:create_environment_hook('rby1a_v1_1_moveit', 'cmake_prefix_path')
[0.926s] INFO:colcon.colcon_core.shell:Creating environment hook '/home/rainbow/rby1_fork_ws/install/rby1a_v1_1_moveit/share/rby1a_v1_1_moveit/hook/cmake_prefix_path.ps1'
[0.926s] INFO:colcon.colcon_core.shell:Creating environment descriptor '/home/rainbow/rby1_fork_ws/install/rby1a_v1_1_moveit/share/rby1a_v1_1_moveit/hook/cmake_prefix_path.dsv'
[0.926s] INFO:colcon.colcon_core.shell:Creating environment hook '/home/rainbow/rby1_fork_ws/install/rby1a_v1_1_moveit/share/rby1a_v1_1_moveit/hook/cmake_prefix_path.sh'
[0.926s] Level 1:colcon.colcon_core.environment:checking '/home/rainbow/rby1_fork_ws/install/rby1a_v1_1_moveit/bin'
[0.926s] Level 1:colcon.colcon_core.environment:checking '/home/rainbow/rby1_fork_ws/install/rby1a_v1_1_moveit/lib/pkgconfig/rby1a_v1_1_moveit.pc'
[0.926s] Level 1:colcon.colcon_core.environment:checking '/home/rainbow/rby1_fork_ws/install/rby1a_v1_1_moveit/lib/python3.10/site-packages'
[0.926s] Level 1:colcon.colcon_core.environment:checking '/home/rainbow/rby1_fork_ws/install/rby1a_v1_1_moveit/bin'
[0.926s] INFO:colcon.colcon_core.shell:Creating package script '/home/rainbow/rby1_fork_ws/install/rby1a_v1_1_moveit/share/rby1a_v1_1_moveit/package.ps1'
[0.927s] INFO:colcon.colcon_core.shell:Creating package descriptor '/home/rainbow/rby1_fork_ws/install/rby1a_v1_1_moveit/share/rby1a_v1_1_moveit/package.dsv'
[0.927s] INFO:colcon.colcon_core.shell:Creating package script '/home/rainbow/rby1_fork_ws/install/rby1a_v1_1_moveit/share/rby1a_v1_1_moveit/package.sh'
[0.927s] INFO:colcon.colcon_core.shell:Creating package script '/home/rainbow/rby1_fork_ws/install/rby1a_v1_1_moveit/share/rby1a_v1_1_moveit/package.bash'
[0.927s] INFO:colcon.colcon_core.shell:Creating package script '/home/rainbow/rby1_fork_ws/install/rby1a_v1_1_moveit/share/rby1a_v1_1_moveit/package.zsh'
[0.927s] Level 1:colcon.colcon_core.environment:create_file_with_runtime_dependencies(/home/rainbow/rby1_fork_ws/install/rby1a_v1_1_moveit/share/colcon-core/packages/rby1a_v1_1_moveit)
[0.928s] DEBUG:colcon.colcon_parallel_executor.executor.parallel:closing loop
[0.928s] DEBUG:colcon.colcon_parallel_executor.executor.parallel:loop closed
[0.928s] DEBUG:colcon.colcon_parallel_executor.executor.parallel:run_until_complete finished with '0'
[0.928s] DEBUG:colcon.colcon_core.event_reactor:joining thread
[0.931s] INFO:colcon.colcon_core.plugin_system:Skipping extension 'colcon_notification.desktop_notification.terminal_notifier': Not used on non-Darwin systems
[0.931s] INFO:colcon.colcon_core.plugin_system:Skipping extension 'colcon_notification.desktop_notification.win32': Not used on non-Windows systems
[0.931s] INFO:colcon.colcon_notification.desktop_notification:Sending desktop notification using 'notify2'
[0.937s] DEBUG:colcon.colcon_core.event_reactor:joined thread
[0.937s] INFO:colcon.colcon_core.shell:Creating prefix script '/home/rainbow/rby1_fork_ws/install/local_setup.ps1'
[0.937s] INFO:colcon.colcon_core.shell:Creating prefix util module '/home/rainbow/rby1_fork_ws/install/_local_setup_util_ps1.py'
[0.938s] INFO:colcon.colcon_core.shell:Creating prefix chain script '/home/rainbow/rby1_fork_ws/install/setup.ps1'
[0.940s] INFO:colcon.colcon_core.shell:Creating prefix script '/home/rainbow/rby1_fork_ws/install/local_setup.sh'
[0.940s] INFO:colcon.colcon_core.shell:Creating prefix util module '/home/rainbow/rby1_fork_ws/install/_local_setup_util_sh.py'
[0.941s] INFO:colcon.colcon_core.shell:Creating prefix chain script '/home/rainbow/rby1_fork_ws/install/setup.sh'
[0.942s] INFO:colcon.colcon_core.shell:Creating prefix script '/home/rainbow/rby1_fork_ws/install/local_setup.bash'
[0.943s] INFO:colcon.colcon_core.shell:Creating prefix chain script '/home/rainbow/rby1_fork_ws/install/setup.bash'
[0.944s] INFO:colcon.colcon_core.shell:Creating prefix script '/home/rainbow/rby1_fork_ws/install/local_setup.zsh'
[0.945s] INFO:colcon.colcon_core.shell:Creating prefix chain script '/home/rainbow/rby1_fork_ws/install/setup.zsh'
