[0.077s] DEBUG:colcon:Command line arguments: ['/usr/bin/colcon', 'build', '--packages-select', 'rby1a_v1_1_moveit']
[0.077s] DEBUG:colcon:Parsed command line arguments: Namespace(log_base=None, log_level=None, verb_name='build', build_base='build', install_base='install', merge_install=False, symlink_install=False, test_result_base=None, continue_on_error=False, executor='parallel', parallel_workers=16, event_handlers=None, ignore_user_meta=False, metas=['./colcon.meta'], base_paths=['.'], packages_ignore=None, packages_ignore_regex=None, paths=None, packages_up_to=None, packages_up_to_regex=None, packages_above=None, packages_above_and_dependencies=None, packages_above_depth=None, packages_select_by_dep=None, packages_skip_by_dep=None, packages_skip_up_to=None, packages_select_build_failed=False, packages_skip_build_finished=False, packages_select_test_failures=False, packages_skip_test_passed=False, packages_select=['rby1a_v1_1_moveit'], packages_skip=None, packages_select_regex=None, packages_skip_regex=None, packages_start=None, packages_end=None, allow_overriding=[], cmake_args=None, cmake_target=None, cmake_target_skip_unavailable=False, cmake_clean_cache=False, cmake_clean_first=False, cmake_force_configure=False, ament_cmake_args=None, catkin_cmake_args=None, catkin_skip_building_tests=False, mixin_files=None, mixin=None, verb_parser=<colcon_mixin.mixin.mixin_argument.MixinArgumentDecorator object at 0x70996dd809d0>, verb_extension=<colcon_core.verb.build.BuildVerb object at 0x70996dd02080>, main=<bound method BuildVerb.main of <colcon_core.verb.build.BuildVerb object at 0x70996dd02080>>, mixin_verb=('build',))
[0.174s] Level 1:colcon.colcon_core.package_discovery:discover_packages(colcon_meta) check parameters
[0.174s] Level 1:colcon.colcon_core.package_discovery:discover_packages(recursive) check parameters
[0.174s] Level 1:colcon.colcon_core.package_discovery:discover_packages(ignore) check parameters
[0.174s] Level 1:colcon.colcon_core.package_discovery:discover_packages(path) check parameters
[0.174s] Level 1:colcon.colcon_core.package_discovery:discover_packages(colcon_meta) discover
[0.174s] Level 1:colcon.colcon_core.package_discovery:discover_packages(recursive) discover
[0.174s] INFO:colcon.colcon_core.package_discovery:Crawling recursively for packages in '/home/rainbow/rby1_fork_ws'
[0.174s] Level 1:colcon.colcon_core.package_identification:_identify(.) by extensions ['ignore', 'ignore_ament_install']
[0.174s] Level 1:colcon.colcon_core.package_identification:_identify(.) by extension 'ignore'
[0.174s] Level 1:colcon.colcon_core.package_identification:_identify(.) by extension 'ignore_ament_install'
[0.174s] Level 1:colcon.colcon_core.package_identification:_identify(.) by extensions ['colcon_pkg']
[0.174s] Level 1:colcon.colcon_core.package_identification:_identify(.) by extension 'colcon_pkg'
[0.174s] Level 1:colcon.colcon_core.package_identification:_identify(.) by extensions ['colcon_meta']
[0.174s] Level 1:colcon.colcon_core.package_identification:_identify(.) by extension 'colcon_meta'
[0.174s] Level 1:colcon.colcon_core.package_identification:_identify(.) by extensions ['ros']
[0.174s] Level 1:colcon.colcon_core.package_identification:_identify(.) by extension 'ros'
[0.198s] Level 1:colcon.colcon_core.package_identification:_identify(.) by extensions ['cmake', 'python']
[0.198s] Level 1:colcon.colcon_core.package_identification:_identify(.) by extension 'cmake'
[0.198s] Level 1:colcon.colcon_core.package_identification:_identify(.) by extension 'python'
[0.198s] Level 1:colcon.colcon_core.package_identification:_identify(.) by extensions ['python_setup_py']
[0.198s] Level 1:colcon.colcon_core.package_identification:_identify(.) by extension 'python_setup_py'
[0.198s] Level 1:colcon.colcon_core.package_identification:_identify(build) by extensions ['ignore', 'ignore_ament_install']
[0.198s] Level 1:colcon.colcon_core.package_identification:_identify(build) by extension 'ignore'
[0.198s] Level 1:colcon.colcon_core.package_identification:_identify(build) ignored
[0.199s] Level 1:colcon.colcon_core.package_identification:_identify(install) by extensions ['ignore', 'ignore_ament_install']
[0.199s] Level 1:colcon.colcon_core.package_identification:_identify(install) by extension 'ignore'
[0.199s] Level 1:colcon.colcon_core.package_identification:_identify(install) ignored
[0.199s] Level 1:colcon.colcon_core.package_identification:_identify(log) by extensions ['ignore', 'ignore_ament_install']
[0.199s] Level 1:colcon.colcon_core.package_identification:_identify(log) by extension 'ignore'
[0.199s] Level 1:colcon.colcon_core.package_identification:_identify(log) ignored
[0.199s] Level 1:colcon.colcon_core.package_identification:_identify(src) by extensions ['ignore', 'ignore_ament_install']
[0.199s] Level 1:colcon.colcon_core.package_identification:_identify(src) by extension 'ignore'
[0.199s] Level 1:colcon.colcon_core.package_identification:_identify(src) by extension 'ignore_ament_install'
[0.199s] Level 1:colcon.colcon_core.package_identification:_identify(src) by extensions ['colcon_pkg']
[0.199s] Level 1:colcon.colcon_core.package_identification:_identify(src) by extension 'colcon_pkg'
[0.199s] Level 1:colcon.colcon_core.package_identification:_identify(src) by extensions ['colcon_meta']
[0.199s] Level 1:colcon.colcon_core.package_identification:_identify(src) by extension 'colcon_meta'
[0.199s] Level 1:colcon.colcon_core.package_identification:_identify(src) by extensions ['ros']
[0.199s] Level 1:colcon.colcon_core.package_identification:_identify(src) by extension 'ros'
[0.199s] Level 1:colcon.colcon_core.package_identification:_identify(src) by extensions ['cmake', 'python']
[0.199s] Level 1:colcon.colcon_core.package_identification:_identify(src) by extension 'cmake'
[0.199s] Level 1:colcon.colcon_core.package_identification:_identify(src) by extension 'python'
[0.199s] Level 1:colcon.colcon_core.package_identification:_identify(src) by extensions ['python_setup_py']
[0.199s] Level 1:colcon.colcon_core.package_identification:_identify(src) by extension 'python_setup_py'
[0.199s] Level 1:colcon.colcon_core.package_identification:_identify(src/rby1_bringup) by extensions ['ignore', 'ignore_ament_install']
[0.199s] Level 1:colcon.colcon_core.package_identification:_identify(src/rby1_bringup) by extension 'ignore'
[0.199s] Level 1:colcon.colcon_core.package_identification:_identify(src/rby1_bringup) by extension 'ignore_ament_install'
[0.199s] Level 1:colcon.colcon_core.package_identification:_identify(src/rby1_bringup) by extensions ['colcon_pkg']
[0.199s] Level 1:colcon.colcon_core.package_identification:_identify(src/rby1_bringup) by extension 'colcon_pkg'
[0.199s] Level 1:colcon.colcon_core.package_identification:_identify(src/rby1_bringup) by extensions ['colcon_meta']
[0.199s] Level 1:colcon.colcon_core.package_identification:_identify(src/rby1_bringup) by extension 'colcon_meta'
[0.199s] Level 1:colcon.colcon_core.package_identification:_identify(src/rby1_bringup) by extensions ['ros']
[0.199s] Level 1:colcon.colcon_core.package_identification:_identify(src/rby1_bringup) by extension 'ros'
[0.201s] DEBUG:colcon.colcon_core.package_identification:Package 'src/rby1_bringup' with type 'ros.ament_cmake' and name 'rby1_bringup'
[0.201s] Level 1:colcon.colcon_core.package_identification:_identify(src/rby1_description) by extensions ['ignore', 'ignore_ament_install']
[0.201s] Level 1:colcon.colcon_core.package_identification:_identify(src/rby1_description) by extension 'ignore'
[0.201s] Level 1:colcon.colcon_core.package_identification:_identify(src/rby1_description) by extension 'ignore_ament_install'
[0.201s] Level 1:colcon.colcon_core.package_identification:_identify(src/rby1_description) by extensions ['colcon_pkg']
[0.201s] Level 1:colcon.colcon_core.package_identification:_identify(src/rby1_description) by extension 'colcon_pkg'
[0.201s] Level 1:colcon.colcon_core.package_identification:_identify(src/rby1_description) by extensions ['colcon_meta']
[0.201s] Level 1:colcon.colcon_core.package_identification:_identify(src/rby1_description) by extension 'colcon_meta'
[0.201s] Level 1:colcon.colcon_core.package_identification:_identify(src/rby1_description) by extensions ['ros']
[0.201s] Level 1:colcon.colcon_core.package_identification:_identify(src/rby1_description) by extension 'ros'
[0.202s] DEBUG:colcon.colcon_core.package_identification:Package 'src/rby1_description' with type 'ros.ament_cmake' and name 'rby1_description'
[0.202s] Level 1:colcon.colcon_core.package_identification:_identify(src/rby1_hardware) by extensions ['ignore', 'ignore_ament_install']
[0.202s] Level 1:colcon.colcon_core.package_identification:_identify(src/rby1_hardware) by extension 'ignore'
[0.202s] Level 1:colcon.colcon_core.package_identification:_identify(src/rby1_hardware) by extension 'ignore_ament_install'
[0.202s] Level 1:colcon.colcon_core.package_identification:_identify(src/rby1_hardware) by extensions ['colcon_pkg']
[0.202s] Level 1:colcon.colcon_core.package_identification:_identify(src/rby1_hardware) by extension 'colcon_pkg'
[0.202s] Level 1:colcon.colcon_core.package_identification:_identify(src/rby1_hardware) by extensions ['colcon_meta']
[0.202s] Level 1:colcon.colcon_core.package_identification:_identify(src/rby1_hardware) by extension 'colcon_meta'
[0.202s] Level 1:colcon.colcon_core.package_identification:_identify(src/rby1_hardware) by extensions ['ros']
[0.202s] Level 1:colcon.colcon_core.package_identification:_identify(src/rby1_hardware) by extension 'ros'
[0.202s] DEBUG:colcon.colcon_core.package_identification:Package 'src/rby1_hardware' with type 'ros.ament_cmake' and name 'rby1_hardware'
[0.202s] Level 1:colcon.colcon_core.package_identification:_identify(src/rby1_mobile_control) by extensions ['ignore', 'ignore_ament_install']
[0.202s] Level 1:colcon.colcon_core.package_identification:_identify(src/rby1_mobile_control) by extension 'ignore'
[0.202s] Level 1:colcon.colcon_core.package_identification:_identify(src/rby1_mobile_control) by extension 'ignore_ament_install'
[0.202s] Level 1:colcon.colcon_core.package_identification:_identify(src/rby1_mobile_control) by extensions ['colcon_pkg']
[0.202s] Level 1:colcon.colcon_core.package_identification:_identify(src/rby1_mobile_control) by extension 'colcon_pkg'
[0.202s] Level 1:colcon.colcon_core.package_identification:_identify(src/rby1_mobile_control) by extensions ['colcon_meta']
[0.202s] Level 1:colcon.colcon_core.package_identification:_identify(src/rby1_mobile_control) by extension 'colcon_meta'
[0.202s] Level 1:colcon.colcon_core.package_identification:_identify(src/rby1_mobile_control) by extensions ['ros']
[0.202s] Level 1:colcon.colcon_core.package_identification:_identify(src/rby1_mobile_control) by extension 'ros'
[0.203s] DEBUG:colcon.colcon_core.package_identification:Package 'src/rby1_mobile_control' with type 'ros.ament_python' and name 'rby1_mobile_control'
[0.203s] Level 1:colcon.colcon_core.package_identification:_identify(src/rby1_moveit) by extensions ['ignore', 'ignore_ament_install']
[0.203s] Level 1:colcon.colcon_core.package_identification:_identify(src/rby1_moveit) by extension 'ignore'
[0.203s] Level 1:colcon.colcon_core.package_identification:_identify(src/rby1_moveit) by extension 'ignore_ament_install'
[0.203s] Level 1:colcon.colcon_core.package_identification:_identify(src/rby1_moveit) by extensions ['colcon_pkg']
[0.203s] Level 1:colcon.colcon_core.package_identification:_identify(src/rby1_moveit) by extension 'colcon_pkg'
[0.203s] Level 1:colcon.colcon_core.package_identification:_identify(src/rby1_moveit) by extensions ['colcon_meta']
[0.203s] Level 1:colcon.colcon_core.package_identification:_identify(src/rby1_moveit) by extension 'colcon_meta'
[0.203s] Level 1:colcon.colcon_core.package_identification:_identify(src/rby1_moveit) by extensions ['ros']
[0.203s] Level 1:colcon.colcon_core.package_identification:_identify(src/rby1_moveit) by extension 'ros'
[0.203s] Level 1:colcon.colcon_core.package_identification:_identify(src/rby1_moveit) by extensions ['cmake', 'python']
[0.203s] Level 1:colcon.colcon_core.package_identification:_identify(src/rby1_moveit) by extension 'cmake'
[0.203s] Level 1:colcon.colcon_core.package_identification:_identify(src/rby1_moveit) by extension 'python'
[0.203s] Level 1:colcon.colcon_core.package_identification:_identify(src/rby1_moveit) by extensions ['python_setup_py']
[0.203s] Level 1:colcon.colcon_core.package_identification:_identify(src/rby1_moveit) by extension 'python_setup_py'
[0.203s] Level 1:colcon.colcon_core.package_identification:_identify(src/rby1_moveit/rby1a_v1_0_moveit_config) by extensions ['ignore', 'ignore_ament_install']
[0.203s] Level 1:colcon.colcon_core.package_identification:_identify(src/rby1_moveit/rby1a_v1_0_moveit_config) by extension 'ignore'
[0.203s] Level 1:colcon.colcon_core.package_identification:_identify(src/rby1_moveit/rby1a_v1_0_moveit_config) by extension 'ignore_ament_install'
[0.203s] Level 1:colcon.colcon_core.package_identification:_identify(src/rby1_moveit/rby1a_v1_0_moveit_config) by extensions ['colcon_pkg']
[0.203s] Level 1:colcon.colcon_core.package_identification:_identify(src/rby1_moveit/rby1a_v1_0_moveit_config) by extension 'colcon_pkg'
[0.203s] Level 1:colcon.colcon_core.package_identification:_identify(src/rby1_moveit/rby1a_v1_0_moveit_config) by extensions ['colcon_meta']
[0.203s] Level 1:colcon.colcon_core.package_identification:_identify(src/rby1_moveit/rby1a_v1_0_moveit_config) by extension 'colcon_meta'
[0.203s] Level 1:colcon.colcon_core.package_identification:_identify(src/rby1_moveit/rby1a_v1_0_moveit_config) by extensions ['ros']
[0.203s] Level 1:colcon.colcon_core.package_identification:_identify(src/rby1_moveit/rby1a_v1_0_moveit_config) by extension 'ros'
[0.204s] DEBUG:colcon.colcon_core.package_identification:Package 'src/rby1_moveit/rby1a_v1_0_moveit_config' with type 'ros.ament_cmake' and name 'rby1a_v1_0_moveit_config'
[0.204s] Level 1:colcon.colcon_core.package_identification:_identify(src/rby1_moveit/rby1a_v1_1_moveit) by extensions ['ignore', 'ignore_ament_install']
[0.204s] Level 1:colcon.colcon_core.package_identification:_identify(src/rby1_moveit/rby1a_v1_1_moveit) by extension 'ignore'
[0.204s] Level 1:colcon.colcon_core.package_identification:_identify(src/rby1_moveit/rby1a_v1_1_moveit) by extension 'ignore_ament_install'
[0.204s] Level 1:colcon.colcon_core.package_identification:_identify(src/rby1_moveit/rby1a_v1_1_moveit) by extensions ['colcon_pkg']
[0.204s] Level 1:colcon.colcon_core.package_identification:_identify(src/rby1_moveit/rby1a_v1_1_moveit) by extension 'colcon_pkg'
[0.204s] Level 1:colcon.colcon_core.package_identification:_identify(src/rby1_moveit/rby1a_v1_1_moveit) by extensions ['colcon_meta']
[0.204s] Level 1:colcon.colcon_core.package_identification:_identify(src/rby1_moveit/rby1a_v1_1_moveit) by extension 'colcon_meta'
[0.204s] Level 1:colcon.colcon_core.package_identification:_identify(src/rby1_moveit/rby1a_v1_1_moveit) by extensions ['ros']
[0.204s] Level 1:colcon.colcon_core.package_identification:_identify(src/rby1_moveit/rby1a_v1_1_moveit) by extension 'ros'
[0.205s] DEBUG:colcon.colcon_core.package_identification:Package 'src/rby1_moveit/rby1a_v1_1_moveit' with type 'ros.ament_cmake' and name 'rby1a_v1_1_moveit'
[0.205s] Level 1:colcon.colcon_core.package_identification:_identify(src/rby1_moveit/rby1a_v1_1_moveit_config) by extensions ['ignore', 'ignore_ament_install']
[0.205s] Level 1:colcon.colcon_core.package_identification:_identify(src/rby1_moveit/rby1a_v1_1_moveit_config) by extension 'ignore'
[0.205s] Level 1:colcon.colcon_core.package_identification:_identify(src/rby1_moveit/rby1a_v1_1_moveit_config) by extension 'ignore_ament_install'
[0.205s] Level 1:colcon.colcon_core.package_identification:_identify(src/rby1_moveit/rby1a_v1_1_moveit_config) by extensions ['colcon_pkg']
[0.205s] Level 1:colcon.colcon_core.package_identification:_identify(src/rby1_moveit/rby1a_v1_1_moveit_config) by extension 'colcon_pkg'
[0.205s] Level 1:colcon.colcon_core.package_identification:_identify(src/rby1_moveit/rby1a_v1_1_moveit_config) by extensions ['colcon_meta']
[0.205s] Level 1:colcon.colcon_core.package_identification:_identify(src/rby1_moveit/rby1a_v1_1_moveit_config) by extension 'colcon_meta'
[0.205s] Level 1:colcon.colcon_core.package_identification:_identify(src/rby1_moveit/rby1a_v1_1_moveit_config) by extensions ['ros']
[0.205s] Level 1:colcon.colcon_core.package_identification:_identify(src/rby1_moveit/rby1a_v1_1_moveit_config) by extension 'ros'
[0.206s] DEBUG:colcon.colcon_core.package_identification:Package 'src/rby1_moveit/rby1a_v1_1_moveit_config' with type 'ros.ament_cmake' and name 'rby1a_v1_1_moveit_config'
[0.206s] Level 1:colcon.colcon_core.package_identification:_identify(src/rby1_moveit_config) by extensions ['ignore', 'ignore_ament_install']
[0.206s] Level 1:colcon.colcon_core.package_identification:_identify(src/rby1_moveit_config) by extension 'ignore'
[0.206s] Level 1:colcon.colcon_core.package_identification:_identify(src/rby1_moveit_config) by extension 'ignore_ament_install'
[0.206s] Level 1:colcon.colcon_core.package_identification:_identify(src/rby1_moveit_config) by extensions ['colcon_pkg']
[0.206s] Level 1:colcon.colcon_core.package_identification:_identify(src/rby1_moveit_config) by extension 'colcon_pkg'
[0.206s] Level 1:colcon.colcon_core.package_identification:_identify(src/rby1_moveit_config) by extensions ['colcon_meta']
[0.206s] Level 1:colcon.colcon_core.package_identification:_identify(src/rby1_moveit_config) by extension 'colcon_meta'
[0.206s] Level 1:colcon.colcon_core.package_identification:_identify(src/rby1_moveit_config) by extensions ['ros']
[0.206s] Level 1:colcon.colcon_core.package_identification:_identify(src/rby1_moveit_config) by extension 'ros'
[0.206s] DEBUG:colcon.colcon_core.package_identification:Package 'src/rby1_moveit_config' with type 'ros.ament_cmake' and name 'rby1_moveit_config'
[0.206s] Level 1:colcon.colcon_core.package_identification:_identify(src/rby1_subscriber_pkg) by extensions ['ignore', 'ignore_ament_install']
[0.206s] Level 1:colcon.colcon_core.package_identification:_identify(src/rby1_subscriber_pkg) by extension 'ignore'
[0.207s] Level 1:colcon.colcon_core.package_identification:_identify(src/rby1_subscriber_pkg) by extension 'ignore_ament_install'
[0.207s] Level 1:colcon.colcon_core.package_identification:_identify(src/rby1_subscriber_pkg) by extensions ['colcon_pkg']
[0.207s] Level 1:colcon.colcon_core.package_identification:_identify(src/rby1_subscriber_pkg) by extension 'colcon_pkg'
[0.207s] Level 1:colcon.colcon_core.package_identification:_identify(src/rby1_subscriber_pkg) by extensions ['colcon_meta']
[0.207s] Level 1:colcon.colcon_core.package_identification:_identify(src/rby1_subscriber_pkg) by extension 'colcon_meta'
[0.207s] Level 1:colcon.colcon_core.package_identification:_identify(src/rby1_subscriber_pkg) by extensions ['ros']
[0.207s] Level 1:colcon.colcon_core.package_identification:_identify(src/rby1_subscriber_pkg) by extension 'ros'
[0.207s] DEBUG:colcon.colcon_core.package_identification:Package 'src/rby1_subscriber_pkg' with type 'ros.ament_python' and name 'rby1_subscriber_pkg'
[0.207s] Level 1:colcon.colcon_core.package_discovery:discover_packages(recursive) using defaults
[0.207s] Level 1:colcon.colcon_core.package_discovery:discover_packages(ignore) discover
[0.207s] Level 1:colcon.colcon_core.package_discovery:discover_packages(ignore) using defaults
[0.207s] Level 1:colcon.colcon_core.package_discovery:discover_packages(path) discover
[0.207s] Level 1:colcon.colcon_core.package_discovery:discover_packages(path) using defaults
[0.219s] INFO:colcon.colcon_core.package_selection:Skipping not selected package 'rby1_description' in 'src/rby1_description'
[0.219s] INFO:colcon.colcon_core.package_selection:Skipping not selected package 'rby1_hardware' in 'src/rby1_hardware'
[0.219s] INFO:colcon.colcon_core.package_selection:Skipping not selected package 'rby1_mobile_control' in 'src/rby1_mobile_control'
[0.219s] INFO:colcon.colcon_core.package_selection:Skipping not selected package 'rby1_subscriber_pkg' in 'src/rby1_subscriber_pkg'
[0.219s] INFO:colcon.colcon_core.package_selection:Skipping not selected package 'rby1_moveit_config' in 'src/rby1_moveit_config'
[0.219s] INFO:colcon.colcon_core.package_selection:Skipping not selected package 'rby1a_v1_0_moveit_config' in 'src/rby1_moveit/rby1a_v1_0_moveit_config'
[0.219s] INFO:colcon.colcon_core.package_selection:Skipping not selected package 'rby1a_v1_1_moveit_config' in 'src/rby1_moveit/rby1a_v1_1_moveit_config'
[0.220s] INFO:colcon.colcon_core.package_selection:Skipping not selected package 'rby1_bringup' in 'src/rby1_bringup'
[0.220s] Level 1:colcon.colcon_core.package_discovery:discover_packages(prefix_path) check parameters
[0.220s] Level 1:colcon.colcon_core.package_discovery:discover_packages(prefix_path) discover
[0.223s] DEBUG:colcon.colcon_installed_package_information.package_discovery:Found 56 installed packages in /home/rainbow/ws_moveit2/install
[0.223s] DEBUG:colcon.colcon_installed_package_information.package_discovery:Found 6 installed packages in /home/rainbow/rby1_ros2_ws/install
[0.225s] DEBUG:colcon.colcon_installed_package_information.package_discovery:Found 368 installed packages in /opt/ros/humble
[0.227s] Level 1:colcon.colcon_core.package_discovery:discover_packages(prefix_path) using defaults
[0.255s] Level 5:colcon.colcon_core.verb:set package 'rby1a_v1_1_moveit' build argument 'cmake_args' from command line to 'None'
[0.255s] Level 5:colcon.colcon_core.verb:set package 'rby1a_v1_1_moveit' build argument 'cmake_target' from command line to 'None'
[0.255s] Level 5:colcon.colcon_core.verb:set package 'rby1a_v1_1_moveit' build argument 'cmake_target_skip_unavailable' from command line to 'False'
[0.255s] Level 5:colcon.colcon_core.verb:set package 'rby1a_v1_1_moveit' build argument 'cmake_clean_cache' from command line to 'False'
[0.255s] Level 5:colcon.colcon_core.verb:set package 'rby1a_v1_1_moveit' build argument 'cmake_clean_first' from command line to 'False'
[0.255s] Level 5:colcon.colcon_core.verb:set package 'rby1a_v1_1_moveit' build argument 'cmake_force_configure' from command line to 'False'
[0.255s] Level 5:colcon.colcon_core.verb:set package 'rby1a_v1_1_moveit' build argument 'ament_cmake_args' from command line to 'None'
[0.255s] Level 5:colcon.colcon_core.verb:set package 'rby1a_v1_1_moveit' build argument 'catkin_cmake_args' from command line to 'None'
[0.255s] Level 5:colcon.colcon_core.verb:set package 'rby1a_v1_1_moveit' build argument 'catkin_skip_building_tests' from command line to 'False'
[0.255s] DEBUG:colcon.colcon_core.verb:Building package 'rby1a_v1_1_moveit' with the following arguments: {'ament_cmake_args': None, 'build_base': '/home/rainbow/rby1_fork_ws/build/rby1a_v1_1_moveit', 'catkin_cmake_args': None, 'catkin_skip_building_tests': False, 'cmake_args': None, 'cmake_clean_cache': False, 'cmake_clean_first': False, 'cmake_force_configure': False, 'cmake_target': None, 'cmake_target_skip_unavailable': False, 'install_base': '/home/rainbow/rby1_fork_ws/install/rby1a_v1_1_moveit', 'merge_install': False, 'path': '/home/rainbow/rby1_fork_ws/src/rby1_moveit/rby1a_v1_1_moveit', 'symlink_install': False, 'test_result_base': None}
[0.255s] INFO:colcon.colcon_core.executor:Executing jobs using 'parallel' executor
[0.256s] DEBUG:colcon.colcon_parallel_executor.executor.parallel:run_until_complete
[0.256s] INFO:colcon.colcon_ros.task.ament_cmake.build:Building ROS package in '/home/rainbow/rby1_fork_ws/src/rby1_moveit/rby1a_v1_1_moveit' with build type 'ament_cmake'
[0.256s] INFO:colcon.colcon_cmake.task.cmake.build:Building CMake package in '/home/rainbow/rby1_fork_ws/src/rby1_moveit/rby1a_v1_1_moveit'
[0.257s] INFO:colcon.colcon_core.plugin_system:Skipping extension 'colcon_core.shell.bat': Not used on non-Windows systems
[0.257s] INFO:colcon.colcon_core.shell:Skip shell extension 'powershell' for command environment: Not usable outside of PowerShell
[0.257s] DEBUG:colcon.colcon_core.shell:Skip shell extension 'dsv' for command environment
[0.269s] DEBUG:colcon.colcon_core.event_handler.log_command:Invoking command in '/home/rainbow/rby1_fork_ws/build/rby1a_v1_1_moveit': AMENT_PREFIX_PATH=/home/rainbow/rby1_fork_ws/install/rby1_description:${AMENT_PREFIX_PATH} CMAKE_PREFIX_PATH=/home/rainbow/rby1_fork_ws/install/rby1_description:/home/rainbow/ws_moveit2/install/pilz_industrial_motion_planner_testutils:/home/rainbow/ws_moveit2/install/moveit_runtime:/home/rainbow/ws_moveit2/install/moveit2_tutorials:/home/rainbow/ws_moveit2/install/moveit:/home/rainbow/ws_moveit2/install/moveit_planners:/home/rainbow/ws_moveit2/install/pilz_industrial_motion_planner:/home/rainbow/ws_moveit2/install/moveit_visual_tools:/home/rainbow/ws_moveit2/install/moveit_task_constructor_visualization:/home/rainbow/ws_moveit2/install/moveit_task_constructor_demo:/home/rainbow/ws_moveit2/install/moveit_task_constructor_capabilities:/home/rainbow/ws_moveit2/install/moveit_task_constructor_core:/home/rainbow/ws_moveit2/install/moveit_ros_control_interface:/home/rainbow/ws_moveit2/install/moveit_plugins:/home/rainbow/ws_moveit2/install/moveit_simple_controller_manager:/home/rainbow/ws_moveit2/install/moveit_setup_assistant:/home/rainbow/ws_moveit2/install/moveit_setup_srdf_plugins:/home/rainbow/ws_moveit2/install/moveit_setup_core_plugins:/home/rainbow/ws_moveit2/install/moveit_setup_controllers:/home/rainbow/ws_moveit2/install/moveit_setup_app_plugins:/home/rainbow/ws_moveit2/install/moveit_setup_framework:/home/rainbow/ws_moveit2/install/moveit_servo:/home/rainbow/ws_moveit2/install/moveit_ros:/home/rainbow/ws_moveit2/install/moveit_ros_visualization:/home/rainbow/ws_moveit2/install/moveit_py:/home/rainbow/ws_moveit2/install/moveit_hybrid_planning:/home/rainbow/ws_moveit2/install/moveit_ros_planning_interface:/home/rainbow/ws_moveit2/install/moveit_ros_benchmarks:/home/rainbow/ws_moveit2/install/moveit_ros_warehouse:/home/rainbow/ws_moveit2/install/moveit_ros_robot_interaction:/home/rainbow/ws_moveit2/install/moveit_ros_perception:/home/rainbow/ws_moveit2/install/moveit_resources_prbt_pg70_support:/home/rainbow/ws_moveit2/install/moveit_resources_prbt_moveit_config:/home/rainbow/ws_moveit2/install/moveit_ros_move_group:/home/rainbow/ws_moveit2/install/moveit_planners_ompl:/home/rainbow/ws_moveit2/install/moveit_ros_planning:/home/rainbow/ws_moveit2/install/moveit_ros_occupancy_map_monitor:/home/rainbow/ws_moveit2/install/moveit_resources_prbt_ikfast_manipulator_plugin:/home/rainbow/ws_moveit2/install/moveit_planners_chomp:/home/rainbow/ws_moveit2/install/moveit_kinematics:/home/rainbow/ws_moveit2/install/moveit_chomp_optimizer_adapter:/home/rainbow/ws_moveit2/install/chomp_motion_planner:/home/rainbow/ws_moveit2/install/moveit_core:/home/rainbow/ws_moveit2/install/srdfdom:/home/rainbow/ws_moveit2/install/rviz_marker_tools:/home/rainbow/ws_moveit2/install/rosparam_shortcuts:/home/rainbow/ws_moveit2/install/moveit_task_constructor_msgs:/home/rainbow/ws_moveit2/install/moveit_resources_prbt_support:/home/rainbow/ws_moveit2/install/moveit_resources:/home/rainbow/ws_moveit2/install/moveit_resources_pr2_description:/home/rainbow/ws_moveit2/install/moveit_resources_panda_moveit_config:/home/rainbow/ws_moveit2/install/moveit_resources_panda_description:/home/rainbow/ws_moveit2/install/moveit_resources_fanuc_moveit_config:/home/rainbow/ws_moveit2/install/moveit_resources_fanuc_description:/home/rainbow/ws_moveit2/install/moveit_common:/home/rainbow/rby1_ros2_ws/install/rby1_bringup:/home/rainbow/rby1_ros2_ws/install/rby1_moveit_config:/home/rainbow/rby1_ros2_ws/install/rby1_hardware:/home/rainbow/rby1_ros2_ws/install/rby1_description:/home/rainbow/sdk/rby1-sdk:/home/rainbow/sdk/rby1-sdk:/home/rainbow/ws_moveit2/install/moveit_configs_utils:/home/rainbow/ws_moveit2/install/launch_param_builder:/home/rainbow/rby1_ros2_ws/install/rby1_subscriber_pkg:/home/rainbow/rby1_ros2_ws/install/rby1_mobile_control:/opt/ros/humble /opt/cmake/bin/cmake /home/rainbow/rby1_fork_ws/src/rby1_moveit/rby1a_v1_1_moveit -DCMAKE_INSTALL_PREFIX=/home/rainbow/rby1_fork_ws/install/rby1a_v1_1_moveit
[0.495s] DEBUG:colcon.colcon_core.event_handler.log_command:Invoked command in '/home/rainbow/rby1_fork_ws/build/rby1a_v1_1_moveit' returned '0': AMENT_PREFIX_PATH=/home/rainbow/rby1_fork_ws/install/rby1_description:${AMENT_PREFIX_PATH} CMAKE_PREFIX_PATH=/home/rainbow/rby1_fork_ws/install/rby1_description:/home/rainbow/ws_moveit2/install/pilz_industrial_motion_planner_testutils:/home/rainbow/ws_moveit2/install/moveit_runtime:/home/rainbow/ws_moveit2/install/moveit2_tutorials:/home/rainbow/ws_moveit2/install/moveit:/home/rainbow/ws_moveit2/install/moveit_planners:/home/rainbow/ws_moveit2/install/pilz_industrial_motion_planner:/home/rainbow/ws_moveit2/install/moveit_visual_tools:/home/rainbow/ws_moveit2/install/moveit_task_constructor_visualization:/home/rainbow/ws_moveit2/install/moveit_task_constructor_demo:/home/rainbow/ws_moveit2/install/moveit_task_constructor_capabilities:/home/rainbow/ws_moveit2/install/moveit_task_constructor_core:/home/rainbow/ws_moveit2/install/moveit_ros_control_interface:/home/rainbow/ws_moveit2/install/moveit_plugins:/home/rainbow/ws_moveit2/install/moveit_simple_controller_manager:/home/rainbow/ws_moveit2/install/moveit_setup_assistant:/home/rainbow/ws_moveit2/install/moveit_setup_srdf_plugins:/home/rainbow/ws_moveit2/install/moveit_setup_core_plugins:/home/rainbow/ws_moveit2/install/moveit_setup_controllers:/home/rainbow/ws_moveit2/install/moveit_setup_app_plugins:/home/rainbow/ws_moveit2/install/moveit_setup_framework:/home/rainbow/ws_moveit2/install/moveit_servo:/home/rainbow/ws_moveit2/install/moveit_ros:/home/rainbow/ws_moveit2/install/moveit_ros_visualization:/home/rainbow/ws_moveit2/install/moveit_py:/home/rainbow/ws_moveit2/install/moveit_hybrid_planning:/home/rainbow/ws_moveit2/install/moveit_ros_planning_interface:/home/rainbow/ws_moveit2/install/moveit_ros_benchmarks:/home/rainbow/ws_moveit2/install/moveit_ros_warehouse:/home/rainbow/ws_moveit2/install/moveit_ros_robot_interaction:/home/rainbow/ws_moveit2/install/moveit_ros_perception:/home/rainbow/ws_moveit2/install/moveit_resources_prbt_pg70_support:/home/rainbow/ws_moveit2/install/moveit_resources_prbt_moveit_config:/home/rainbow/ws_moveit2/install/moveit_ros_move_group:/home/rainbow/ws_moveit2/install/moveit_planners_ompl:/home/rainbow/ws_moveit2/install/moveit_ros_planning:/home/rainbow/ws_moveit2/install/moveit_ros_occupancy_map_monitor:/home/rainbow/ws_moveit2/install/moveit_resources_prbt_ikfast_manipulator_plugin:/home/rainbow/ws_moveit2/install/moveit_planners_chomp:/home/rainbow/ws_moveit2/install/moveit_kinematics:/home/rainbow/ws_moveit2/install/moveit_chomp_optimizer_adapter:/home/rainbow/ws_moveit2/install/chomp_motion_planner:/home/rainbow/ws_moveit2/install/moveit_core:/home/rainbow/ws_moveit2/install/srdfdom:/home/rainbow/ws_moveit2/install/rviz_marker_tools:/home/rainbow/ws_moveit2/install/rosparam_shortcuts:/home/rainbow/ws_moveit2/install/moveit_task_constructor_msgs:/home/rainbow/ws_moveit2/install/moveit_resources_prbt_support:/home/rainbow/ws_moveit2/install/moveit_resources:/home/rainbow/ws_moveit2/install/moveit_resources_pr2_description:/home/rainbow/ws_moveit2/install/moveit_resources_panda_moveit_config:/home/rainbow/ws_moveit2/install/moveit_resources_panda_description:/home/rainbow/ws_moveit2/install/moveit_resources_fanuc_moveit_config:/home/rainbow/ws_moveit2/install/moveit_resources_fanuc_description:/home/rainbow/ws_moveit2/install/moveit_common:/home/rainbow/rby1_ros2_ws/install/rby1_bringup:/home/rainbow/rby1_ros2_ws/install/rby1_moveit_config:/home/rainbow/rby1_ros2_ws/install/rby1_hardware:/home/rainbow/rby1_ros2_ws/install/rby1_description:/home/rainbow/sdk/rby1-sdk:/home/rainbow/sdk/rby1-sdk:/home/rainbow/ws_moveit2/install/moveit_configs_utils:/home/rainbow/ws_moveit2/install/launch_param_builder:/home/rainbow/rby1_ros2_ws/install/rby1_subscriber_pkg:/home/rainbow/rby1_ros2_ws/install/rby1_mobile_control:/opt/ros/humble /opt/cmake/bin/cmake /home/rainbow/rby1_fork_ws/src/rby1_moveit/rby1a_v1_1_moveit -DCMAKE_INSTALL_PREFIX=/home/rainbow/rby1_fork_ws/install/rby1a_v1_1_moveit
[0.496s] DEBUG:colcon.colcon_core.event_handler.log_command:Invoking command in '/home/rainbow/rby1_fork_ws/build/rby1a_v1_1_moveit': AMENT_PREFIX_PATH=/home/rainbow/rby1_fork_ws/install/rby1_description:${AMENT_PREFIX_PATH} CMAKE_PREFIX_PATH=/home/rainbow/rby1_fork_ws/install/rby1_description:/home/rainbow/ws_moveit2/install/pilz_industrial_motion_planner_testutils:/home/rainbow/ws_moveit2/install/moveit_runtime:/home/rainbow/ws_moveit2/install/moveit2_tutorials:/home/rainbow/ws_moveit2/install/moveit:/home/rainbow/ws_moveit2/install/moveit_planners:/home/rainbow/ws_moveit2/install/pilz_industrial_motion_planner:/home/rainbow/ws_moveit2/install/moveit_visual_tools:/home/rainbow/ws_moveit2/install/moveit_task_constructor_visualization:/home/rainbow/ws_moveit2/install/moveit_task_constructor_demo:/home/rainbow/ws_moveit2/install/moveit_task_constructor_capabilities:/home/rainbow/ws_moveit2/install/moveit_task_constructor_core:/home/rainbow/ws_moveit2/install/moveit_ros_control_interface:/home/rainbow/ws_moveit2/install/moveit_plugins:/home/rainbow/ws_moveit2/install/moveit_simple_controller_manager:/home/rainbow/ws_moveit2/install/moveit_setup_assistant:/home/rainbow/ws_moveit2/install/moveit_setup_srdf_plugins:/home/rainbow/ws_moveit2/install/moveit_setup_core_plugins:/home/rainbow/ws_moveit2/install/moveit_setup_controllers:/home/rainbow/ws_moveit2/install/moveit_setup_app_plugins:/home/rainbow/ws_moveit2/install/moveit_setup_framework:/home/rainbow/ws_moveit2/install/moveit_servo:/home/rainbow/ws_moveit2/install/moveit_ros:/home/rainbow/ws_moveit2/install/moveit_ros_visualization:/home/rainbow/ws_moveit2/install/moveit_py:/home/rainbow/ws_moveit2/install/moveit_hybrid_planning:/home/rainbow/ws_moveit2/install/moveit_ros_planning_interface:/home/rainbow/ws_moveit2/install/moveit_ros_benchmarks:/home/rainbow/ws_moveit2/install/moveit_ros_warehouse:/home/rainbow/ws_moveit2/install/moveit_ros_robot_interaction:/home/rainbow/ws_moveit2/install/moveit_ros_perception:/home/rainbow/ws_moveit2/install/moveit_resources_prbt_pg70_support:/home/rainbow/ws_moveit2/install/moveit_resources_prbt_moveit_config:/home/rainbow/ws_moveit2/install/moveit_ros_move_group:/home/rainbow/ws_moveit2/install/moveit_planners_ompl:/home/rainbow/ws_moveit2/install/moveit_ros_planning:/home/rainbow/ws_moveit2/install/moveit_ros_occupancy_map_monitor:/home/rainbow/ws_moveit2/install/moveit_resources_prbt_ikfast_manipulator_plugin:/home/rainbow/ws_moveit2/install/moveit_planners_chomp:/home/rainbow/ws_moveit2/install/moveit_kinematics:/home/rainbow/ws_moveit2/install/moveit_chomp_optimizer_adapter:/home/rainbow/ws_moveit2/install/chomp_motion_planner:/home/rainbow/ws_moveit2/install/moveit_core:/home/rainbow/ws_moveit2/install/srdfdom:/home/rainbow/ws_moveit2/install/rviz_marker_tools:/home/rainbow/ws_moveit2/install/rosparam_shortcuts:/home/rainbow/ws_moveit2/install/moveit_task_constructor_msgs:/home/rainbow/ws_moveit2/install/moveit_resources_prbt_support:/home/rainbow/ws_moveit2/install/moveit_resources:/home/rainbow/ws_moveit2/install/moveit_resources_pr2_description:/home/rainbow/ws_moveit2/install/moveit_resources_panda_moveit_config:/home/rainbow/ws_moveit2/install/moveit_resources_panda_description:/home/rainbow/ws_moveit2/install/moveit_resources_fanuc_moveit_config:/home/rainbow/ws_moveit2/install/moveit_resources_fanuc_description:/home/rainbow/ws_moveit2/install/moveit_common:/home/rainbow/rby1_ros2_ws/install/rby1_bringup:/home/rainbow/rby1_ros2_ws/install/rby1_moveit_config:/home/rainbow/rby1_ros2_ws/install/rby1_hardware:/home/rainbow/rby1_ros2_ws/install/rby1_description:/home/rainbow/sdk/rby1-sdk:/home/rainbow/sdk/rby1-sdk:/home/rainbow/ws_moveit2/install/moveit_configs_utils:/home/rainbow/ws_moveit2/install/launch_param_builder:/home/rainbow/rby1_ros2_ws/install/rby1_subscriber_pkg:/home/rainbow/rby1_ros2_ws/install/rby1_mobile_control:/opt/ros/humble /opt/cmake/bin/cmake --build /home/rainbow/rby1_fork_ws/build/rby1a_v1_1_moveit -- -j16 -l16
[0.510s] DEBUG:colcon.colcon_core.event_handler.log_command:Invoked command in '/home/rainbow/rby1_fork_ws/build/rby1a_v1_1_moveit' returned '0': AMENT_PREFIX_PATH=/home/rainbow/rby1_fork_ws/install/rby1_description:${AMENT_PREFIX_PATH} CMAKE_PREFIX_PATH=/home/rainbow/rby1_fork_ws/install/rby1_description:/home/rainbow/ws_moveit2/install/pilz_industrial_motion_planner_testutils:/home/rainbow/ws_moveit2/install/moveit_runtime:/home/rainbow/ws_moveit2/install/moveit2_tutorials:/home/rainbow/ws_moveit2/install/moveit:/home/rainbow/ws_moveit2/install/moveit_planners:/home/rainbow/ws_moveit2/install/pilz_industrial_motion_planner:/home/rainbow/ws_moveit2/install/moveit_visual_tools:/home/rainbow/ws_moveit2/install/moveit_task_constructor_visualization:/home/rainbow/ws_moveit2/install/moveit_task_constructor_demo:/home/rainbow/ws_moveit2/install/moveit_task_constructor_capabilities:/home/rainbow/ws_moveit2/install/moveit_task_constructor_core:/home/rainbow/ws_moveit2/install/moveit_ros_control_interface:/home/rainbow/ws_moveit2/install/moveit_plugins:/home/rainbow/ws_moveit2/install/moveit_simple_controller_manager:/home/rainbow/ws_moveit2/install/moveit_setup_assistant:/home/rainbow/ws_moveit2/install/moveit_setup_srdf_plugins:/home/rainbow/ws_moveit2/install/moveit_setup_core_plugins:/home/rainbow/ws_moveit2/install/moveit_setup_controllers:/home/rainbow/ws_moveit2/install/moveit_setup_app_plugins:/home/rainbow/ws_moveit2/install/moveit_setup_framework:/home/rainbow/ws_moveit2/install/moveit_servo:/home/rainbow/ws_moveit2/install/moveit_ros:/home/rainbow/ws_moveit2/install/moveit_ros_visualization:/home/rainbow/ws_moveit2/install/moveit_py:/home/rainbow/ws_moveit2/install/moveit_hybrid_planning:/home/rainbow/ws_moveit2/install/moveit_ros_planning_interface:/home/rainbow/ws_moveit2/install/moveit_ros_benchmarks:/home/rainbow/ws_moveit2/install/moveit_ros_warehouse:/home/rainbow/ws_moveit2/install/moveit_ros_robot_interaction:/home/rainbow/ws_moveit2/install/moveit_ros_perception:/home/rainbow/ws_moveit2/install/moveit_resources_prbt_pg70_support:/home/rainbow/ws_moveit2/install/moveit_resources_prbt_moveit_config:/home/rainbow/ws_moveit2/install/moveit_ros_move_group:/home/rainbow/ws_moveit2/install/moveit_planners_ompl:/home/rainbow/ws_moveit2/install/moveit_ros_planning:/home/rainbow/ws_moveit2/install/moveit_ros_occupancy_map_monitor:/home/rainbow/ws_moveit2/install/moveit_resources_prbt_ikfast_manipulator_plugin:/home/rainbow/ws_moveit2/install/moveit_planners_chomp:/home/rainbow/ws_moveit2/install/moveit_kinematics:/home/rainbow/ws_moveit2/install/moveit_chomp_optimizer_adapter:/home/rainbow/ws_moveit2/install/chomp_motion_planner:/home/rainbow/ws_moveit2/install/moveit_core:/home/rainbow/ws_moveit2/install/srdfdom:/home/rainbow/ws_moveit2/install/rviz_marker_tools:/home/rainbow/ws_moveit2/install/rosparam_shortcuts:/home/rainbow/ws_moveit2/install/moveit_task_constructor_msgs:/home/rainbow/ws_moveit2/install/moveit_resources_prbt_support:/home/rainbow/ws_moveit2/install/moveit_resources:/home/rainbow/ws_moveit2/install/moveit_resources_pr2_description:/home/rainbow/ws_moveit2/install/moveit_resources_panda_moveit_config:/home/rainbow/ws_moveit2/install/moveit_resources_panda_description:/home/rainbow/ws_moveit2/install/moveit_resources_fanuc_moveit_config:/home/rainbow/ws_moveit2/install/moveit_resources_fanuc_description:/home/rainbow/ws_moveit2/install/moveit_common:/home/rainbow/rby1_ros2_ws/install/rby1_bringup:/home/rainbow/rby1_ros2_ws/install/rby1_moveit_config:/home/rainbow/rby1_ros2_ws/install/rby1_hardware:/home/rainbow/rby1_ros2_ws/install/rby1_description:/home/rainbow/sdk/rby1-sdk:/home/rainbow/sdk/rby1-sdk:/home/rainbow/ws_moveit2/install/moveit_configs_utils:/home/rainbow/ws_moveit2/install/launch_param_builder:/home/rainbow/rby1_ros2_ws/install/rby1_subscriber_pkg:/home/rainbow/rby1_ros2_ws/install/rby1_mobile_control:/opt/ros/humble /opt/cmake/bin/cmake --build /home/rainbow/rby1_fork_ws/build/rby1a_v1_1_moveit -- -j16 -l16
[0.513s] DEBUG:colcon.colcon_core.event_handler.log_command:Invoking command in '/home/rainbow/rby1_fork_ws/build/rby1a_v1_1_moveit': AMENT_PREFIX_PATH=/home/rainbow/rby1_fork_ws/install/rby1_description:${AMENT_PREFIX_PATH} CMAKE_PREFIX_PATH=/home/rainbow/rby1_fork_ws/install/rby1_description:/home/rainbow/ws_moveit2/install/pilz_industrial_motion_planner_testutils:/home/rainbow/ws_moveit2/install/moveit_runtime:/home/rainbow/ws_moveit2/install/moveit2_tutorials:/home/rainbow/ws_moveit2/install/moveit:/home/rainbow/ws_moveit2/install/moveit_planners:/home/rainbow/ws_moveit2/install/pilz_industrial_motion_planner:/home/rainbow/ws_moveit2/install/moveit_visual_tools:/home/rainbow/ws_moveit2/install/moveit_task_constructor_visualization:/home/rainbow/ws_moveit2/install/moveit_task_constructor_demo:/home/rainbow/ws_moveit2/install/moveit_task_constructor_capabilities:/home/rainbow/ws_moveit2/install/moveit_task_constructor_core:/home/rainbow/ws_moveit2/install/moveit_ros_control_interface:/home/rainbow/ws_moveit2/install/moveit_plugins:/home/rainbow/ws_moveit2/install/moveit_simple_controller_manager:/home/rainbow/ws_moveit2/install/moveit_setup_assistant:/home/rainbow/ws_moveit2/install/moveit_setup_srdf_plugins:/home/rainbow/ws_moveit2/install/moveit_setup_core_plugins:/home/rainbow/ws_moveit2/install/moveit_setup_controllers:/home/rainbow/ws_moveit2/install/moveit_setup_app_plugins:/home/rainbow/ws_moveit2/install/moveit_setup_framework:/home/rainbow/ws_moveit2/install/moveit_servo:/home/rainbow/ws_moveit2/install/moveit_ros:/home/rainbow/ws_moveit2/install/moveit_ros_visualization:/home/rainbow/ws_moveit2/install/moveit_py:/home/rainbow/ws_moveit2/install/moveit_hybrid_planning:/home/rainbow/ws_moveit2/install/moveit_ros_planning_interface:/home/rainbow/ws_moveit2/install/moveit_ros_benchmarks:/home/rainbow/ws_moveit2/install/moveit_ros_warehouse:/home/rainbow/ws_moveit2/install/moveit_ros_robot_interaction:/home/rainbow/ws_moveit2/install/moveit_ros_perception:/home/rainbow/ws_moveit2/install/moveit_resources_prbt_pg70_support:/home/rainbow/ws_moveit2/install/moveit_resources_prbt_moveit_config:/home/rainbow/ws_moveit2/install/moveit_ros_move_group:/home/rainbow/ws_moveit2/install/moveit_planners_ompl:/home/rainbow/ws_moveit2/install/moveit_ros_planning:/home/rainbow/ws_moveit2/install/moveit_ros_occupancy_map_monitor:/home/rainbow/ws_moveit2/install/moveit_resources_prbt_ikfast_manipulator_plugin:/home/rainbow/ws_moveit2/install/moveit_planners_chomp:/home/rainbow/ws_moveit2/install/moveit_kinematics:/home/rainbow/ws_moveit2/install/moveit_chomp_optimizer_adapter:/home/rainbow/ws_moveit2/install/chomp_motion_planner:/home/rainbow/ws_moveit2/install/moveit_core:/home/rainbow/ws_moveit2/install/srdfdom:/home/rainbow/ws_moveit2/install/rviz_marker_tools:/home/rainbow/ws_moveit2/install/rosparam_shortcuts:/home/rainbow/ws_moveit2/install/moveit_task_constructor_msgs:/home/rainbow/ws_moveit2/install/moveit_resources_prbt_support:/home/rainbow/ws_moveit2/install/moveit_resources:/home/rainbow/ws_moveit2/install/moveit_resources_pr2_description:/home/rainbow/ws_moveit2/install/moveit_resources_panda_moveit_config:/home/rainbow/ws_moveit2/install/moveit_resources_panda_description:/home/rainbow/ws_moveit2/install/moveit_resources_fanuc_moveit_config:/home/rainbow/ws_moveit2/install/moveit_resources_fanuc_description:/home/rainbow/ws_moveit2/install/moveit_common:/home/rainbow/rby1_ros2_ws/install/rby1_bringup:/home/rainbow/rby1_ros2_ws/install/rby1_moveit_config:/home/rainbow/rby1_ros2_ws/install/rby1_hardware:/home/rainbow/rby1_ros2_ws/install/rby1_description:/home/rainbow/sdk/rby1-sdk:/home/rainbow/sdk/rby1-sdk:/home/rainbow/ws_moveit2/install/moveit_configs_utils:/home/rainbow/ws_moveit2/install/launch_param_builder:/home/rainbow/rby1_ros2_ws/install/rby1_subscriber_pkg:/home/rainbow/rby1_ros2_ws/install/rby1_mobile_control:/opt/ros/humble /opt/cmake/bin/cmake --install /home/rainbow/rby1_fork_ws/build/rby1a_v1_1_moveit
[0.521s] Level 1:colcon.colcon_core.environment:create_environment_scripts_only(rby1a_v1_1_moveit)
[0.522s] DEBUG:colcon.colcon_core.event_handler.log_command:Invoked command in '/home/rainbow/rby1_fork_ws/build/rby1a_v1_1_moveit' returned '0': AMENT_PREFIX_PATH=/home/rainbow/rby1_fork_ws/install/rby1_description:${AMENT_PREFIX_PATH} CMAKE_PREFIX_PATH=/home/rainbow/rby1_fork_ws/install/rby1_description:/home/rainbow/ws_moveit2/install/pilz_industrial_motion_planner_testutils:/home/rainbow/ws_moveit2/install/moveit_runtime:/home/rainbow/ws_moveit2/install/moveit2_tutorials:/home/rainbow/ws_moveit2/install/moveit:/home/rainbow/ws_moveit2/install/moveit_planners:/home/rainbow/ws_moveit2/install/pilz_industrial_motion_planner:/home/rainbow/ws_moveit2/install/moveit_visual_tools:/home/rainbow/ws_moveit2/install/moveit_task_constructor_visualization:/home/rainbow/ws_moveit2/install/moveit_task_constructor_demo:/home/rainbow/ws_moveit2/install/moveit_task_constructor_capabilities:/home/rainbow/ws_moveit2/install/moveit_task_constructor_core:/home/rainbow/ws_moveit2/install/moveit_ros_control_interface:/home/rainbow/ws_moveit2/install/moveit_plugins:/home/rainbow/ws_moveit2/install/moveit_simple_controller_manager:/home/rainbow/ws_moveit2/install/moveit_setup_assistant:/home/rainbow/ws_moveit2/install/moveit_setup_srdf_plugins:/home/rainbow/ws_moveit2/install/moveit_setup_core_plugins:/home/rainbow/ws_moveit2/install/moveit_setup_controllers:/home/rainbow/ws_moveit2/install/moveit_setup_app_plugins:/home/rainbow/ws_moveit2/install/moveit_setup_framework:/home/rainbow/ws_moveit2/install/moveit_servo:/home/rainbow/ws_moveit2/install/moveit_ros:/home/rainbow/ws_moveit2/install/moveit_ros_visualization:/home/rainbow/ws_moveit2/install/moveit_py:/home/rainbow/ws_moveit2/install/moveit_hybrid_planning:/home/rainbow/ws_moveit2/install/moveit_ros_planning_interface:/home/rainbow/ws_moveit2/install/moveit_ros_benchmarks:/home/rainbow/ws_moveit2/install/moveit_ros_warehouse:/home/rainbow/ws_moveit2/install/moveit_ros_robot_interaction:/home/rainbow/ws_moveit2/install/moveit_ros_perception:/home/rainbow/ws_moveit2/install/moveit_resources_prbt_pg70_support:/home/rainbow/ws_moveit2/install/moveit_resources_prbt_moveit_config:/home/rainbow/ws_moveit2/install/moveit_ros_move_group:/home/rainbow/ws_moveit2/install/moveit_planners_ompl:/home/rainbow/ws_moveit2/install/moveit_ros_planning:/home/rainbow/ws_moveit2/install/moveit_ros_occupancy_map_monitor:/home/rainbow/ws_moveit2/install/moveit_resources_prbt_ikfast_manipulator_plugin:/home/rainbow/ws_moveit2/install/moveit_planners_chomp:/home/rainbow/ws_moveit2/install/moveit_kinematics:/home/rainbow/ws_moveit2/install/moveit_chomp_optimizer_adapter:/home/rainbow/ws_moveit2/install/chomp_motion_planner:/home/rainbow/ws_moveit2/install/moveit_core:/home/rainbow/ws_moveit2/install/srdfdom:/home/rainbow/ws_moveit2/install/rviz_marker_tools:/home/rainbow/ws_moveit2/install/rosparam_shortcuts:/home/rainbow/ws_moveit2/install/moveit_task_constructor_msgs:/home/rainbow/ws_moveit2/install/moveit_resources_prbt_support:/home/rainbow/ws_moveit2/install/moveit_resources:/home/rainbow/ws_moveit2/install/moveit_resources_pr2_description:/home/rainbow/ws_moveit2/install/moveit_resources_panda_moveit_config:/home/rainbow/ws_moveit2/install/moveit_resources_panda_description:/home/rainbow/ws_moveit2/install/moveit_resources_fanuc_moveit_config:/home/rainbow/ws_moveit2/install/moveit_resources_fanuc_description:/home/rainbow/ws_moveit2/install/moveit_common:/home/rainbow/rby1_ros2_ws/install/rby1_bringup:/home/rainbow/rby1_ros2_ws/install/rby1_moveit_config:/home/rainbow/rby1_ros2_ws/install/rby1_hardware:/home/rainbow/rby1_ros2_ws/install/rby1_description:/home/rainbow/sdk/rby1-sdk:/home/rainbow/sdk/rby1-sdk:/home/rainbow/ws_moveit2/install/moveit_configs_utils:/home/rainbow/ws_moveit2/install/launch_param_builder:/home/rainbow/rby1_ros2_ws/install/rby1_subscriber_pkg:/home/rainbow/rby1_ros2_ws/install/rby1_mobile_control:/opt/ros/humble /opt/cmake/bin/cmake --install /home/rainbow/rby1_fork_ws/build/rby1a_v1_1_moveit
[0.523s] Level 1:colcon.colcon_core.environment:checking '/home/rainbow/rby1_fork_ws/install/rby1a_v1_1_moveit' for CMake module files
[0.523s] Level 1:colcon.colcon_core.environment:checking '/home/rainbow/rby1_fork_ws/install/rby1a_v1_1_moveit' for CMake config files
[0.523s] Level 1:colcon.colcon_core.shell:create_environment_hook('rby1a_v1_1_moveit', 'cmake_prefix_path')
[0.523s] INFO:colcon.colcon_core.shell:Creating environment hook '/home/rainbow/rby1_fork_ws/install/rby1a_v1_1_moveit/share/rby1a_v1_1_moveit/hook/cmake_prefix_path.ps1'
[0.524s] INFO:colcon.colcon_core.shell:Creating environment descriptor '/home/rainbow/rby1_fork_ws/install/rby1a_v1_1_moveit/share/rby1a_v1_1_moveit/hook/cmake_prefix_path.dsv'
[0.524s] INFO:colcon.colcon_core.shell:Creating environment hook '/home/rainbow/rby1_fork_ws/install/rby1a_v1_1_moveit/share/rby1a_v1_1_moveit/hook/cmake_prefix_path.sh'
[0.524s] Level 1:colcon.colcon_core.environment:checking '/home/rainbow/rby1_fork_ws/install/rby1a_v1_1_moveit/bin'
[0.524s] Level 1:colcon.colcon_core.environment:checking '/home/rainbow/rby1_fork_ws/install/rby1a_v1_1_moveit/lib/pkgconfig/rby1a_v1_1_moveit.pc'
[0.524s] Level 1:colcon.colcon_core.environment:checking '/home/rainbow/rby1_fork_ws/install/rby1a_v1_1_moveit/lib/python3.10/site-packages'
[0.525s] Level 1:colcon.colcon_core.environment:checking '/home/rainbow/rby1_fork_ws/install/rby1a_v1_1_moveit/bin'
[0.525s] INFO:colcon.colcon_core.shell:Creating package script '/home/rainbow/rby1_fork_ws/install/rby1a_v1_1_moveit/share/rby1a_v1_1_moveit/package.ps1'
[0.525s] INFO:colcon.colcon_core.shell:Creating package descriptor '/home/rainbow/rby1_fork_ws/install/rby1a_v1_1_moveit/share/rby1a_v1_1_moveit/package.dsv'
[0.525s] INFO:colcon.colcon_core.shell:Creating package script '/home/rainbow/rby1_fork_ws/install/rby1a_v1_1_moveit/share/rby1a_v1_1_moveit/package.sh'
[0.526s] INFO:colcon.colcon_core.shell:Creating package script '/home/rainbow/rby1_fork_ws/install/rby1a_v1_1_moveit/share/rby1a_v1_1_moveit/package.bash'
[0.526s] INFO:colcon.colcon_core.shell:Creating package script '/home/rainbow/rby1_fork_ws/install/rby1a_v1_1_moveit/share/rby1a_v1_1_moveit/package.zsh'
[0.526s] Level 1:colcon.colcon_core.environment:create_file_with_runtime_dependencies(/home/rainbow/rby1_fork_ws/install/rby1a_v1_1_moveit/share/colcon-core/packages/rby1a_v1_1_moveit)
[0.527s] Level 1:colcon.colcon_core.environment:create_environment_scripts_only(rby1a_v1_1_moveit)
[0.527s] Level 1:colcon.colcon_core.environment:checking '/home/rainbow/rby1_fork_ws/install/rby1a_v1_1_moveit' for CMake module files
[0.527s] Level 1:colcon.colcon_core.environment:checking '/home/rainbow/rby1_fork_ws/install/rby1a_v1_1_moveit' for CMake config files
[0.527s] Level 1:colcon.colcon_core.shell:create_environment_hook('rby1a_v1_1_moveit', 'cmake_prefix_path')
[0.527s] INFO:colcon.colcon_core.shell:Creating environment hook '/home/rainbow/rby1_fork_ws/install/rby1a_v1_1_moveit/share/rby1a_v1_1_moveit/hook/cmake_prefix_path.ps1'
[0.527s] INFO:colcon.colcon_core.shell:Creating environment descriptor '/home/rainbow/rby1_fork_ws/install/rby1a_v1_1_moveit/share/rby1a_v1_1_moveit/hook/cmake_prefix_path.dsv'
[0.528s] INFO:colcon.colcon_core.shell:Creating environment hook '/home/rainbow/rby1_fork_ws/install/rby1a_v1_1_moveit/share/rby1a_v1_1_moveit/hook/cmake_prefix_path.sh'
[0.528s] Level 1:colcon.colcon_core.environment:checking '/home/rainbow/rby1_fork_ws/install/rby1a_v1_1_moveit/bin'
[0.528s] Level 1:colcon.colcon_core.environment:checking '/home/rainbow/rby1_fork_ws/install/rby1a_v1_1_moveit/lib/pkgconfig/rby1a_v1_1_moveit.pc'
[0.528s] Level 1:colcon.colcon_core.environment:checking '/home/rainbow/rby1_fork_ws/install/rby1a_v1_1_moveit/lib/python3.10/site-packages'
[0.528s] Level 1:colcon.colcon_core.environment:checking '/home/rainbow/rby1_fork_ws/install/rby1a_v1_1_moveit/bin'
[0.528s] INFO:colcon.colcon_core.shell:Creating package script '/home/rainbow/rby1_fork_ws/install/rby1a_v1_1_moveit/share/rby1a_v1_1_moveit/package.ps1'
[0.528s] INFO:colcon.colcon_core.shell:Creating package descriptor '/home/rainbow/rby1_fork_ws/install/rby1a_v1_1_moveit/share/rby1a_v1_1_moveit/package.dsv'
[0.529s] INFO:colcon.colcon_core.shell:Creating package script '/home/rainbow/rby1_fork_ws/install/rby1a_v1_1_moveit/share/rby1a_v1_1_moveit/package.sh'
[0.529s] INFO:colcon.colcon_core.shell:Creating package script '/home/rainbow/rby1_fork_ws/install/rby1a_v1_1_moveit/share/rby1a_v1_1_moveit/package.bash'
[0.529s] INFO:colcon.colcon_core.shell:Creating package script '/home/rainbow/rby1_fork_ws/install/rby1a_v1_1_moveit/share/rby1a_v1_1_moveit/package.zsh'
[0.529s] Level 1:colcon.colcon_core.environment:create_file_with_runtime_dependencies(/home/rainbow/rby1_fork_ws/install/rby1a_v1_1_moveit/share/colcon-core/packages/rby1a_v1_1_moveit)
[0.529s] DEBUG:colcon.colcon_parallel_executor.executor.parallel:closing loop
[0.529s] DEBUG:colcon.colcon_parallel_executor.executor.parallel:loop closed
[0.529s] DEBUG:colcon.colcon_parallel_executor.executor.parallel:run_until_complete finished with '0'
[0.530s] DEBUG:colcon.colcon_core.event_reactor:joining thread
[0.533s] INFO:colcon.colcon_core.plugin_system:Skipping extension 'colcon_notification.desktop_notification.terminal_notifier': Not used on non-Darwin systems
[0.533s] INFO:colcon.colcon_core.plugin_system:Skipping extension 'colcon_notification.desktop_notification.win32': Not used on non-Windows systems
[0.533s] INFO:colcon.colcon_notification.desktop_notification:Sending desktop notification using 'notify2'
[0.540s] DEBUG:colcon.colcon_core.event_reactor:joined thread
[0.541s] INFO:colcon.colcon_core.shell:Creating prefix script '/home/rainbow/rby1_fork_ws/install/local_setup.ps1'
[0.541s] INFO:colcon.colcon_core.shell:Creating prefix util module '/home/rainbow/rby1_fork_ws/install/_local_setup_util_ps1.py'
[0.542s] INFO:colcon.colcon_core.shell:Creating prefix chain script '/home/rainbow/rby1_fork_ws/install/setup.ps1'
[0.544s] INFO:colcon.colcon_core.shell:Creating prefix script '/home/rainbow/rby1_fork_ws/install/local_setup.sh'
[0.544s] INFO:colcon.colcon_core.shell:Creating prefix util module '/home/rainbow/rby1_fork_ws/install/_local_setup_util_sh.py'
[0.545s] INFO:colcon.colcon_core.shell:Creating prefix chain script '/home/rainbow/rby1_fork_ws/install/setup.sh'
[0.546s] INFO:colcon.colcon_core.shell:Creating prefix script '/home/rainbow/rby1_fork_ws/install/local_setup.bash'
[0.547s] INFO:colcon.colcon_core.shell:Creating prefix chain script '/home/rainbow/rby1_fork_ws/install/setup.bash'
[0.548s] INFO:colcon.colcon_core.shell:Creating prefix script '/home/rainbow/rby1_fork_ws/install/local_setup.zsh'
[0.549s] INFO:colcon.colcon_core.shell:Creating prefix chain script '/home/rainbow/rby1_fork_ws/install/setup.zsh'
