[0.334s] Invoking command in '/home/rainbow/rby1_fork_ws/build/rby1a_v1_1_moveit_config': /opt/cmake/bin/cmake /home/rainbow/rby1_fork_ws/src/rby1_moveit/rby1a_v1_1_moveit_config -DCMAKE_INSTALL_PREFIX=/home/rainbow/rby1_fork_ws/install/rby1a_v1_1_moveit_config
[0.374s] -- The C compiler identification is GNU 11.4.0
[0.414s] -- The CXX compiler identification is GNU 11.4.0
[0.424s] -- Detecting C compiler ABI info
[0.476s] -- Detecting C compiler ABI info - done
[0.487s] -- Check for working C compiler: /usr/bin/cc - skipped
[0.487s] -- Detecting C compile features
[0.487s] -- Detecting C compile features - done
[0.490s] -- Detecting CXX compiler ABI info
[0.552s] -- Detecting CXX compiler ABI info - done
[0.563s] -- Check for working CXX compiler: /usr/bin/c++ - skipped
[0.563s] -- Detecting CXX compile features
[0.563s] -- Detecting CXX compile features - done
[0.569s] -- Found ament_cmake: 1.3.12 (/opt/ros/humble/share/ament_cmake/cmake)
[0.669s] -- Found Python3: /usr/bin/python3 (found version "3.10.12") found components: Interpreter
[0.816s] Error parsing '/home/rainbow/rby1_fork_ws/src/rby1_moveit/rby1a_v1_1_moveit_config/package.xml':
[0.837s] Traceback (most recent call last):
[0.837s]   File "/opt/ros/humble/share/ament_cmake_core/cmake/core/package_xml_2_cmake.py", line 150, in <module>
[0.837s]     main()
[0.837s]   File "/opt/ros/humble/share/ament_cmake_core/cmake/core/package_xml_2_cmake.py", line 53, in main
[0.837s]     raise e
[0.837s]   File "/opt/ros/humble/share/ament_cmake_core/cmake/core/package_xml_2_cmake.py", line 49, in main
[0.837s]     package = parse_package_string(
[0.837s]   File "/usr/lib/python3/dist-packages/catkin_pkg/package.py", line 788, in parse_package_string
[0.837s]     pkg.validate(warnings=warnings)
[0.837s]   File "/usr/lib/python3/dist-packages/catkin_pkg/package.py", line 330, in validate
[0.837s]     raise InvalidPackage('\n'.join(errors), self.filename)
[0.837s] catkin_pkg.package.InvalidPackage: Error(s) in package '/home/rainbow/rby1_fork_ws/src/rby1_moveit/rby1a_v1_1_moveit_config/package.xml':
[0.837s] Package 'rby1a_v1_1_moveit_config' must declare at least one maintainer
[0.844s] [31mCMake Error at /opt/ros/humble/share/ament_cmake_core/cmake/core/ament_package_xml.cmake:95 (message):
[0.844s]   execute_process(/usr/bin/python3
[0.844s]   /opt/ros/humble/share/ament_cmake_core/cmake/core/package_xml_2_cmake.py
[0.844s]   /home/rainbow/rby1_fork_ws/src/rby1_moveit/rby1a_v1_1_moveit_config/package.xml
[0.844s]   /home/rainbow/rby1_fork_ws/build/rby1a_v1_1_moveit_config/ament_cmake_core/package.cmake)
[0.844s]   returned error code 1
[0.844s] Call Stack (most recent call first):
[0.844s]   /opt/ros/humble/share/ament_cmake_core/cmake/core/ament_package_xml.cmake:49 (_ament_package_xml)
[0.844s]   /opt/ros/humble/share/ament_cmake_core/cmake/core/ament_package.cmake:63 (ament_package_xml)
[0.845s]   CMakeLists.txt:6 (ament_package)
[0.845s] 
[0.845s] [0m
[0.845s] -- Configuring incomplete, errors occurred!
[0.848s] Invoked command in '/home/rainbow/rby1_fork_ws/build/rby1a_v1_1_moveit_config' returned '1': /opt/cmake/bin/cmake /home/rainbow/rby1_fork_ws/src/rby1_moveit/rby1a_v1_1_moveit_config -DCMAKE_INSTALL_PREFIX=/home/rainbow/rby1_fork_ws/install/rby1a_v1_1_moveit_config
