-- Install configuration: ""
-- Execute custom install script
-- Up-to-date symlink: /home/rainbow/rby1_fork_ws/install/rby1_description/share/rby1_description/urdf/rby1a/model_v1.0.urdf
-- Up-to-date symlink: /home/rainbow/rby1_fork_ws/install/rby1_description/share/rby1_description/urdf/rby1a/model_v1.1.urdf
-- Up-to-date symlink: /home/rainbow/rby1_fork_ws/install/rby1_description/share/rby1_description/urdf/rby1a/model_v1.2.urdf
-- Up-to-date symlink: /home/rainbow/rby1_fork_ws/install/rby1_description/share/rby1_description/urdf/rby1m/model_v1.0.urdf
-- Up-to-date symlink: /home/rainbow/rby1_fork_ws/install/rby1_description/share/rby1_description/urdf/rby1m/model_v1.1.urdf
-- Up-to-date symlink: /home/rainbow/rby1_fork_ws/install/rby1_description/share/rby1_description/urdf/rby1m/model_v1.2.urdf
-- Up-to-date symlink: /home/rainbow/rby1_fork_ws/install/rby1_description/share/rby1_description/urdf/rby1m/model_v1.3.urdf
-- Up-to-date symlink: /home/rainbow/rby1_fork_ws/install/rby1_description/share/rby1_description/meshes/rby1a/EE_BODY.dae
-- Up-to-date symlink: /home/rainbow/rby1_fork_ws/install/rby1_description/share/rby1_description/meshes/rby1a/EE_BODY.glb
-- Up-to-date symlink: /home/rainbow/rby1_fork_ws/install/rby1_description/share/rby1_description/meshes/rby1a/EE_FINGER.dae
-- Up-to-date symlink: /home/rainbow/rby1_fork_ws/install/rby1_description/share/rby1_description/meshes/rby1a/EE_FINGER.glb
-- Up-to-date symlink: /home/rainbow/rby1_fork_ws/install/rby1_description/share/rby1_description/meshes/rby1a/FT_SENSOR_L.dae
-- Up-to-date symlink: /home/rainbow/rby1_fork_ws/install/rby1_description/share/rby1_description/meshes/rby1a/FT_SENSOR_L.glb
-- Up-to-date symlink: /home/rainbow/rby1_fork_ws/install/rby1_description/share/rby1_description/meshes/rby1a/FT_SENSOR_R.dae
-- Up-to-date symlink: /home/rainbow/rby1_fork_ws/install/rby1_description/share/rby1_description/meshes/rby1a/FT_SENSOR_R.glb
-- Up-to-date symlink: /home/rainbow/rby1_fork_ws/install/rby1_description/share/rby1_description/meshes/rby1a/LINK_1.dae
-- Up-to-date symlink: /home/rainbow/rby1_fork_ws/install/rby1_description/share/rby1_description/meshes/rby1a/LINK_1.glb
-- Up-to-date symlink: /home/rainbow/rby1_fork_ws/install/rby1_description/share/rby1_description/meshes/rby1a/LINK_10.dae
-- Up-to-date symlink: /home/rainbow/rby1_fork_ws/install/rby1_description/share/rby1_description/meshes/rby1a/LINK_10.glb
-- Up-to-date symlink: /home/rainbow/rby1_fork_ws/install/rby1_description/share/rby1_description/meshes/rby1a/LINK_11.dae
-- Up-to-date symlink: /home/rainbow/rby1_fork_ws/install/rby1_description/share/rby1_description/meshes/rby1a/LINK_11.glb
-- Up-to-date symlink: /home/rainbow/rby1_fork_ws/install/rby1_description/share/rby1_description/meshes/rby1a/LINK_12.dae
-- Up-to-date symlink: /home/rainbow/rby1_fork_ws/install/rby1_description/share/rby1_description/meshes/rby1a/LINK_12.glb
-- Up-to-date symlink: /home/rainbow/rby1_fork_ws/install/rby1_description/share/rby1_description/meshes/rby1a/LINK_12_v1.1.dae
-- Up-to-date symlink: /home/rainbow/rby1_fork_ws/install/rby1_description/share/rby1_description/meshes/rby1a/LINK_12_v1.1.glb
-- Up-to-date symlink: /home/rainbow/rby1_fork_ws/install/rby1_description/share/rby1_description/meshes/rby1a/LINK_13.dae
-- Up-to-date symlink: /home/rainbow/rby1_fork_ws/install/rby1_description/share/rby1_description/meshes/rby1a/LINK_13.glb
-- Up-to-date symlink: /home/rainbow/rby1_fork_ws/install/rby1_description/share/rby1_description/meshes/rby1a/LINK_13_v1.1.dae
-- Up-to-date symlink: /home/rainbow/rby1_fork_ws/install/rby1_description/share/rby1_description/meshes/rby1a/LINK_13_v1.1.glb
-- Up-to-date symlink: /home/rainbow/rby1_fork_ws/install/rby1_description/share/rby1_description/meshes/rby1a/LINK_14.dae
-- Up-to-date symlink: /home/rainbow/rby1_fork_ws/install/rby1_description/share/rby1_description/meshes/rby1a/LINK_14.glb
-- Up-to-date symlink: /home/rainbow/rby1_fork_ws/install/rby1_description/share/rby1_description/meshes/rby1a/LINK_15.dae
-- Up-to-date symlink: /home/rainbow/rby1_fork_ws/install/rby1_description/share/rby1_description/meshes/rby1a/LINK_15.glb
-- Up-to-date symlink: /home/rainbow/rby1_fork_ws/install/rby1_description/share/rby1_description/meshes/rby1a/LINK_16.dae
-- Up-to-date symlink: /home/rainbow/rby1_fork_ws/install/rby1_description/share/rby1_description/meshes/rby1a/LINK_16.glb
-- Up-to-date symlink: /home/rainbow/rby1_fork_ws/install/rby1_description/share/rby1_description/meshes/rby1a/LINK_17.dae
-- Up-to-date symlink: /home/rainbow/rby1_fork_ws/install/rby1_description/share/rby1_description/meshes/rby1a/LINK_17.glb
-- Up-to-date symlink: /home/rainbow/rby1_fork_ws/install/rby1_description/share/rby1_description/meshes/rby1a/LINK_18.dae
-- Up-to-date symlink: /home/rainbow/rby1_fork_ws/install/rby1_description/share/rby1_description/meshes/rby1a/LINK_18.glb
-- Up-to-date symlink: /home/rainbow/rby1_fork_ws/install/rby1_description/share/rby1_description/meshes/rby1a/LINK_19.dae
-- Up-to-date symlink: /home/rainbow/rby1_fork_ws/install/rby1_description/share/rby1_description/meshes/rby1a/LINK_19.glb
-- Up-to-date symlink: /home/rainbow/rby1_fork_ws/install/rby1_description/share/rby1_description/meshes/rby1a/LINK_19_v1.1.dae
-- Up-to-date symlink: /home/rainbow/rby1_fork_ws/install/rby1_description/share/rby1_description/meshes/rby1a/LINK_19_v1.1.glb
-- Up-to-date symlink: /home/rainbow/rby1_fork_ws/install/rby1_description/share/rby1_description/meshes/rby1a/LINK_2.dae
-- Up-to-date symlink: /home/rainbow/rby1_fork_ws/install/rby1_description/share/rby1_description/meshes/rby1a/LINK_2.glb
-- Up-to-date symlink: /home/rainbow/rby1_fork_ws/install/rby1_description/share/rby1_description/meshes/rby1a/LINK_20.dae
-- Up-to-date symlink: /home/rainbow/rby1_fork_ws/install/rby1_description/share/rby1_description/meshes/rby1a/LINK_20.glb
-- Up-to-date symlink: /home/rainbow/rby1_fork_ws/install/rby1_description/share/rby1_description/meshes/rby1a/LINK_20_v1.1.dae
-- Up-to-date symlink: /home/rainbow/rby1_fork_ws/install/rby1_description/share/rby1_description/meshes/rby1a/LINK_20_v1.1.glb
-- Up-to-date symlink: /home/rainbow/rby1_fork_ws/install/rby1_description/share/rby1_description/meshes/rby1a/LINK_3.dae
-- Up-to-date symlink: /home/rainbow/rby1_fork_ws/install/rby1_description/share/rby1_description/meshes/rby1a/LINK_3.glb
-- Up-to-date symlink: /home/rainbow/rby1_fork_ws/install/rby1_description/share/rby1_description/meshes/rby1a/LINK_4.dae
-- Up-to-date symlink: /home/rainbow/rby1_fork_ws/install/rby1_description/share/rby1_description/meshes/rby1a/LINK_4.glb
-- Up-to-date symlink: /home/rainbow/rby1_fork_ws/install/rby1_description/share/rby1_description/meshes/rby1a/LINK_5.dae
-- Up-to-date symlink: /home/rainbow/rby1_fork_ws/install/rby1_description/share/rby1_description/meshes/rby1a/LINK_5.glb
-- Up-to-date symlink: /home/rainbow/rby1_fork_ws/install/rby1_description/share/rby1_description/meshes/rby1a/LINK_6.dae
-- Up-to-date symlink: /home/rainbow/rby1_fork_ws/install/rby1_description/share/rby1_description/meshes/rby1a/LINK_6.glb
-- Up-to-date symlink: /home/rainbow/rby1_fork_ws/install/rby1_description/share/rby1_description/meshes/rby1a/LINK_7.dae
-- Up-to-date symlink: /home/rainbow/rby1_fork_ws/install/rby1_description/share/rby1_description/meshes/rby1a/LINK_7.glb
-- Up-to-date symlink: /home/rainbow/rby1_fork_ws/install/rby1_description/share/rby1_description/meshes/rby1a/LINK_8.dae
-- Up-to-date symlink: /home/rainbow/rby1_fork_ws/install/rby1_description/share/rby1_description/meshes/rby1a/LINK_8.glb
-- Up-to-date symlink: /home/rainbow/rby1_fork_ws/install/rby1_description/share/rby1_description/meshes/rby1a/LINK_9.dae
-- Up-to-date symlink: /home/rainbow/rby1_fork_ws/install/rby1_description/share/rby1_description/meshes/rby1a/LINK_9.glb
-- Up-to-date symlink: /home/rainbow/rby1_fork_ws/install/rby1_description/share/rby1_description/meshes/rby1a/NECK_0.dae
-- Up-to-date symlink: /home/rainbow/rby1_fork_ws/install/rby1_description/share/rby1_description/meshes/rby1a/NECK_0.glb
-- Up-to-date symlink: /home/rainbow/rby1_fork_ws/install/rby1_description/share/rby1_description/meshes/rby1a/NECK_1.dae
-- Up-to-date symlink: /home/rainbow/rby1_fork_ws/install/rby1_description/share/rby1_description/meshes/rby1a/NECK_1.glb
-- Up-to-date symlink: /home/rainbow/rby1_fork_ws/install/rby1_description/share/rby1_description/meshes/rby1a/NECK_2.dae
-- Up-to-date symlink: /home/rainbow/rby1_fork_ws/install/rby1_description/share/rby1_description/meshes/rby1a/NECK_2.glb
-- Up-to-date symlink: /home/rainbow/rby1_fork_ws/install/rby1_description/share/rby1_description/meshes/rby1a/PAN_TILT_1.dae
-- Up-to-date symlink: /home/rainbow/rby1_fork_ws/install/rby1_description/share/rby1_description/meshes/rby1a/PAN_TILT_1.glb
-- Up-to-date symlink: /home/rainbow/rby1_fork_ws/install/rby1_description/share/rby1_description/meshes/rby1a/PAN_TILT_2.dae
-- Up-to-date symlink: /home/rainbow/rby1_fork_ws/install/rby1_description/share/rby1_description/meshes/rby1a/PAN_TILT_2.glb
-- Up-to-date symlink: /home/rainbow/rby1_fork_ws/install/rby1_description/share/rby1_description/meshes/rby1a/PAN_TILT_3.dae
-- Up-to-date symlink: /home/rainbow/rby1_fork_ws/install/rby1_description/share/rby1_description/meshes/rby1a/PAN_TILT_3.glb
-- Up-to-date symlink: /home/rainbow/rby1_fork_ws/install/rby1_description/share/rby1_description/meshes/rby1a/WHEEL.dae
-- Up-to-date symlink: /home/rainbow/rby1_fork_ws/install/rby1_description/share/rby1_description/meshes/rby1a/WHEEL.glb
-- Up-to-date symlink: /home/rainbow/rby1_fork_ws/install/rby1_description/share/rby1_description/meshes/rby1a/base.dae
-- Up-to-date symlink: /home/rainbow/rby1_fork_ws/install/rby1_description/share/rby1_description/meshes/rby1a/base.glb
-- Up-to-date symlink: /home/rainbow/rby1_fork_ws/install/rby1_description/share/rby1_description/meshes/rby1m/EE_BODY.dae
-- Up-to-date symlink: /home/rainbow/rby1_fork_ws/install/rby1_description/share/rby1_description/meshes/rby1m/EE_BODY.glb
-- Up-to-date symlink: /home/rainbow/rby1_fork_ws/install/rby1_description/share/rby1_description/meshes/rby1m/EE_FINGER.dae
-- Up-to-date symlink: /home/rainbow/rby1_fork_ws/install/rby1_description/share/rby1_description/meshes/rby1m/EE_FINGER.glb
-- Up-to-date symlink: /home/rainbow/rby1_fork_ws/install/rby1_description/share/rby1_description/meshes/rby1m/EE_GR_TF.dae
-- Up-to-date symlink: /home/rainbow/rby1_fork_ws/install/rby1_description/share/rby1_description/meshes/rby1m/FT_SENSOR_L.dae
-- Up-to-date symlink: /home/rainbow/rby1_fork_ws/install/rby1_description/share/rby1_description/meshes/rby1m/FT_SENSOR_L.glb
-- Up-to-date symlink: /home/rainbow/rby1_fork_ws/install/rby1_description/share/rby1_description/meshes/rby1m/FT_SENSOR_R.dae
-- Up-to-date symlink: /home/rainbow/rby1_fork_ws/install/rby1_description/share/rby1_description/meshes/rby1m/FT_SENSOR_R.glb
-- Up-to-date symlink: /home/rainbow/rby1_fork_ws/install/rby1_description/share/rby1_description/meshes/rby1m/LINK_1.dae
-- Up-to-date symlink: /home/rainbow/rby1_fork_ws/install/rby1_description/share/rby1_description/meshes/rby1m/LINK_1.glb
-- Up-to-date symlink: /home/rainbow/rby1_fork_ws/install/rby1_description/share/rby1_description/meshes/rby1m/LINK_10.dae
-- Up-to-date symlink: /home/rainbow/rby1_fork_ws/install/rby1_description/share/rby1_description/meshes/rby1m/LINK_10.glb
-- Up-to-date symlink: /home/rainbow/rby1_fork_ws/install/rby1_description/share/rby1_description/meshes/rby1m/LINK_11.dae
-- Up-to-date symlink: /home/rainbow/rby1_fork_ws/install/rby1_description/share/rby1_description/meshes/rby1m/LINK_11.glb
-- Up-to-date symlink: /home/rainbow/rby1_fork_ws/install/rby1_description/share/rby1_description/meshes/rby1m/LINK_11_WY.dae
-- Up-to-date symlink: /home/rainbow/rby1_fork_ws/install/rby1_description/share/rby1_description/meshes/rby1m/LINK_12.dae
-- Up-to-date symlink: /home/rainbow/rby1_fork_ws/install/rby1_description/share/rby1_description/meshes/rby1m/LINK_12.glb
-- Up-to-date symlink: /home/rainbow/rby1_fork_ws/install/rby1_description/share/rby1_description/meshes/rby1m/LINK_12_WP.dae
-- Up-to-date symlink: /home/rainbow/rby1_fork_ws/install/rby1_description/share/rby1_description/meshes/rby1m/LINK_12_v1.1.dae
-- Up-to-date symlink: /home/rainbow/rby1_fork_ws/install/rby1_description/share/rby1_description/meshes/rby1m/LINK_12_v1.1.glb
-- Up-to-date symlink: /home/rainbow/rby1_fork_ws/install/rby1_description/share/rby1_description/meshes/rby1m/LINK_13.dae
-- Up-to-date symlink: /home/rainbow/rby1_fork_ws/install/rby1_description/share/rby1_description/meshes/rby1m/LINK_13.glb
-- Up-to-date symlink: /home/rainbow/rby1_fork_ws/install/rby1_description/share/rby1_description/meshes/rby1m/LINK_13_WR.dae
-- Up-to-date symlink: /home/rainbow/rby1_fork_ws/install/rby1_description/share/rby1_description/meshes/rby1m/LINK_13_v1.1.dae
-- Up-to-date symlink: /home/rainbow/rby1_fork_ws/install/rby1_description/share/rby1_description/meshes/rby1m/LINK_13_v1.1.glb
-- Up-to-date symlink: /home/rainbow/rby1_fork_ws/install/rby1_description/share/rby1_description/meshes/rby1m/LINK_14.dae
-- Up-to-date symlink: /home/rainbow/rby1_fork_ws/install/rby1_description/share/rby1_description/meshes/rby1m/LINK_14.glb
-- Up-to-date symlink: /home/rainbow/rby1_fork_ws/install/rby1_description/share/rby1_description/meshes/rby1m/LINK_15.dae
-- Up-to-date symlink: /home/rainbow/rby1_fork_ws/install/rby1_description/share/rby1_description/meshes/rby1m/LINK_15.glb
-- Up-to-date symlink: /home/rainbow/rby1_fork_ws/install/rby1_description/share/rby1_description/meshes/rby1m/LINK_16.dae
-- Up-to-date symlink: /home/rainbow/rby1_fork_ws/install/rby1_description/share/rby1_description/meshes/rby1m/LINK_16.glb
-- Up-to-date symlink: /home/rainbow/rby1_fork_ws/install/rby1_description/share/rby1_description/meshes/rby1m/LINK_17.dae
-- Up-to-date symlink: /home/rainbow/rby1_fork_ws/install/rby1_description/share/rby1_description/meshes/rby1m/LINK_17.glb
-- Up-to-date symlink: /home/rainbow/rby1_fork_ws/install/rby1_description/share/rby1_description/meshes/rby1m/LINK_18.dae
-- Up-to-date symlink: /home/rainbow/rby1_fork_ws/install/rby1_description/share/rby1_description/meshes/rby1m/LINK_18.glb
-- Up-to-date symlink: /home/rainbow/rby1_fork_ws/install/rby1_description/share/rby1_description/meshes/rby1m/LINK_18_WY.dae
-- Up-to-date symlink: /home/rainbow/rby1_fork_ws/install/rby1_description/share/rby1_description/meshes/rby1m/LINK_19.dae
-- Up-to-date symlink: /home/rainbow/rby1_fork_ws/install/rby1_description/share/rby1_description/meshes/rby1m/LINK_19.glb
-- Up-to-date symlink: /home/rainbow/rby1_fork_ws/install/rby1_description/share/rby1_description/meshes/rby1m/LINK_19_WP.dae
-- Up-to-date symlink: /home/rainbow/rby1_fork_ws/install/rby1_description/share/rby1_description/meshes/rby1m/LINK_19_v1.1.dae
-- Up-to-date symlink: /home/rainbow/rby1_fork_ws/install/rby1_description/share/rby1_description/meshes/rby1m/LINK_19_v1.1.glb
-- Up-to-date symlink: /home/rainbow/rby1_fork_ws/install/rby1_description/share/rby1_description/meshes/rby1m/LINK_2.dae
-- Up-to-date symlink: /home/rainbow/rby1_fork_ws/install/rby1_description/share/rby1_description/meshes/rby1m/LINK_2.glb
-- Up-to-date symlink: /home/rainbow/rby1_fork_ws/install/rby1_description/share/rby1_description/meshes/rby1m/LINK_20.dae
-- Up-to-date symlink: /home/rainbow/rby1_fork_ws/install/rby1_description/share/rby1_description/meshes/rby1m/LINK_20.glb
-- Up-to-date symlink: /home/rainbow/rby1_fork_ws/install/rby1_description/share/rby1_description/meshes/rby1m/LINK_20_WR.dae
-- Up-to-date symlink: /home/rainbow/rby1_fork_ws/install/rby1_description/share/rby1_description/meshes/rby1m/LINK_20_v1.1.dae
-- Up-to-date symlink: /home/rainbow/rby1_fork_ws/install/rby1_description/share/rby1_description/meshes/rby1m/LINK_20_v1.1.glb
-- Up-to-date symlink: /home/rainbow/rby1_fork_ws/install/rby1_description/share/rby1_description/meshes/rby1m/LINK_3.dae
-- Up-to-date symlink: /home/rainbow/rby1_fork_ws/install/rby1_description/share/rby1_description/meshes/rby1m/LINK_3.glb
-- Up-to-date symlink: /home/rainbow/rby1_fork_ws/install/rby1_description/share/rby1_description/meshes/rby1m/LINK_4.dae
-- Up-to-date symlink: /home/rainbow/rby1_fork_ws/install/rby1_description/share/rby1_description/meshes/rby1m/LINK_4.glb
-- Up-to-date symlink: /home/rainbow/rby1_fork_ws/install/rby1_description/share/rby1_description/meshes/rby1m/LINK_5.dae
-- Up-to-date symlink: /home/rainbow/rby1_fork_ws/install/rby1_description/share/rby1_description/meshes/rby1m/LINK_5.glb
-- Up-to-date symlink: /home/rainbow/rby1_fork_ws/install/rby1_description/share/rby1_description/meshes/rby1m/LINK_6.dae
-- Up-to-date symlink: /home/rainbow/rby1_fork_ws/install/rby1_description/share/rby1_description/meshes/rby1m/LINK_6.glb
-- Up-to-date symlink: /home/rainbow/rby1_fork_ws/install/rby1_description/share/rby1_description/meshes/rby1m/LINK_7.dae
-- Up-to-date symlink: /home/rainbow/rby1_fork_ws/install/rby1_description/share/rby1_description/meshes/rby1m/LINK_7.glb
-- Up-to-date symlink: /home/rainbow/rby1_fork_ws/install/rby1_description/share/rby1_description/meshes/rby1m/LINK_8.dae
-- Up-to-date symlink: /home/rainbow/rby1_fork_ws/install/rby1_description/share/rby1_description/meshes/rby1m/LINK_8.glb
-- Up-to-date symlink: /home/rainbow/rby1_fork_ws/install/rby1_description/share/rby1_description/meshes/rby1m/LINK_9.dae
-- Up-to-date symlink: /home/rainbow/rby1_fork_ws/install/rby1_description/share/rby1_description/meshes/rby1m/LINK_9.glb
-- Up-to-date symlink: /home/rainbow/rby1_fork_ws/install/rby1_description/share/rby1_description/meshes/rby1m/MECANUM_WHEEL.dae
-- Up-to-date symlink: /home/rainbow/rby1_fork_ws/install/rby1_description/share/rby1_description/meshes/rby1m/MECANUM_WHEEL.glb
-- Up-to-date symlink: /home/rainbow/rby1_fork_ws/install/rby1_description/share/rby1_description/meshes/rby1m/MECANUM_WHEEL_M.dae
-- Up-to-date symlink: /home/rainbow/rby1_fork_ws/install/rby1_description/share/rby1_description/meshes/rby1m/MECANUM_WHEEL_M.glb
-- Up-to-date symlink: /home/rainbow/rby1_fork_ws/install/rby1_description/share/rby1_description/meshes/rby1m/NECK_0.dae
-- Up-to-date symlink: /home/rainbow/rby1_fork_ws/install/rby1_description/share/rby1_description/meshes/rby1m/NECK_0.glb
-- Up-to-date symlink: /home/rainbow/rby1_fork_ws/install/rby1_description/share/rby1_description/meshes/rby1m/NECK_1.dae
-- Up-to-date symlink: /home/rainbow/rby1_fork_ws/install/rby1_description/share/rby1_description/meshes/rby1m/NECK_1.glb
-- Up-to-date symlink: /home/rainbow/rby1_fork_ws/install/rby1_description/share/rby1_description/meshes/rby1m/NECK_2.dae
-- Up-to-date symlink: /home/rainbow/rby1_fork_ws/install/rby1_description/share/rby1_description/meshes/rby1m/NECK_2.glb
-- Up-to-date symlink: /home/rainbow/rby1_fork_ws/install/rby1_description/share/rby1_description/meshes/rby1m/PAN_TILT_1.dae
-- Up-to-date symlink: /home/rainbow/rby1_fork_ws/install/rby1_description/share/rby1_description/meshes/rby1m/PAN_TILT_1.glb
-- Up-to-date symlink: /home/rainbow/rby1_fork_ws/install/rby1_description/share/rby1_description/meshes/rby1m/PAN_TILT_2.dae
-- Up-to-date symlink: /home/rainbow/rby1_fork_ws/install/rby1_description/share/rby1_description/meshes/rby1m/PAN_TILT_2.glb
-- Up-to-date symlink: /home/rainbow/rby1_fork_ws/install/rby1_description/share/rby1_description/meshes/rby1m/PAN_TILT_3.dae
-- Up-to-date symlink: /home/rainbow/rby1_fork_ws/install/rby1_description/share/rby1_description/meshes/rby1m/PAN_TILT_3.glb
-- Up-to-date symlink: /home/rainbow/rby1_fork_ws/install/rby1_description/share/rby1_description/meshes/rby1m/WHEEL.dae
-- Up-to-date symlink: /home/rainbow/rby1_fork_ws/install/rby1_description/share/rby1_description/meshes/rby1m/WHEEL.glb
-- Up-to-date symlink: /home/rainbow/rby1_fork_ws/install/rby1_description/share/rby1_description/meshes/rby1m/WP_Link.dae
-- Up-to-date symlink: /home/rainbow/rby1_fork_ws/install/rby1_description/share/rby1_description/meshes/rby1m/WP_Out.dae
-- Up-to-date symlink: /home/rainbow/rby1_fork_ws/install/rby1_description/share/rby1_description/meshes/rby1m/base.dae
-- Up-to-date symlink: /home/rainbow/rby1_fork_ws/install/rby1_description/share/rby1_description/meshes/rby1m/base.glb
-- Up-to-date symlink: /home/rainbow/rby1_fork_ws/install/rby1_description/share/rby1_description/initial_position/initial_positions_model_A.yaml
-- Up-to-date symlink: /home/rainbow/rby1_fork_ws/install/rby1_description/share/rby1_description/initial_position/initial_positions_model_M.yaml
-- Up-to-date symlink: /home/rainbow/rby1_fork_ws/install/rby1_description/share/rby1_description/rviz/Readme.md
-- Up-to-date symlink: /home/rainbow/rby1_fork_ws/install/rby1_description/share/rby1_description/launch/rby1_state_publisher.launch.py
-- Up-to-date symlink: /home/rainbow/rby1_fork_ws/install/rby1_description/share/ament_index/resource_index/package_run_dependencies/rby1_description
-- Up-to-date symlink: /home/rainbow/rby1_fork_ws/install/rby1_description/share/ament_index/resource_index/parent_prefix_path/rby1_description
-- Up-to-date symlink: /home/rainbow/rby1_fork_ws/install/rby1_description/share/rby1_description/environment/ament_prefix_path.sh
-- Up-to-date symlink: /home/rainbow/rby1_fork_ws/install/rby1_description/share/rby1_description/environment/ament_prefix_path.dsv
-- Up-to-date symlink: /home/rainbow/rby1_fork_ws/install/rby1_description/share/rby1_description/environment/path.sh
-- Up-to-date symlink: /home/rainbow/rby1_fork_ws/install/rby1_description/share/rby1_description/environment/path.dsv
-- Up-to-date symlink: /home/rainbow/rby1_fork_ws/install/rby1_description/share/rby1_description/local_setup.bash
-- Up-to-date symlink: /home/rainbow/rby1_fork_ws/install/rby1_description/share/rby1_description/local_setup.sh
-- Up-to-date symlink: /home/rainbow/rby1_fork_ws/install/rby1_description/share/rby1_description/local_setup.zsh
-- Up-to-date symlink: /home/rainbow/rby1_fork_ws/install/rby1_description/share/rby1_description/local_setup.dsv
-- Symlinking: /home/rainbow/rby1_fork_ws/install/rby1_description/share/rby1_description/package.dsv
-- Up-to-date symlink: /home/rainbow/rby1_fork_ws/install/rby1_description/share/ament_index/resource_index/packages/rby1_description
-- Up-to-date symlink: /home/rainbow/rby1_fork_ws/install/rby1_description/share/rby1_description/cmake/rby1_descriptionConfig.cmake
-- Up-to-date symlink: /home/rainbow/rby1_fork_ws/install/rby1_description/share/rby1_description/cmake/rby1_descriptionConfig-version.cmake
-- Up-to-date symlink: /home/rainbow/rby1_fork_ws/install/rby1_description/share/rby1_description/package.xml
