[0.304s] Invoking command in '/home/rainbow/rby1_fork_ws/build/rby1a_v1_1_moveit_config': /opt/cmake/bin/cmake /home/rainbow/rby1_fork_ws/src/rby1_moveit/rby1a_v1_1_moveit_config -DCMAKE_INSTALL_PREFIX=/home/rainbow/rby1_fork_ws/install/rby1a_v1_1_moveit_config
[0.310s] -- Found ament_cmake: 1.3.12 (/opt/ros/humble/share/ament_cmake/cmake)
[0.492s] Error parsing '/home/rainbow/rby1_fork_ws/src/rby1_moveit/rby1a_v1_1_moveit_config/package.xml':
[0.514s] Traceback (most recent call last):
[0.515s]   File "/opt/ros/humble/share/ament_cmake_core/cmake/core/package_xml_2_cmake.py", line 150, in <module>
[0.515s]     main()
[0.515s]   File "/opt/ros/humble/share/ament_cmake_core/cmake/core/package_xml_2_cmake.py", line 53, in main
[0.515s]     raise e
[0.515s]   File "/opt/ros/humble/share/ament_cmake_core/cmake/core/package_xml_2_cmake.py", line 49, in main
[0.515s]     package = parse_package_string(
[0.515s]   File "/usr/lib/python3/dist-packages/catkin_pkg/package.py", line 788, in parse_package_string
[0.515s]     pkg.validate(warnings=warnings)
[0.515s]   File "/usr/lib/python3/dist-packages/catkin_pkg/package.py", line 330, in validate
[0.515s]     raise InvalidPackage('\n'.join(errors), self.filename)
[0.515s] catkin_pkg.package.InvalidPackage: Error(s) in package '/home/rainbow/rby1_fork_ws/src/rby1_moveit/rby1a_v1_1_moveit_config/package.xml':
[0.515s] Package 'rby1a_v1_1_moveit_config' must declare at least one maintainer
[0.526s] [31mCMake Error at /opt/ros/humble/share/ament_cmake_core/cmake/core/ament_package_xml.cmake:95 (message):
[0.526s]   execute_process(/usr/bin/python3
[0.526s]   /opt/ros/humble/share/ament_cmake_core/cmake/core/package_xml_2_cmake.py
[0.526s]   /home/rainbow/rby1_fork_ws/src/rby1_moveit/rby1a_v1_1_moveit_config/package.xml
[0.526s]   /home/rainbow/rby1_fork_ws/build/rby1a_v1_1_moveit_config/ament_cmake_core/package.cmake)
[0.526s]   returned error code 1
[0.526s] Call Stack (most recent call first):
[0.526s]   /opt/ros/humble/share/ament_cmake_core/cmake/core/ament_package_xml.cmake:49 (_ament_package_xml)
[0.527s]   /opt/ros/humble/share/ament_cmake_core/cmake/core/ament_package.cmake:63 (ament_package_xml)
[0.527s]   CMakeLists.txt:6 (ament_package)
[0.527s] 
[0.527s] [0m
[0.527s] -- Configuring incomplete, errors occurred!
[0.529s] Invoked command in '/home/rainbow/rby1_fork_ws/build/rby1a_v1_1_moveit_config' returned '1': /opt/cmake/bin/cmake /home/rainbow/rby1_fork_ws/src/rby1_moveit/rby1a_v1_1_moveit_config -DCMAKE_INSTALL_PREFIX=/home/rainbow/rby1_fork_ws/install/rby1a_v1_1_moveit_config
